        -:    0:Source:/home/daniela/2ºano/Programação/prog_p4/gtest/googletest/src/gtest.cc
        -:    0:Graph:/home/daniela/2ºano/Programação/prog_p4/cmake-build-debug-coverage/gtest/googletest/CMakeFiles/gtest.dir/src/gtest-all.cc.gcno
        -:    0:Data:/home/daniela/2ºano/Programação/prog_p4/cmake-build-debug-coverage/gtest/googletest/CMakeFiles/gtest.dir/src/gtest-all.cc.gcda
        -:    0:Runs:1
        -:    1:// Copyright 2005, Google Inc.
        -:    2:// All rights reserved.
        -:    3://
        -:    4:// Redistribution and use in source and binary forms, with or without
        -:    5:// modification, are permitted provided that the following conditions are
        -:    6:// met:
        -:    7://
        -:    8://     * Redistributions of source code must retain the above copyright
        -:    9:// notice, this list of conditions and the following disclaimer.
        -:   10://     * Redistributions in binary form must reproduce the above
        -:   11:// copyright notice, this list of conditions and the following disclaimer
        -:   12:// in the documentation and/or other materials provided with the
        -:   13:// distribution.
        -:   14://     * Neither the name of Google Inc. nor the names of its
        -:   15:// contributors may be used to endorse or promote products derived from
        -:   16:// this software without specific prior written permission.
        -:   17://
        -:   18:// THIS SOFTWARE IS PROVIDED BY THE COPYRIGHT HOLDERS AND CONTRIBUTORS
        -:   19:// "AS IS" AND ANY EXPRESS OR IMPLIED WARRANTIES, INCLUDING, BUT NOT
        -:   20:// LIMITED TO, THE IMPLIED WARRANTIES OF MERCHANTABILITY AND FITNESS FOR
        -:   21:// A PARTICULAR PURPOSE ARE DISCLAIMED. IN NO EVENT SHALL THE COPYRIGHT
        -:   22:// OWNER OR CONTRIBUTORS BE LIABLE FOR ANY DIRECT, INDIRECT, INCIDENTAL,
        -:   23:// SPECIAL, EXEMPLARY, OR CONSEQUENTIAL DAMAGES (INCLUDING, BUT NOT
        -:   24:// LIMITED TO, PROCUREMENT OF SUBSTITUTE GOODS OR SERVICES; LOSS OF USE,
        -:   25:// DATA, OR PROFITS; OR BUSINESS INTERRUPTION) HOWEVER CAUSED AND ON ANY
        -:   26:// THEORY OF LIABILITY, WHETHER IN CONTRACT, STRICT LIABILITY, OR TORT
        -:   27:// (INCLUDING NEGLIGENCE OR OTHERWISE) ARISING IN ANY WAY OUT OF THE USE
        -:   28:// OF THIS SOFTWARE, EVEN IF ADVISED OF THE POSSIBILITY OF SUCH DAMAGE.
        -:   29:
        -:   30://
        -:   31:// The Google C++ Testing and Mocking Framework (Google Test)
        -:   32:
        -:   33:#include "gtest/gtest.h"
        -:   34:#include "gtest/internal/custom/gtest.h"
        -:   35:#include "gtest/gtest-spi.h"
        -:   36:
        -:   37:#include <ctype.h>
        -:   38:#include <stdarg.h>
        -:   39:#include <stdio.h>
        -:   40:#include <stdlib.h>
        -:   41:#include <time.h>
        -:   42:#include <wchar.h>
        -:   43:#include <wctype.h>
        -:   44:
        -:   45:#include <algorithm>
        -:   46:#include <chrono>  // NOLINT
        -:   47:#include <cmath>
        -:   48:#include <cstdint>
        -:   49:#include <iomanip>
        -:   50:#include <limits>
        -:   51:#include <list>
        -:   52:#include <map>
        -:   53:#include <ostream>  // NOLINT
        -:   54:#include <sstream>
        -:   55:#include <vector>
        -:   56:
        -:   57:#if GTEST_OS_LINUX
        -:   58:
        -:   59:# include <fcntl.h>  // NOLINT
        -:   60:# include <limits.h>  // NOLINT
        -:   61:# include <sched.h>  // NOLINT
        -:   62:// Declares vsnprintf().  This header is not available on Windows.
        -:   63:# include <strings.h>  // NOLINT
        -:   64:# include <sys/mman.h>  // NOLINT
        -:   65:# include <sys/time.h>  // NOLINT
        -:   66:# include <unistd.h>  // NOLINT
        -:   67:# include <string>
        -:   68:
        -:   69:#elif GTEST_OS_ZOS
        -:   70:# include <sys/time.h>  // NOLINT
        -:   71:
        -:   72:// On z/OS we additionally need strings.h for strcasecmp.
        -:   73:# include <strings.h>  // NOLINT
        -:   74:
        -:   75:#elif GTEST_OS_WINDOWS_MOBILE  // We are on Windows CE.
        -:   76:
        -:   77:# include <windows.h>  // NOLINT
        -:   78:# undef min
        -:   79:
        -:   80:#elif GTEST_OS_WINDOWS  // We are on Windows proper.
        -:   81:
        -:   82:# include <windows.h>  // NOLINT
        -:   83:# undef min
        -:   84:
        -:   85:#ifdef _MSC_VER
        -:   86:# include <crtdbg.h>  // NOLINT
        -:   87:#endif
        -:   88:
        -:   89:# include <io.h>  // NOLINT
        -:   90:# include <sys/timeb.h>  // NOLINT
        -:   91:# include <sys/types.h>  // NOLINT
        -:   92:# include <sys/stat.h>  // NOLINT
        -:   93:
        -:   94:# if GTEST_OS_WINDOWS_MINGW
        -:   95:#  include <sys/time.h>  // NOLINT
        -:   96:# endif  // GTEST_OS_WINDOWS_MINGW
        -:   97:
        -:   98:#else
        -:   99:
        -:  100:// cpplint thinks that the header is already included, so we want to
        -:  101:// silence it.
        -:  102:# include <sys/time.h>  // NOLINT
        -:  103:# include <unistd.h>  // NOLINT
        -:  104:
        -:  105:#endif  // GTEST_OS_LINUX
        -:  106:
        -:  107:#if GTEST_HAS_EXCEPTIONS
        -:  108:# include <stdexcept>
        -:  109:#endif
        -:  110:
        -:  111:#if GTEST_CAN_STREAM_RESULTS_
        -:  112:# include <arpa/inet.h>  // NOLINT
        -:  113:# include <netdb.h>  // NOLINT
        -:  114:# include <sys/socket.h>  // NOLINT
        -:  115:# include <sys/types.h>  // NOLINT
        -:  116:#endif
        -:  117:
        -:  118:#include "src/gtest-internal-inl.h"
        -:  119:
        -:  120:#if GTEST_OS_WINDOWS
        -:  121:# define vsnprintf _vsnprintf
        -:  122:#endif  // GTEST_OS_WINDOWS
        -:  123:
        -:  124:#if GTEST_OS_MAC
        -:  125:#ifndef GTEST_OS_IOS
        -:  126:#include <crt_externs.h>
        -:  127:#endif
        -:  128:#endif
        -:  129:
        -:  130:#if GTEST_HAS_ABSL
        -:  131:#include "absl/debugging/failure_signal_handler.h"
        -:  132:#include "absl/debugging/stacktrace.h"
        -:  133:#include "absl/debugging/symbolize.h"
        -:  134:#include "absl/strings/str_cat.h"
        -:  135:#endif  // GTEST_HAS_ABSL
        -:  136:
        -:  137:namespace testing {
        -:  138:
        -:  139:using internal::CountIf;
        -:  140:using internal::ForEach;
        -:  141:using internal::GetElementOr;
        -:  142:using internal::Shuffle;
        -:  143:
        -:  144:// Constants.
        -:  145:
        -:  146:// A test whose test suite name or test name matches this filter is
        -:  147:// disabled and not run.
        -:  148:static const char kDisableTestFilter[] = "DISABLED_*:*/DISABLED_*";
        -:  149:
        -:  150:// A test suite whose name matches this filter is considered a death
        -:  151:// test suite and will be run before test suites whose name doesn't
        -:  152:// match this filter.
        -:  153:static const char kDeathTestSuiteFilter[] = "*DeathTest:*DeathTest/*";
        -:  154:
        -:  155:// A test filter that matches everything.
        -:  156:static const char kUniversalFilter[] = "*";
        -:  157:
        -:  158:// The default output format.
        -:  159:static const char kDefaultOutputFormat[] = "xml";
        -:  160:// The default output file.
        -:  161:static const char kDefaultOutputFile[] = "test_detail";
        -:  162:
        -:  163:// The environment variable name for the test shard index.
        -:  164:static const char kTestShardIndex[] = "GTEST_SHARD_INDEX";
        -:  165:// The environment variable name for the total number of test shards.
        -:  166:static const char kTestTotalShards[] = "GTEST_TOTAL_SHARDS";
        -:  167:// The environment variable name for the test shard status file.
        -:  168:static const char kTestShardStatusFile[] = "GTEST_SHARD_STATUS_FILE";
        -:  169:
        -:  170:namespace internal {
        -:  171:
        -:  172:// The text used in failure messages to indicate the start of the
        -:  173:// stack trace.
        -:  174:const char kStackTraceMarker[] = "\nStack trace:\n";
        -:  175:
        -:  176:// g_help_flag is true if and only if the --help flag or an equivalent form
        -:  177:// is specified on the command line.
        -:  178:bool g_help_flag = false;
        -:  179:
        -:  180:// Utility function to Open File for Writing
function _ZN7testing8internalL18OpenFileForWritingERKNSt7__cxx1112basic_stringIcSt11char_traitsIcESaIcEEE called 0 returned 0% blocks executed 0%
    #####:  181:static FILE* OpenFileForWriting(const std::string& output_file) {
    #####:  182:  FILE* fileout = nullptr;
    #####:  183:  FilePath output_file_path(output_file);
    %%%%%:  183-block  0
call    0 never executed
call    1 never executed
branch  2 never executed
branch  3 never executed
call    4 never executed
    $$$$$:  183-block  1
call    5 never executed
    #####:  184:  FilePath output_dir(output_file_path.RemoveFileName());
    %%%%%:  184-block  0
call    0 never executed
call    1 never executed
branch  2 never executed
branch  3 never executed
    $$$$$:  184-block  1
call    4 never executed
        -:  185:
    #####:  186:  if (output_dir.CreateDirectoriesRecursively()) {
    %%%%%:  186-block  0
call    0 never executed
branch  1 never executed
branch  2 never executed
    %%%%%:  186-block  1
branch  3 never executed
branch  4 never executed
    #####:  187:    fileout = posix::FOpen(output_file.c_str(), "w");
    %%%%%:  187-block  0
call    0 never executed
call    1 never executed
call    2 never executed
branch  3 never executed
branch  4 never executed
    %%%%%:  187-block  1
        -:  188:  }
    #####:  189:  if (fileout == nullptr) {
    %%%%%:  189-block  0
branch  0 never executed
branch  1 never executed
    #####:  190:    GTEST_LOG_(FATAL) << "Unable to open file \"" << output_file << "\"";
    %%%%%:  190-block  0
call    0 never executed
call    1 never executed
branch  2 never executed
branch  3 never executed
    %%%%%:  190-block  1
call    4 never executed
call    5 never executed
call    6 never executed
call    7 never executed
branch  8 never executed
branch  9 never executed
    %%%%%:  190-block  2
call   10 never executed
call   11 never executed
branch 12 never executed
branch 13 never executed
    %%%%%:  190-block  3
call   14 never executed
branch 15 never executed
branch 16 never executed
    %%%%%:  190-block  4
call   17 never executed
call   18 never executed
    $$$$$:  190-block  5
call   19 never executed
    $$$$$:  190-block  6
call   20 never executed
        -:  191:  }
    #####:  192:  return fileout;
    %%%%%:  192-block  0
call    0 never executed
        -:  193:}
        -:  194:
        -:  195:}  // namespace internal
        -:  196:
        -:  197:// Bazel passes in the argument to '--test_filter' via the TESTBRIDGE_TEST_ONLY
        -:  198:// environment variable.
function _ZN7testingL16GetDefaultFilterEv called 1 returned 100% blocks executed 80%
        1:  199:static const char* GetDefaultFilter() {
        -:  200:  const char* const testbridge_test_only =
        1:  201:      internal::posix::GetEnv("TESTBRIDGE_TEST_ONLY");
        1:  201-block  0
call    0 returned 1
        1:  202:  if (testbridge_test_only != nullptr) {
branch  0 taken 0 (fallthrough)
branch  1 taken 1
    #####:  203:    return testbridge_test_only;
    %%%%%:  203-block  0
        -:  204:  }
        1:  205:  return kUniversalFilter;
        1:  205-block  0
        -:  206:}
        -:  207:
        -:  208:// Bazel passes in the argument to '--test_runner_fail_fast' via the
        -:  209:// TESTBRIDGE_TEST_RUNNER_FAIL_FAST environment variable.
function _ZN7testingL18GetDefaultFailFastEv called 1 returned 100% blocks executed 57%
        1:  210:static bool GetDefaultFailFast() {
        -:  211:  const char* const testbridge_test_runner_fail_fast =
        1:  212:      internal::posix::GetEnv("TESTBRIDGE_TEST_RUNNER_FAIL_FAST");
        1:  212-block  0
call    0 returned 1
        1:  213:  if (testbridge_test_runner_fail_fast != nullptr) {
branch  0 taken 0 (fallthrough)
branch  1 taken 1
    #####:  214:    return strcmp(testbridge_test_runner_fail_fast, "1") == 0;
    %%%%%:  214-block  0
branch  0 never executed
branch  1 never executed
    %%%%%:  214-block  1
    %%%%%:  214-block  2
        -:  215:  }
        1:  216:  return false;
        1:  216-block  0
        -:  217:}
        -:  218:
        -:  219:}  // namespace testing
        -:  220:
        -:  221:GTEST_DEFINE_bool_(
        -:  222:    fail_fast,
        -:  223:    testing::internal::BoolFromGTestEnv("fail_fast",
        -:  224:                                        testing::GetDefaultFailFast()),
        -:  225:    "True if and only if a test failure should stop further test execution.");
        -:  226:
        -:  227:GTEST_DEFINE_bool_(
        -:  228:    also_run_disabled_tests,
        -:  229:    testing::internal::BoolFromGTestEnv("also_run_disabled_tests", false),
        -:  230:    "Run disabled tests too, in addition to the tests normally being run.");
        -:  231:
        -:  232:GTEST_DEFINE_bool_(
        -:  233:    break_on_failure,
        -:  234:    testing::internal::BoolFromGTestEnv("break_on_failure", false),
        -:  235:    "True if and only if a failed assertion should be a debugger "
        -:  236:    "break-point.");
        -:  237:
        -:  238:GTEST_DEFINE_bool_(catch_exceptions,
        -:  239:                   testing::internal::BoolFromGTestEnv("catch_exceptions",
        -:  240:                                                       true),
        -:  241:                   "True if and only if " GTEST_NAME_
        -:  242:                   " should catch exceptions and treat them as test failures.");
        -:  243:
        -:  244:GTEST_DEFINE_string_(
        -:  245:    color, testing::internal::StringFromGTestEnv("color", "auto"),
        -:  246:    "Whether to use colors in the output.  Valid values: yes, no, "
        -:  247:    "and auto.  'auto' means to use colors if the output is "
        -:  248:    "being sent to a terminal and the TERM environment variable "
        -:  249:    "is set to a terminal type that supports colors.");
        -:  250:
        -:  251:GTEST_DEFINE_string_(
        -:  252:    filter,
        -:  253:    testing::internal::StringFromGTestEnv("filter",
        -:  254:                                          testing::GetDefaultFilter()),
        -:  255:    "A colon-separated list of glob (not regex) patterns "
        -:  256:    "for filtering the tests to run, optionally followed by a "
        -:  257:    "'-' and a : separated list of negative patterns (tests to "
        -:  258:    "exclude).  A test is run if it matches one of the positive "
        -:  259:    "patterns and does not match any of the negative patterns.");
        -:  260:
        -:  261:GTEST_DEFINE_bool_(
        -:  262:    install_failure_signal_handler,
        -:  263:    testing::internal::BoolFromGTestEnv("install_failure_signal_handler",
        -:  264:                                        false),
        -:  265:    "If true and supported on the current platform, " GTEST_NAME_
        -:  266:    " should "
        -:  267:    "install a signal handler that dumps debugging information when fatal "
        -:  268:    "signals are raised.");
        -:  269:
        -:  270:GTEST_DEFINE_bool_(list_tests, false,
        -:  271:                   "List all tests without running them.");
        -:  272:
        -:  273:// The net priority order after flag processing is thus:
        -:  274://   --gtest_output command line flag
        -:  275://   GTEST_OUTPUT environment variable
        -:  276://   XML_OUTPUT_FILE environment variable
        -:  277://   ''
        -:  278:GTEST_DEFINE_string_(
        -:  279:    output,
        -:  280:    testing::internal::StringFromGTestEnv(
        -:  281:        "output", testing::internal::OutputFlagAlsoCheckEnvVar().c_str()),
        -:  282:    "A format (defaults to \"xml\" but can be specified to be \"json\"), "
        -:  283:    "optionally followed by a colon and an output file name or directory. "
        -:  284:    "A directory is indicated by a trailing pathname separator. "
        -:  285:    "Examples: \"xml:filename.xml\", \"xml::directoryname/\". "
        -:  286:    "If a directory is specified, output files will be created "
        -:  287:    "within that directory, with file-names based on the test "
        -:  288:    "executable's name and, if necessary, made unique by adding "
        -:  289:    "digits.");
        -:  290:
        -:  291:GTEST_DEFINE_bool_(
        -:  292:    brief, testing::internal::BoolFromGTestEnv("brief", false),
        -:  293:    "True if only test failures should be displayed in text output.");
        -:  294:
        -:  295:GTEST_DEFINE_bool_(print_time,
        -:  296:                   testing::internal::BoolFromGTestEnv("print_time", true),
        -:  297:                   "True if and only if " GTEST_NAME_
        -:  298:                   " should display elapsed time in text output.");
        -:  299:
        -:  300:GTEST_DEFINE_bool_(print_utf8,
        -:  301:                   testing::internal::BoolFromGTestEnv("print_utf8", true),
        -:  302:                   "True if and only if " GTEST_NAME_
        -:  303:                   " prints UTF8 characters as text.");
        -:  304:
        -:  305:GTEST_DEFINE_int32_(
        -:  306:    random_seed, testing::internal::Int32FromGTestEnv("random_seed", 0),
        -:  307:    "Random number seed to use when shuffling test orders.  Must be in range "
        -:  308:    "[1, 99999], or 0 to use a seed based on the current time.");
        -:  309:
        -:  310:GTEST_DEFINE_int32_(
        -:  311:    repeat, testing::internal::Int32FromGTestEnv("repeat", 1),
        -:  312:    "How many times to repeat each test.  Specify a negative number "
        -:  313:    "for repeating forever.  Useful for shaking out flaky tests.");
        -:  314:
        -:  315:GTEST_DEFINE_bool_(
        -:  316:    recreate_environments_when_repeating,
        -:  317:    testing::internal::BoolFromGTestEnv("recreate_environments_when_repeating",
        -:  318:                                        true),
        -:  319:    "Controls whether global test environments are recreated for each repeat "
        -:  320:    "of the tests. If set to false the global test environments are only set "
        -:  321:    "up once, for the first iteration, and only torn down once, for the last. "
        -:  322:    "Useful for shaking out flaky tests with stable, expensive test "
        -:  323:    "environments. If --gtest_repeat is set to a negative number, meaning "
        -:  324:    "there is no last run, the environments will always be recreated to avoid "
        -:  325:    "leaks.");
        -:  326:
        -:  327:GTEST_DEFINE_bool_(show_internal_stack_frames, false,
        -:  328:                   "True if and only if " GTEST_NAME_
        -:  329:                   " should include internal stack frames when "
        -:  330:                   "printing test failure stack traces.");
        -:  331:
        -:  332:GTEST_DEFINE_bool_(shuffle,
        -:  333:                   testing::internal::BoolFromGTestEnv("shuffle", false),
        -:  334:                   "True if and only if " GTEST_NAME_
        -:  335:                   " should randomize tests' order on every run.");
        -:  336:
        -:  337:GTEST_DEFINE_int32_(
        -:  338:    stack_trace_depth,
        -:  339:    testing::internal::Int32FromGTestEnv("stack_trace_depth",
        -:  340:                                         testing::kMaxStackTraceDepth),
        -:  341:    "The maximum number of stack frames to print when an "
        -:  342:    "assertion fails.  The valid range is 0 through 100, inclusive.");
        -:  343:
        -:  344:GTEST_DEFINE_string_(
        -:  345:    stream_result_to,
        -:  346:    testing::internal::StringFromGTestEnv("stream_result_to", ""),
        -:  347:    "This flag specifies the host name and the port number on which to stream "
        -:  348:    "test results. Example: \"localhost:555\". The flag is effective only on "
        -:  349:    "Linux.");
        -:  350:
        -:  351:GTEST_DEFINE_bool_(
        -:  352:    throw_on_failure,
        -:  353:    testing::internal::BoolFromGTestEnv("throw_on_failure", false),
        -:  354:    "When this flag is specified, a failed assertion will throw an exception "
        -:  355:    "if exceptions are enabled or exit the program with a non-zero code "
        -:  356:    "otherwise. For use with an external test framework.");
        -:  357:
        -:  358:#if GTEST_USE_OWN_FLAGFILE_FLAG_
        -:  359:GTEST_DEFINE_string_(
        -:  360:    flagfile, testing::internal::StringFromGTestEnv("flagfile", ""),
        -:  361:    "This flag specifies the flagfile to read command-line flags from.");
        -:  362:#endif  // GTEST_USE_OWN_FLAGFILE_FLAG_
        -:  363:
        -:  364:namespace testing {
        -:  365:namespace internal {
        -:  366:
        -:  367:// Generates a random number from [0, range), using a Linear
        -:  368:// Congruential Generator (LCG).  Crashes if 'range' is 0 or greater
        -:  369:// than kMaxRange.
function _ZN7testing8internal6Random8GenerateEj called 0 returned 0% blocks executed 0%
    #####:  370:uint32_t Random::Generate(uint32_t range) {
        -:  371:  // These constants are the same as are used in glibc's rand(3).
        -:  372:  // Use wider types than necessary to prevent unsigned overflow diagnostics.
    #####:  373:  state_ = static_cast<uint32_t>(1103515245ULL*state_ + 12345U) % kMaxRange;
    %%%%%:  373-block  0
call    0 never executed
call    1 never executed
        -:  374:
    #####:  375:  GTEST_CHECK_(range > 0)
call    0 never executed
branch  1 never executed
branch  2 never executed
    %%%%%:  375-block  0
call    3 never executed
call    4 never executed
call    5 never executed
call    6 never executed
    %%%%%:  375-block  1
call    7 never executed
call    8 never executed
    $$$$$:  375-block  2
call    9 never executed
    $$$$$:  375-block  3
call   10 never executed
    #####:  376:      << "Cannot generate a number in the range [0, 0).";
call    0 never executed
call    1 never executed
branch  2 never executed
branch  3 never executed
    %%%%%:  376-block  0
call    4 never executed
branch  5 never executed
branch  6 never executed
    #####:  377:  GTEST_CHECK_(range <= kMaxRange)
    %%%%%:  377-block  0
call    0 never executed
branch  1 never executed
branch  2 never executed
    %%%%%:  377-block  1
call    3 never executed
call    4 never executed
call    5 never executed
call    6 never executed
    %%%%%:  377-block  2
call    7 never executed
call    8 never executed
    $$$$$:  377-block  3
call    9 never executed
    $$$$$:  377-block  4
call   10 never executed
    #####:  378:      << "Generation of a number in [0, " << range << ") was requested, "
call    0 never executed
call    1 never executed
branch  2 never executed
branch  3 never executed
    %%%%%:  378-block  0
call    4 never executed
branch  5 never executed
branch  6 never executed
    %%%%%:  378-block  1
call    7 never executed
call    8 never executed
call    9 never executed
call   10 never executed
branch 11 never executed
branch 12 never executed
    #####:  379:      << "but this can only generate numbers in [0, " << kMaxRange << ").";
    %%%%%:  379-block  0
call    0 never executed
call    1 never executed
branch  2 never executed
branch  3 never executed
    %%%%%:  379-block  1
call    4 never executed
branch  5 never executed
branch  6 never executed
    %%%%%:  379-block  2
call    7 never executed
call    8 never executed
call    9 never executed
call   10 never executed
branch 11 never executed
branch 12 never executed
    %%%%%:  379-block  3
call   13 never executed
call   14 never executed
branch 15 never executed
branch 16 never executed
        -:  380:
        -:  381:  // Converting via modulus introduces a bit of downward bias, but
        -:  382:  // it's simple, and a linear congruential generator isn't too good
        -:  383:  // to begin with.
    #####:  384:  return state_ % range;
    %%%%%:  384-block  0
call    0 never executed
branch  1 never executed
branch  2 never executed
    %%%%%:  384-block  1
    %%%%%:  384-block  2
    %%%%%:  384-block  3
        -:  385:}
        -:  386:
        -:  387:// GTestIsInitialized() returns true if and only if the user has initialized
        -:  388:// Google Test.  Useful for catching the user mistake of not initializing
        -:  389:// Google Test before calling RUN_ALL_TESTS().
function _ZN7testing8internalL18GTestIsInitializedEv called 2 returned 100% blocks executed 100%
        2:  390:static bool GTestIsInitialized() { return GetArgvs().size() > 0; }
        2:  390-block  0
call    0 returned 2
call    1 returned 2
call    2 returned 2
call    3 returned 2
call    4 returned 2
call    5 returned 2
        -:  391:
        -:  392:// Iterates over a vector of TestSuites, keeping a running sum of the
        -:  393:// results of calling a given int-returning method on each.
        -:  394:// Returns the sum.
function _ZN7testing8internalL20SumOverTestSuiteListERKSt6vectorIPNS_9TestSuiteESaIS3_EEMS2_KFivE called 5 returned 100% blocks executed 77%
        5:  395:static int SumOverTestSuiteList(const std::vector<TestSuite*>& case_list,
        -:  396:                                int (TestSuite::*method)() const) {
        5:  397:  int sum = 0;
       10:  398:  for (size_t i = 0; i < case_list.size(); i++) {
        5:  398-block  0
       10:  398-block  1
call    0 returned 10
call    1 returned 10
branch  2 taken 5 (fallthrough)
branch  3 taken 5
       5*:  399:    sum += (case_list[i]->*method)();
        5:  399-block  0
call    0 returned 5
call    1 returned 5
call    2 returned 5
call    3 returned 5
call    4 returned 5
call    5 returned 5
call    6 returned 5
branch  7 taken 5 (fallthrough)
branch  8 taken 0
        5:  399-block  1
    %%%%%:  399-block  2
call    9 never executed
call   10 never executed
call   11 never executed
call   12 never executed
        5:  399-block  3
call   13 returned 5
        -:  400:  }
        5:  401:  return sum;
        5:  401-block  0
        -:  402:}
        -:  403:
        -:  404:// Returns true if and only if the test suite passed.
function _ZN7testing8internalL15TestSuitePassedEPKNS_9TestSuiteE called 0 returned 0% blocks executed 0%
    #####:  405:static bool TestSuitePassed(const TestSuite* test_suite) {
    #####:  406:  return test_suite->should_run() && test_suite->Passed();
    %%%%%:  406-block  0
call    0 never executed
call    1 never executed
call    2 never executed
call    3 never executed
branch  4 never executed
branch  5 never executed
    %%%%%:  406-block  1
call    6 never executed
call    7 never executed
call    8 never executed
call    9 never executed
branch 10 never executed
branch 11 never executed
    %%%%%:  406-block  2
    %%%%%:  406-block  3
    %%%%%:  406-block  4
        -:  407:}
        -:  408:
        -:  409:// Returns true if and only if the test suite failed.
function _ZN7testing8internalL15TestSuiteFailedEPKNS_9TestSuiteE called 2 returned 100% blocks executed 93%
        2:  410:static bool TestSuiteFailed(const TestSuite* test_suite) {
       2*:  411:  return test_suite->should_run() && test_suite->Failed();
        2:  411-block  0
call    0 returned 2
call    1 returned 2
call    2 returned 2
call    3 returned 2
branch  4 taken 2 (fallthrough)
branch  5 taken 0
        2:  411-block  1
call    6 returned 2
call    7 returned 2
call    8 returned 2
call    9 returned 2
branch 10 taken 0 (fallthrough)
branch 11 taken 2
    %%%%%:  411-block  2
        2:  411-block  3
        2:  411-block  4
        -:  412:}
        -:  413:
        -:  414:// Returns true if and only if test_suite contains at least one test that
        -:  415:// should run.
function _ZN7testing8internalL18ShouldRunTestSuiteEPKNS_9TestSuiteE called 2 returned 100% blocks executed 100%
        2:  416:static bool ShouldRunTestSuite(const TestSuite* test_suite) {
        2:  417:  return test_suite->should_run();
        2:  417-block  0
call    0 returned 2
call    1 returned 2
call    2 returned 2
call    3 returned 2
        -:  418:}
        -:  419:
        -:  420:// AssertHelper constructor.
function _ZN7testing8internal12AssertHelperC2ENS_14TestPartResult4TypeEPKciS5_ called 0 returned 0% blocks executed 0%
    #####:  421:AssertHelper::AssertHelper(TestPartResult::Type type,
        -:  422:                           const char* file,
        -:  423:                           int line,
    #####:  424:                           const char* message)
    %%%%%:  424-block  0
call    0 never executed
    #####:  425:    : data_(new AssertHelperData(type, file, line, message)) {
call    0 never executed
call    1 never executed
call    2 never executed
branch  3 never executed
branch  4 never executed
    %%%%%:  425-block  0
call    5 never executed
    $$$$$:  425-block  1
call    6 never executed
    #####:  426:}
        -:  427:
function _ZN7testing8internal12AssertHelperD2Ev called 0 returned 0% blocks executed 0%
    #####:  428:AssertHelper::~AssertHelper() {
    %%%%%:  428-block  0
call    0 never executed
    #####:  429:  delete data_;
    %%%%%:  429-block  0
call    0 never executed
branch  1 never executed
branch  2 never executed
    %%%%%:  429-block  1
call    3 never executed
call    4 never executed
call    5 never executed
call    6 never executed
call    7 never executed
call    8 never executed
    #####:  430:}
        -:  431:
        -:  432:// Message assignment, for assertion streaming support.
function _ZNK7testing8internal12AssertHelperaSERKNS_7MessageE called 0 returned 0% blocks executed 0%
    #####:  433:void AssertHelper::operator=(const Message& message) const {
    #####:  434:  UnitTest::GetInstance()->
    %%%%%:  434-block  0
call    0 never executed
    #####:  435:    AddTestPartResult(data_->type, data_->file, data_->line,
call    0 never executed
call    1 never executed
call    2 never executed
call    3 never executed
call    4 never executed
call    5 never executed
call    6 never executed
call    7 never executed
call    8 never executed
call    9 never executed
call   10 never executed
branch 11 never executed
branch 12 never executed
    %%%%%:  435-block  0
    %%%%%:  435-block  1
call   13 never executed
branch 14 never executed
branch 15 never executed
    #####:  436:                      AppendUserMessage(data_->message, message),
call    0 never executed
call    1 never executed
call    2 never executed
call    3 never executed
call    4 never executed
call    5 never executed
call    6 never executed
call    7 never executed
call    8 never executed
branch  9 never executed
branch 10 never executed
    %%%%%:  436-block  0
call   11 never executed
    %%%%%:  436-block  1
call   12 never executed
call   13 never executed
    $$$$$:  436-block  2
call   14 never executed
    $$$$$:  436-block  3
call   15 never executed
    #####:  437:                      UnitTest::GetInstance()->impl()
call    0 never executed
call    1 never executed
call    2 never executed
call    3 never executed
    #####:  438:                      ->CurrentOsStackTraceExceptTop(1)
call    0 never executed
call    1 never executed
call    2 never executed
call    3 never executed
call    4 never executed
call    5 never executed
    $$$$$:  438-block  0
call    6 never executed
    $$$$$:  438-block  1
call    7 never executed
        -:  439:                      // Skips the stack frame for this function itself.
        -:  440:                      );  // NOLINT
    #####:  441:}
        -:  442:
        -:  443:namespace {
        -:  444:
        -:  445:// When TEST_P is found without a matching INSTANTIATE_TEST_SUITE_P
        -:  446:// to creates test cases for it, a synthetic test case is
        -:  447:// inserted to report ether an error or a log message.
        -:  448://
        -:  449:// This configuration bit will likely be removed at some point.
        -:  450:constexpr bool kErrorOnUninstantiatedParameterizedTest = true;
        -:  451:constexpr bool kErrorOnUninstantiatedTypeParameterizedTest = true;
        -:  452:
        -:  453:// A test that fails at a given file/line location with a given message.
        -:  454:class FailureTest : public Test {
        -:  455: public:
function _ZN7testing8internal12_GLOBAL__N_111FailureTestC2ERKNS0_12CodeLocationENSt7__cxx1112basic_stringIcSt11char_traitsIcESaIcEEEb called 0 returned 0% blocks executed 0%
    #####:  456:  explicit FailureTest(const CodeLocation& loc, std::string error_message,
        -:  457:                       bool as_error)
    #####:  458:      : loc_(loc),
    %%%%%:  458-block  0
call    0 never executed
call    1 never executed
    #####:  459:        error_message_(std::move(error_message)),
call    0 never executed
    #####:  460:        as_error_(as_error) {}
call    0 never executed
call    1 never executed
call    2 never executed
call    3 never executed
call    4 never executed
call    5 never executed
call    6 never executed
call    7 never executed
call    8 never executed
branch  9 never executed
branch 10 never executed
    %%%%%:  460-block  0
call   11 never executed
call   12 never executed
call   13 never executed
call   14 never executed
call   15 never executed
call   16 never executed
call   17 never executed
call   18 never executed
call   19 never executed
    $$$$$:  460-block  1
call   20 never executed
call   21 never executed
call   22 never executed
call   23 never executed
call   24 never executed
        -:  461:
function _ZN7testing8internal12_GLOBAL__N_111FailureTest8TestBodyEv called 0 returned 0% blocks executed 0%
    #####:  462:  void TestBody() override {
    #####:  463:    if (as_error_) {
    %%%%%:  463-block  0
call    0 never executed
call    1 never executed
call    2 never executed
branch  3 never executed
branch  4 never executed
    %%%%%:  463-block  1
    %%%%%:  463-block  2
branch  5 never executed
branch  6 never executed
    #####:  464:      AssertHelper(TestPartResult::kNonFatalFailure, loc_.file.c_str(),
call    0 never executed
call    1 never executed
call    2 never executed
call    3 never executed
call    4 never executed
call    5 never executed
branch  6 never executed
branch  7 never executed
    %%%%%:  464-block  0
call    8 never executed
call    9 never executed
    $$$$$:  464-block  1
call   10 never executed
    $$$$$:  464-block  2
call   11 never executed
    #####:  465:                   loc_.line, "") = Message() << error_message_;
    %%%%%:  465-block  0
call    0 never executed
call    1 never executed
call    2 never executed
call    3 never executed
call    4 never executed
call    5 never executed
call    6 never executed
call    7 never executed
call    8 never executed
branch  9 never executed
branch 10 never executed
    %%%%%:  465-block  1
call   11 never executed
call   12 never executed
call   13 never executed
call   14 never executed
call   15 never executed
call   16 never executed
call   17 never executed
    %%%%%:  465-block  2
call   18 never executed
call   19 never executed
branch 20 never executed
branch 21 never executed
call   22 never executed
call   23 never executed
    $$$$$:  465-block  3
call   24 never executed
    $$$$$:  465-block  4
call   25 never executed
        -:  466:    } else {
    #####:  467:      std::cout << error_message_ << std::endl;
    %%%%%:  467-block  0
call    0 never executed
call    1 never executed
call    2 never executed
call    3 never executed
call    4 never executed
call    5 never executed
call    6 never executed
call    7 never executed
call    8 never executed
call    9 never executed
        -:  468:    }
    #####:  469:  }
    %%%%%:  469-block  0
        -:  470:
        -:  471: private:
        -:  472:  const CodeLocation loc_;
        -:  473:  const std::string error_message_;
        -:  474:  const bool as_error_;
        -:  475:};
        -:  476:
        -:  477:
        -:  478:}  // namespace
        -:  479:
function _ZN7testing8internal33GetIgnoredParameterizedTestSuitesB5cxx11Ev called 1 returned 100% blocks executed 100%
        1:  480:std::set<std::string>* GetIgnoredParameterizedTestSuites() {
        1:  481:  return UnitTest::GetInstance()->impl()->ignored_parameterized_test_suites();
        1:  481-block  0
call    0 returned 1
call    1 returned 1
call    2 returned 1
call    3 returned 1
call    4 returned 1
call    5 returned 1
call    6 returned 1
call    7 returned 1
call    8 returned 1
        -:  482:}
        -:  483:
        -:  484:// Add a given test_suit to the list of them allow to go un-instantiated.
function _ZN7testing8internal13MarkAsIgnoredC2EPKc called 0 returned 0% blocks executed 0%
    #####:  485:MarkAsIgnored::MarkAsIgnored(const char* test_suite) {
    #####:  486:  GetIgnoredParameterizedTestSuites()->insert(test_suite);
    %%%%%:  486-block  0
call    0 never executed
call    1 never executed
call    2 never executed
call    3 never executed
call    4 never executed
call    5 never executed
branch  6 never executed
branch  7 never executed
    %%%%%:  486-block  1
call    8 never executed
call    9 never executed
branch 10 never executed
branch 11 never executed
    %%%%%:  486-block  2
call   12 never executed
call   13 never executed
call   14 never executed
call   15 never executed
    $$$$$:  486-block  3
call   16 never executed
    $$$$$:  486-block  4
call   17 never executed
    $$$$$:  486-block  5
call   18 never executed
    $$$$$:  486-block  6
call   19 never executed
    #####:  487:}
        -:  488:
        -:  489:// If this parameterized test suite has no instantiations (and that
        -:  490:// has not been marked as okay), emit a test case reporting that.
function _ZN7testing8internal23InsertSyntheticTestCaseERKNSt7__cxx1112basic_stringIcSt11char_traitsIcESaIcEEENS0_12CodeLocationEb called 0 returned 0% blocks executed 0%
    #####:  491:void InsertSyntheticTestCase(const std::string& name, CodeLocation location,
        -:  492:                             bool has_test_p) {
    #####:  493:  const auto& ignored = *GetIgnoredParameterizedTestSuites();
    %%%%%:  493-block  0
call    0 never executed
branch  1 never executed
branch  2 never executed
    %%%%%:  493-block  1
call    3 never executed
    #####:  494:  if (ignored.find(name) != ignored.end()) return;
call    0 never executed
call    1 never executed
call    2 never executed
call    3 never executed
call    4 never executed
call    5 never executed
call    6 never executed
call    7 never executed
branch  8 never executed
branch  9 never executed
    %%%%%:  494-block  0
call   10 never executed
call   11 never executed
call   12 never executed
call   13 never executed
branch 14 never executed
branch 15 never executed
    %%%%%:  494-block  1
    $$$$$:  494-block  2
call   16 never executed
        -:  495:
    #####:  496:  const char kMissingInstantiation[] =  //
    %%%%%:  496-block  0
call    0 never executed
        -:  497:      " is defined via TEST_P, but never instantiated. None of the test cases "
        -:  498:      "will run. Either no INSTANTIATE_TEST_SUITE_P is provided or the only "
        -:  499:      "ones provided expand to nothing."
        -:  500:      "\n\n"
        -:  501:      "Ideally, TEST_P definitions should only ever be included as part of "
        -:  502:      "binaries that intend to use them. (As opposed to, for example, being "
        -:  503:      "placed in a library that may be linked in to get other utilities.)";
        -:  504:
    #####:  505:  const char kMissingTestCase[] =  //
call    0 never executed
        -:  506:      " is instantiated via INSTANTIATE_TEST_SUITE_P, but no tests are "
        -:  507:      "defined via TEST_P . No test cases will run."
        -:  508:      "\n\n"
        -:  509:      "Ideally, INSTANTIATE_TEST_SUITE_P should only ever be invoked from "
        -:  510:      "code that always depend on code that provides TEST_P. Failing to do "
        -:  511:      "so is often an indication of dead code, e.g. the last TEST_P was "
        -:  512:      "removed but the rest got left behind.";
        -:  513:
    #####:  514:  std::string message =
call    0 never executed
    #####:  515:      "Parameterized test suite " + name +
call    0 never executed
branch  1 never executed
branch  2 never executed
    %%%%%:  515-block  0
    %%%%%:  515-block  1
    %%%%%:  515-block  2
call    3 never executed
call    4 never executed
call    5 never executed
branch  6 never executed
branch  7 never executed
    %%%%%:  515-block  3
call    8 never executed
call    9 never executed
branch 10 never executed
branch 11 never executed
    %%%%%:  515-block  4
call   12 never executed
call   13 never executed
call   14 never executed
    $$$$$:  515-block  5
call   15 never executed
    $$$$$:  515-block  6
call   16 never executed
    #####:  516:      (has_test_p ? kMissingInstantiation : kMissingTestCase) +
call    0 never executed
call    1 never executed
branch  2 never executed
branch  3 never executed
    %%%%%:  516-block  0
call    4 never executed
call    5 never executed
    $$$$$:  516-block  1
call    6 never executed
        -:  517:      "\n\n"
        -:  518:      "To suppress this error for this test suite, insert the following line "
        -:  519:      "(in a non-header) in the namespace it is defined in:"
        -:  520:      "\n\n"
    #####:  521:      "GTEST_ALLOW_UNINSTANTIATED_PARAMETERIZED_TEST(" + name + ");";
call    0 never executed
call    1 never executed
call    2 never executed
branch  3 never executed
branch  4 never executed
    %%%%%:  521-block  0
call    5 never executed
call    6 never executed
branch  7 never executed
branch  8 never executed
call    9 never executed
call   10 never executed
    $$$$$:  521-block  1
call   11 never executed
    $$$$$:  521-block  2
call   12 never executed
        -:  522:
    #####:  523:  std::string full_name = "UninstantiatedParameterizedTestSuite<" + name + ">";
call    0 never executed
call    1 never executed
call    2 never executed
call    3 never executed
branch  4 never executed
branch  5 never executed
    %%%%%:  523-block  0
call    6 never executed
call    7 never executed
branch  8 never executed
branch  9 never executed
call   10 never executed
call   11 never executed
    $$$$$:  523-block  1
call   12 never executed
    $$$$$:  523-block  2
call   13 never executed
    #####:  524:  RegisterTest(  //
call    0 never executed
call    1 never executed
branch  2 never executed
branch  3 never executed
    %%%%%:  524-block  0
call    4 never executed
branch  5 never executed
branch  6 never executed
    %%%%%:  524-block  1
call    7 never executed
call    8 never executed
call    9 never executed
call   10 never executed
call   11 never executed
call   12 never executed
branch 13 never executed
branch 14 never executed
    %%%%%:  524-block  2
call   15 never executed
call   16 never executed
    $$$$$:  524-block  3
call   17 never executed
    $$$$$:  524-block  4
call   18 never executed
        -:  525:      "GoogleTestVerification", full_name.c_str(),
        -:  526:      nullptr,  // No type parameter.
        -:  527:      nullptr,  // No value parameter.
function _ZZN7testing8internal23InsertSyntheticTestCaseERKNSt7__cxx1112basic_stringIcSt11char_traitsIcESaIcEEENS0_12CodeLocationEbENKUlvE_clEv called 0 returned 0% blocks executed 0%
    #####:  528:      location.file.c_str(), location.line, [message, location] {
    #####:  529:        return new FailureTest(location, message,
call    0 never executed
call    1 never executed
call    2 never executed
    #####:  530:                               kErrorOnUninstantiatedParameterizedTest);
    %%%%%:  530-block  0
call    0 never executed
call    1 never executed
call    2 never executed
branch  3 never executed
branch  4 never executed
    %%%%%:  530-block  1
call    5 never executed
call    6 never executed
branch  7 never executed
branch  8 never executed
    %%%%%:  530-block  2
call    9 never executed
call   10 never executed
    $$$$$:  530-block  3
call   11 never executed
    $$$$$:  530-block  4
call   12 never executed
    $$$$$:  530-block  5
call   13 never executed
        -:  531:      });
        -:  532:}
        -:  533:
function _ZN7testing8internal34RegisterTypeParameterizedTestSuiteEPKcNS0_12CodeLocationE called 0 returned 0% blocks executed 0%
    #####:  534:void RegisterTypeParameterizedTestSuite(const char* test_suite_name,
        -:  535:                                        CodeLocation code_location) {
    #####:  536:  GetUnitTestImpl()->type_parameterized_test_registry().RegisterTestSuite(
    %%%%%:  536-block  0
call    0 never executed
call    1 never executed
call    2 never executed
call    3 never executed
call    4 never executed
call    5 never executed
call    6 never executed
call    7 never executed
call    8 never executed
branch  9 never executed
branch 10 never executed
    %%%%%:  536-block  1
call   11 never executed
call   12 never executed
    $$$$$:  536-block  2
call   13 never executed
    $$$$$:  536-block  3
call   14 never executed
        -:  537:      test_suite_name, code_location);
    #####:  538:}
        -:  539:
function _ZN7testing8internal47RegisterTypeParameterizedTestSuiteInstantiationEPKc called 0 returned 0% blocks executed 0%
    #####:  540:void RegisterTypeParameterizedTestSuiteInstantiation(const char* case_name) {
    #####:  541:  GetUnitTestImpl()
    %%%%%:  541-block  0
call    0 never executed
    #####:  542:      ->type_parameterized_test_registry()
call    0 never executed
call    1 never executed
call    2 never executed
call    3 never executed
    #####:  543:      .RegisterInstantiation(case_name);
call    0 never executed
call    1 never executed
    #####:  544:}
        -:  545:
function _ZN7testing8internal34TypeParameterizedTestSuiteRegistry17RegisterTestSuiteEPKcNS0_12CodeLocationE called 0 returned 0% blocks executed 0%
    #####:  546:void TypeParameterizedTestSuiteRegistry::RegisterTestSuite(
        -:  547:    const char* test_suite_name, CodeLocation code_location) {
    #####:  548:  suites_.emplace(std::string(test_suite_name),
    %%%%%:  548-block  0
call    0 never executed
call    1 never executed
call    2 never executed
call    3 never executed
call    4 never executed
branch  5 never executed
branch  6 never executed
    %%%%%:  548-block  1
call    7 never executed
    %%%%%:  548-block  2
call    8 never executed
call    9 never executed
call   10 never executed
call   11 never executed
    $$$$$:  548-block  3
call   12 never executed
    $$$$$:  548-block  4
call   13 never executed
    $$$$$:  548-block  5
call   14 never executed
    $$$$$:  548-block  6
call   15 never executed
    #####:  549:                 TypeParameterizedTestSuiteInfo(code_location));
call    0 never executed
call    1 never executed
call    2 never executed
call    3 never executed
call    4 never executed
branch  5 never executed
branch  6 never executed
    %%%%%:  549-block  0
call    7 never executed
call    8 never executed
branch  9 never executed
branch 10 never executed
call   11 never executed
call   12 never executed
call   13 never executed
call   14 never executed
    $$$$$:  549-block  1
call   15 never executed
    $$$$$:  549-block  2
call   16 never executed
    $$$$$:  549-block  3
call   17 never executed
    $$$$$:  549-block  4
call   18 never executed
    #####:  550:}
        -:  551:
function _ZN7testing8internal34TypeParameterizedTestSuiteRegistry21RegisterInstantiationEPKc called 0 returned 0% blocks executed 0%
    #####:  552:void TypeParameterizedTestSuiteRegistry::RegisterInstantiation(
        -:  553:        const char* test_suite_name) {
    #####:  554:  auto it = suites_.find(std::string(test_suite_name));
    %%%%%:  554-block  0
call    0 never executed
call    1 never executed
call    2 never executed
call    3 never executed
call    4 never executed
call    5 never executed
call    6 never executed
branch  7 never executed
branch  8 never executed
    %%%%%:  554-block  1
call    9 never executed
call   10 never executed
branch 11 never executed
branch 12 never executed
    %%%%%:  554-block  2
call   13 never executed
call   14 never executed
call   15 never executed
call   16 never executed
    $$$$$:  554-block  3
call   17 never executed
    $$$$$:  554-block  4
call   18 never executed
    $$$$$:  554-block  5
call   19 never executed
    $$$$$:  554-block  6
call   20 never executed
    #####:  555:  if (it != suites_.end()) {
call    0 never executed
call    1 never executed
call    2 never executed
call    3 never executed
call    4 never executed
call    5 never executed
call    6 never executed
branch  7 never executed
branch  8 never executed
    #####:  556:    it->second.instantiated = true;
    %%%%%:  556-block  0
call    0 never executed
call    1 never executed
call    2 never executed
        -:  557:  } else {
    #####:  558:    GTEST_LOG_(ERROR) << "Unknown type parameterized test suit '"
    %%%%%:  558-block  0
call    0 never executed
call    1 never executed
branch  2 never executed
branch  3 never executed
    %%%%%:  558-block  1
call    4 never executed
call    5 never executed
    %%%%%:  558-block  2
call    6 never executed
call    7 never executed
    $$$$$:  558-block  3
call    8 never executed
    $$$$$:  558-block  4
call    9 never executed
    #####:  559:                      << test_suite_name << "'";
call    0 never executed
call    1 never executed
branch  2 never executed
branch  3 never executed
    %%%%%:  559-block  0
call    4 never executed
branch  5 never executed
branch  6 never executed
    %%%%%:  559-block  1
call    7 never executed
branch  8 never executed
branch  9 never executed
        -:  560:  }
    #####:  561:}
        -:  562:
function _ZN7testing8internal34TypeParameterizedTestSuiteRegistry22CheckForInstantiationsEv called 1 returned 100% blocks executed 13%
        1:  563:void TypeParameterizedTestSuiteRegistry::CheckForInstantiations() {
        1:  564:  const auto& ignored = *GetIgnoredParameterizedTestSuites();
        1:  564-block  0
call    0 returned 1
call    1 returned 1
       1*:  565:  for (const auto& testcase : suites_) {
call    0 returned 1
call    1 returned 1
call    2 returned 1
call    3 returned 1
call    4 returned 1
call    5 returned 1
call    6 returned 1
call    7 returned 1
        1:  565-block  0
call    8 returned 1
branch  9 taken 0 (fallthrough)
branch 10 taken 1
    %%%%%:  565-block  1
call   11 never executed
call   12 never executed
call   13 never executed
    #####:  566:    if (testcase.second.instantiated) continue;
call    0 never executed
branch  1 never executed
branch  2 never executed
    %%%%%:  566-block  0
    %%%%%:  566-block  1
branch  3 never executed
branch  4 never executed
    %%%%%:  566-block  2
    #####:  567:    if (ignored.find(testcase.first) != ignored.end()) continue;
    %%%%%:  567-block  0
call    0 never executed
call    1 never executed
call    2 never executed
call    3 never executed
call    4 never executed
call    5 never executed
call    6 never executed
call    7 never executed
call    8 never executed
call    9 never executed
branch 10 never executed
branch 11 never executed
    %%%%%:  567-block  1
call   12 never executed
call   13 never executed
call   14 never executed
call   15 never executed
branch 16 never executed
branch 17 never executed
    %%%%%:  567-block  2
    $$$$$:  567-block  3
call   18 never executed
        -:  568:
    #####:  569:    std::string message =
    %%%%%:  569-block  0
call    0 never executed
    #####:  570:        "Type parameterized test suite " + testcase.first +
call    0 never executed
call    1 never executed
call    2 never executed
call    3 never executed
call    4 never executed
branch  5 never executed
branch  6 never executed
    %%%%%:  570-block  0
call    7 never executed
call    8 never executed
branch  9 never executed
branch 10 never executed
    %%%%%:  570-block  1
call   11 never executed
call   12 never executed
call   13 never executed
    $$$$$:  570-block  2
call   14 never executed
    $$$$$:  570-block  3
call   15 never executed
        -:  571:        " is defined via REGISTER_TYPED_TEST_SUITE_P, but never instantiated "
        -:  572:        "via INSTANTIATE_TYPED_TEST_SUITE_P. None of the test cases will run."
        -:  573:        "\n\n"
        -:  574:        "Ideally, TYPED_TEST_P definitions should only ever be included as "
        -:  575:        "part of binaries that intend to use them. (As opposed to, for "
        -:  576:        "example, being placed in a library that may be linked in to get other "
        -:  577:        "utilities.)"
        -:  578:        "\n\n"
        -:  579:        "To suppress this error for this test suite, insert the following line "
        -:  580:        "(in a non-header) in the namespace it is defined in:"
        -:  581:        "\n\n"
    #####:  582:        "GTEST_ALLOW_UNINSTANTIATED_PARAMETERIZED_TEST(" +
call    0 never executed
call    1 never executed
branch  2 never executed
branch  3 never executed
    %%%%%:  582-block  0
call    4 never executed
call    5 never executed
    $$$$$:  582-block  1
call    6 never executed
    #####:  583:        testcase.first + ");";
call    0 never executed
call    1 never executed
call    2 never executed
call    3 never executed
call    4 never executed
branch  5 never executed
branch  6 never executed
call    7 never executed
    $$$$$:  583-block  0
call    8 never executed
        -:  584:
    #####:  585:    std::string full_name =
call    0 never executed
    #####:  586:        "UninstantiatedTypeParameterizedTestSuite<" + testcase.first + ">";
call    0 never executed
call    1 never executed
call    2 never executed
call    3 never executed
call    4 never executed
branch  5 never executed
branch  6 never executed
    %%%%%:  586-block  0
call    7 never executed
call    8 never executed
branch  9 never executed
branch 10 never executed
call   11 never executed
call   12 never executed
    $$$$$:  586-block  1
call   13 never executed
    $$$$$:  586-block  2
call   14 never executed
    #####:  587:    RegisterTest(  //
call    0 never executed
call    1 never executed
branch  2 never executed
branch  3 never executed
    %%%%%:  587-block  0
call    4 never executed
branch  5 never executed
branch  6 never executed
call    7 never executed
call    8 never executed
branch  9 never executed
branch 10 never executed
    %%%%%:  587-block  1
call   11 never executed
call   12 never executed
    $$$$$:  587-block  2
call   13 never executed
    $$$$$:  587-block  3
call   14 never executed
        -:  588:        "GoogleTestVerification", full_name.c_str(),
        -:  589:        nullptr,  // No type parameter.
        -:  590:        nullptr,  // No value parameter.
    #####:  591:        testcase.second.code_location.file.c_str(),
call    0 never executed
call    1 never executed
call    2 never executed
call    3 never executed
call    4 never executed
function _ZZN7testing8internal34TypeParameterizedTestSuiteRegistry22CheckForInstantiationsEvENKUlvE_clEv called 0 returned 0% blocks executed 0%
    #####:  592:        testcase.second.code_location.line, [message, testcase] {
    %%%%%:  592-block  0
call    0 never executed
call    1 never executed
call    2 never executed
    #####:  593:          return new FailureTest(testcase.second.code_location, message,
call    0 never executed
call    1 never executed
call    2 never executed
    #####:  594:                                 kErrorOnUninstantiatedTypeParameterizedTest);
    %%%%%:  594-block  0
call    0 never executed
call    1 never executed
call    2 never executed
branch  3 never executed
branch  4 never executed
    %%%%%:  594-block  1
call    5 never executed
call    6 never executed
branch  7 never executed
branch  8 never executed
    %%%%%:  594-block  2
call    9 never executed
call   10 never executed
    $$$$$:  594-block  3
call   11 never executed
    $$$$$:  594-block  4
call   12 never executed
    $$$$$:  594-block  5
call   13 never executed
        -:  595:        });
        -:  596:  }
        1:  597:}
        -:  598:
        -:  599:// A copy of all command line arguments.  Set by InitGoogleTest().
        -:  600:static ::std::vector<std::string> g_argvs;
        -:  601:
function _ZN7testing8internal8GetArgvsB5cxx11Ev called 2 returned 100% blocks executed 100%
        2:  602:::std::vector<std::string> GetArgvs() {
        -:  603:#if defined(GTEST_CUSTOM_GET_ARGVS_)
        -:  604:  // GTEST_CUSTOM_GET_ARGVS_() may return a container of std::string or
        -:  605:  // ::string. This code converts it to the appropriate type.
        -:  606:  const auto& custom = GTEST_CUSTOM_GET_ARGVS_();
        -:  607:  return ::std::vector<std::string>(custom.begin(), custom.end());
        -:  608:#else   // defined(GTEST_CUSTOM_GET_ARGVS_)
        2:  609:  return g_argvs;
        2:  609-block  0
call    0 returned 2
        -:  610:#endif  // defined(GTEST_CUSTOM_GET_ARGVS_)
        -:  611:}
        -:  612:
        -:  613:// Returns the current application's name, removing directory path if that
        -:  614:// is present.
function _ZN7testing8internal24GetCurrentExecutableNameEv called 0 returned 0% blocks executed 0%
    #####:  615:FilePath GetCurrentExecutableName() {
    #####:  616:  FilePath result;
    %%%%%:  616-block  0
call    0 never executed
call    1 never executed
branch  2 never executed
branch  3 never executed
    %%%%%:  616-block  1
call    4 never executed
    $$$$$:  616-block  2
call    5 never executed
        -:  617:
        -:  618:#if GTEST_OS_WINDOWS || GTEST_OS_OS2
        -:  619:  result.Set(FilePath(GetArgvs()[0]).RemoveExtension("exe"));
        -:  620:#else
    #####:  621:  result.Set(FilePath(GetArgvs()[0]));
    %%%%%:  621-block  0
call    0 never executed
call    1 never executed
call    2 never executed
branch  3 never executed
branch  4 never executed
    %%%%%:  621-block  1
call    5 never executed
call    6 never executed
call    7 never executed
call    8 never executed
branch  9 never executed
branch 10 never executed
    %%%%%:  621-block  2
call   11 never executed
call   12 never executed
branch 13 never executed
branch 14 never executed
    %%%%%:  621-block  3
call   15 never executed
call   16 never executed
call   17 never executed
call   18 never executed
    $$$$$:  621-block  4
call   19 never executed
    $$$$$:  621-block  5
call   20 never executed
    $$$$$:  621-block  6
call   21 never executed
    $$$$$:  621-block  7
call   22 never executed
        -:  622:#endif  // GTEST_OS_WINDOWS
        -:  623:
    #####:  624:  return result.RemoveDirectoryName();
call    0 never executed
call    1 never executed
branch  2 never executed
branch  3 never executed
        -:  625:}
        -:  626:
        -:  627:// Functions for processing the gtest_output flag.
        -:  628:
        -:  629:// Returns the output format, or "" for normal printed output.
function _ZN7testing8internal15UnitTestOptions15GetOutputFormatB5cxx11Ev called 1 returned 100% blocks executed 46%
        1:  630:std::string UnitTestOptions::GetOutputFormat() {
        2:  631:  std::string s = GTEST_FLAG_GET(output);
        1:  631-block  0
call    0 returned 1
call    1 returned 1
branch  2 taken 1 (fallthrough)
branch  3 taken 0 (throw)
        1:  631-block  1
call    4 returned 1
    $$$$$:  631-block  2
call    5 never executed
        1:  632:  const char* const gtest_output_flag = s.c_str();
        1:  632-block  0
call    0 returned 1
       1*:  633:  const char* const colon = strchr(gtest_output_flag, ':');
branch  0 taken 0 (fallthrough)
branch  1 taken 1
    %%%%%:  633-block  0
        -:  634:  return (colon == nullptr)
        -:  635:             ? std::string(gtest_output_flag)
        -:  636:             : std::string(gtest_output_flag,
       2*:  637:                           static_cast<size_t>(colon - gtest_output_flag));
        1:  637-block  0
branch  0 taken 1 (fallthrough)
branch  1 taken 0
        1:  637-block  1
call    2 returned 1
call    3 returned 1
call    4 returned 1
branch  5 taken 1 (fallthrough)
branch  6 taken 0 (throw)
    %%%%%:  637-block  2
call    7 never executed
call    8 never executed
call    9 never executed
branch 10 never executed
branch 11 never executed
        1:  637-block  3
branch 12 taken 0 (fallthrough)
branch 13 taken 1
    %%%%%:  637-block  4
call   14 never executed
        1:  637-block  5
branch 15 taken 0 (fallthrough)
branch 16 taken 1
    %%%%%:  637-block  6
call   17 never executed
        1:  637-block  7
branch 18 taken 1 (fallthrough)
branch 19 taken 0
        1:  637-block  8
call   20 returned 1
        1:  637-block  9
branch 21 taken 1 (fallthrough)
branch 22 taken 0
        1:  637-block 10
call   23 returned 1
    $$$$$:  637-block 11
branch 24 never executed
branch 25 never executed
    $$$$$:  637-block 12
call   26 never executed
    $$$$$:  637-block 13
branch 27 never executed
branch 28 never executed
    $$$$$:  637-block 14
call   29 never executed
    $$$$$:  637-block 15
branch 30 never executed
branch 31 never executed
    $$$$$:  637-block 16
call   32 never executed
    $$$$$:  637-block 17
branch 33 never executed
branch 34 never executed
    $$$$$:  637-block 18
call   35 never executed
        -:  638:}
        -:  639:
        -:  640:// Returns the name of the requested output file, or the default if none
        -:  641:// was explicitly specified.
function _ZN7testing8internal15UnitTestOptions27GetAbsolutePathToOutputFileB5cxx11Ev called 0 returned 0% blocks executed 0%
    #####:  642:std::string UnitTestOptions::GetAbsolutePathToOutputFile() {
    #####:  643:  std::string s = GTEST_FLAG_GET(output);
    %%%%%:  643-block  0
call    0 never executed
call    1 never executed
branch  2 never executed
branch  3 never executed
call    4 never executed
    $$$$$:  643-block  1
call    5 never executed
    #####:  644:  const char* const gtest_output_flag = s.c_str();
    %%%%%:  644-block  0
call    0 never executed
        -:  645:
    #####:  646:  std::string format = GetOutputFormat();
call    0 never executed
call    1 never executed
branch  2 never executed
branch  3 never executed
    %%%%%:  646-block  0
call    4 never executed
    $$$$$:  646-block  1
call    5 never executed
    #####:  647:  if (format.empty())
    %%%%%:  647-block  0
call    0 never executed
branch  1 never executed
branch  2 never executed
    #####:  648:    format = std::string(kDefaultOutputFormat);
    %%%%%:  648-block  0
call    0 never executed
call    1 never executed
call    2 never executed
call    3 never executed
branch  4 never executed
branch  5 never executed
    %%%%%:  648-block  1
call    6 never executed
call    7 never executed
call    8 never executed
call    9 never executed
call   10 never executed
call   11 never executed
    $$$$$:  648-block  2
call   12 never executed
    $$$$$:  648-block  3
call   13 never executed
        -:  649:
    #####:  650:  const char* const colon = strchr(gtest_output_flag, ':');
    %%%%%:  650-block  0
branch  0 never executed
branch  1 never executed
    %%%%%:  650-block  1
    #####:  651:  if (colon == nullptr)
    %%%%%:  651-block  0
branch  0 never executed
branch  1 never executed
    #####:  652:    return internal::FilePath::MakeFileName(
call    0 never executed
call    1 never executed
branch  2 never executed
branch  3 never executed
    %%%%%:  652-block  0
call    4 never executed
call    5 never executed
    $$$$$:  652-block  1
call    6 never executed
    $$$$$:  652-block  2
call    7 never executed
    #####:  653:        internal::FilePath(
call    0 never executed
call    1 never executed
call    2 never executed
call    3 never executed
call    4 never executed
call    5 never executed
branch  6 never executed
branch  7 never executed
    %%%%%:  653-block  0
call    8 never executed
call    9 never executed
branch 10 never executed
branch 11 never executed
    %%%%%:  653-block  1
call   12 never executed
call   13 never executed
call   14 never executed
call   15 never executed
call   16 never executed
call   17 never executed
call   18 never executed
    $$$$$:  653-block  2
call   19 never executed
    $$$$$:  653-block  3
call   20 never executed
    $$$$$:  653-block  4
call   21 never executed
    $$$$$:  653-block  5
call   22 never executed
    $$$$$:  653-block  6
call   23 never executed
    $$$$$:  653-block  7
call   24 never executed
    #####:  654:            UnitTest::GetInstance()->original_working_dir()),
call    0 never executed
branch  1 never executed
branch  2 never executed
    %%%%%:  654-block  0
call    3 never executed
call    4 never executed
call    5 never executed
    #####:  655:        internal::FilePath(kDefaultOutputFile), 0,
call    0 never executed
call    1 never executed
call    2 never executed
call    3 never executed
call    4 never executed
branch  5 never executed
branch  6 never executed
    %%%%%:  655-block  0
call    7 never executed
call    8 never executed
branch  9 never executed
branch 10 never executed
    %%%%%:  655-block  1
call   11 never executed
call   12 never executed
call   13 never executed
call   14 never executed
call   15 never executed
call   16 never executed
call   17 never executed
    $$$$$:  655-block  2
call   18 never executed
    $$$$$:  655-block  3
call   19 never executed
    $$$$$:  655-block  4
call   20 never executed
    $$$$$:  655-block  5
call   21 never executed
    $$$$$:  655-block  6
call   22 never executed
    $$$$$:  655-block  7
call   23 never executed
    #####:  656:        format.c_str()).string();
    %%%%%:  656-block  0
call    0 never executed
    %%%%%:  656-block  1
call    1 never executed
call    2 never executed
call    3 never executed
call    4 never executed
branch  5 never executed
branch  6 never executed
        -:  657:
    #####:  658:  internal::FilePath output_name(colon + 1);
    %%%%%:  658-block  0
call    0 never executed
call    1 never executed
call    2 never executed
call    3 never executed
call    4 never executed
call    5 never executed
branch  6 never executed
branch  7 never executed
    %%%%%:  658-block  1
call    8 never executed
call    9 never executed
branch 10 never executed
branch 11 never executed
call   12 never executed
call   13 never executed
    %%%%%:  658-block  2
call   14 never executed
    $$$$$:  658-block  3
call   15 never executed
    $$$$$:  658-block  4
call   16 never executed
    $$$$$:  658-block  5
call   17 never executed
    #####:  659:  if (!output_name.IsAbsolutePath())
call    0 never executed
branch  1 never executed
branch  2 never executed
    #####:  660:    output_name = internal::FilePath::ConcatPaths(
    %%%%%:  660-block  0
call    0 never executed
call    1 never executed
branch  2 never executed
branch  3 never executed
    %%%%%:  660-block  1
call    4 never executed
    %%%%%:  660-block  2
call    5 never executed
call    6 never executed
    $$$$$:  660-block  3
call    7 never executed
    $$$$$:  660-block  4
call    8 never executed
    #####:  661:        internal::FilePath(UnitTest::GetInstance()->original_working_dir()),
call    0 never executed
call    1 never executed
call    2 never executed
call    3 never executed
call    4 never executed
branch  5 never executed
branch  6 never executed
    %%%%%:  661-block  0
call    7 never executed
call    8 never executed
call    9 never executed
call   10 never executed
call   11 never executed
branch 12 never executed
branch 13 never executed
    %%%%%:  661-block  1
call   14 never executed
call   15 never executed
branch 16 never executed
branch 17 never executed
    %%%%%:  661-block  2
call   18 never executed
call   19 never executed
call   20 never executed
call   21 never executed
call   22 never executed
call   23 never executed
call   24 never executed
    $$$$$:  661-block  3
call   25 never executed
    $$$$$:  661-block  4
call   26 never executed
    $$$$$:  661-block  5
call   27 never executed
    $$$$$:  661-block  6
call   28 never executed
    $$$$$:  661-block  7
call   29 never executed
    $$$$$:  661-block  8
call   30 never executed
    #####:  662:        internal::FilePath(colon + 1));
call    0 never executed
call    1 never executed
call    2 never executed
call    3 never executed
call    4 never executed
call    5 never executed
branch  6 never executed
branch  7 never executed
    %%%%%:  662-block  0
call    8 never executed
call    9 never executed
branch 10 never executed
branch 11 never executed
    %%%%%:  662-block  1
call   12 never executed
call   13 never executed
branch 14 never executed
branch 15 never executed
call   16 never executed
call   17 never executed
call   18 never executed
call   19 never executed
call   20 never executed
call   21 never executed
    $$$$$:  662-block  2
call   22 never executed
    $$$$$:  662-block  3
call   23 never executed
    $$$$$:  662-block  4
call   24 never executed
    $$$$$:  662-block  5
call   25 never executed
    $$$$$:  662-block  6
call   26 never executed
    $$$$$:  662-block  7
call   27 never executed
        -:  663:
    #####:  664:  if (!output_name.IsDirectory())
    %%%%%:  664-block  0
call    0 never executed
branch  1 never executed
branch  2 never executed
    #####:  665:    return output_name.string();
    %%%%%:  665-block  0
call    0 never executed
call    1 never executed
call    2 never executed
branch  3 never executed
branch  4 never executed
        -:  666:
    #####:  667:  internal::FilePath result(internal::FilePath::GenerateUniqueFileName(
    %%%%%:  667-block  0
call    0 never executed
    #####:  668:      output_name, internal::GetCurrentExecutableName(),
call    0 never executed
call    1 never executed
branch  2 never executed
branch  3 never executed
    %%%%%:  668-block  0
call    4 never executed
call    5 never executed
    $$$$$:  668-block  1
call    6 never executed
    #####:  669:      GetOutputFormat().c_str()));
call    0 never executed
call    1 never executed
branch  2 never executed
branch  3 never executed
    %%%%%:  669-block  0
call    4 never executed
call    5 never executed
call    6 never executed
branch  7 never executed
branch  8 never executed
call    9 never executed
    %%%%%:  669-block  1
call   10 never executed
    $$$$$:  669-block  2
call   11 never executed
    $$$$$:  669-block  3
call   12 never executed
    #####:  670:  return result.string();
call    0 never executed
call    1 never executed
call    2 never executed
branch  3 never executed
branch  4 never executed
        -:  671:}
        -:  672:
        -:  673:// Returns true if and only if the wildcard pattern matches the string. Each
        -:  674:// pattern consists of regular characters, single-character wildcards (?), and
        -:  675:// multi-character wildcards (*).
        -:  676://
        -:  677:// This function implements a linear-time string globbing algorithm based on
        -:  678:// https://research.swtch.com/glob.
function _ZN7testing8internalL20PatternMatchesStringERKNSt7__cxx1112basic_stringIcSt11char_traitsIcESaIcEEEPKcSA_ called 44 returned 100% blocks executed 77%
       44:  679:static bool PatternMatchesString(const std::string& name_str,
        -:  680:                                 const char* pattern, const char* pattern_end) {
       44:  681:  const char* name = name_str.c_str();
       44:  681-block  0
call    0 returned 44
call    1 returned 44
       44:  682:  const char* const name_begin = name;
       44:  683:  const char* const name_end = name + name_str.size();
call    0 returned 44
call    1 returned 44
call    2 returned 44
        -:  684:
       44:  685:  const char* pattern_next = pattern;
       44:  686:  const char* name_next = name;
        -:  687:
      813:  688:  while (pattern < pattern_end || name < name_end) {
      813:  688-block  0
branch  0 taken 194 (fallthrough)
branch  1 taken 619
      194:  688-block  1
branch  2 taken 187 (fallthrough)
branch  3 taken 7
      769:  688-block  2
      806:  689:    if (pattern < pattern_end) {
      806:  689-block  0
branch  0 taken 619 (fallthrough)
branch  1 taken 187
      619:  690:      switch (*pattern) {
      619:  690-block  0
call    0 returned 619
branch  1 taken 223
branch  2 taken 0
branch  3 taken 396
      223:  691:        default:  // Match an ordinary character.
     223*:  692:          if (name < name_end && *name == *pattern) {
      223:  692-block  0
branch  0 taken 207 (fallthrough)
branch  1 taken 16
      207:  692-block  1
call    2 returned 207
call    3 returned 207
branch  4 taken 0 (fallthrough)
branch  5 taken 207
    #####:  693:            ++pattern;
    %%%%%:  693-block  0
call    0 never executed
    #####:  694:            ++name;
call    0 never executed
    #####:  695:            continue;
        -:  696:          }
      223:  697:          break;
      223:  697-block  0
    #####:  698:        case '?':  // Match any single character.
    #####:  699:          if (name < name_end) {
    %%%%%:  699-block  0
branch  0 never executed
branch  1 never executed
    #####:  700:            ++pattern;
    %%%%%:  700-block  0
call    0 never executed
    #####:  701:            ++name;
call    0 never executed
    #####:  702:            continue;
        -:  703:          }
    #####:  704:          break;
    %%%%%:  704-block  0
      396:  705:        case '*':
        -:  706:          // Match zero or more characters. Start by skipping over the wildcard
        -:  707:          // and matching zero characters from name. If that fails, restart and
        -:  708:          // match one more character than the last attempt.
      396:  709:          pattern_next = pattern;
      396:  710:          name_next = name + 1;
      396:  710-block  0
call    0 returned 396
      396:  711:          ++pattern;
call    0 returned 396
      396:  712:          continue;
        -:  713:      }
        -:  714:    }
        -:  715:    // Failed to match a character. Restart if possible.
      410:  716:    if (name_begin < name_next && name_next <= name_end) {
      410:  716-block  0
branch  0 taken 389 (fallthrough)
branch  1 taken 21
      389:  716-block  1
branch  2 taken 373 (fallthrough)
branch  3 taken 16
      373:  717:      pattern = pattern_next;
      373:  718:      name = name_next;
      373:  719:      continue;
      373:  719-block  0
        -:  720:    }
       37:  721:    return false;
       37:  721-block  0
        -:  722:  }
        7:  723:  return true;
        7:  723-block  0
        -:  724:}
        -:  725:
function _ZN7testing8internal15UnitTestOptions13MatchesFilterERKNSt7__cxx1112basic_stringIcSt11char_traitsIcESaIcEEEPKc called 29 returned 100% blocks executed 88%
       29:  726:bool UnitTestOptions::MatchesFilter(const std::string& name_str,
        -:  727:                                    const char* filter) {
        -:  728:  // The filter is a list of patterns separated by colons (:).
       29:  729:  const char* pattern = filter;
       29:  729-block  0
        -:  730:  while (true) {
        -:  731:    // Find the bounds of this pattern.
      44*:  732:    const char* const next_sep = strchr(pattern, ':');
       44:  732-block  0
branch  0 taken 0 (fallthrough)
branch  1 taken 44
    %%%%%:  732-block  1
       44:  733:    const char* const pattern_end =
      44*:  734:        next_sep != nullptr ? next_sep : pattern + strlen(pattern);
       44:  734-block  0
branch  0 taken 29 (fallthrough)
branch  1 taken 15
       29:  734-block  1
branch  2 taken 0 (fallthrough)
branch  3 taken 29
    %%%%%:  734-block  2
       29:  734-block  3
call    4 returned 29
       15:  734-block  4
        -:  735:
        -:  736:    // Check if this pattern matches name_str.
       44:  737:    if (PatternMatchesString(name_str, pattern, pattern_end)) {
       44:  737-block  0
call    0 returned 44
branch  1 taken 7 (fallthrough)
branch  2 taken 37
        7:  738:      return true;
        7:  738-block  0
        -:  739:    }
        -:  740:
        -:  741:    // Give up on this pattern. However, if we found a pattern separator (:),
        -:  742:    // advance to the next pattern (skipping over the separator) and restart.
       37:  743:    if (next_sep == nullptr) {
       37:  743-block  0
branch  0 taken 22 (fallthrough)
branch  1 taken 15
       22:  744:      return false;
       22:  744-block  0
        -:  745:    }
       15:  746:    pattern = next_sep + 1;
       15:  746-block  0
call    0 returned 15
       15:  747:  }
        -:  748:  return true;
        -:  749:}
        -:  750:
        -:  751:// Returns true if and only if the user-specified filter matches the test
        -:  752:// suite name and the test name.
function _ZN7testing8internal15UnitTestOptions17FilterMatchesTestERKNSt7__cxx1112basic_stringIcSt11char_traitsIcESaIcEEES9_ called 7 returned 100% blocks executed 44%
        7:  753:bool UnitTestOptions::FilterMatchesTest(const std::string& test_suite_name,
        -:  754:                                        const std::string& test_name) {
       14:  755:  const std::string& full_name = test_suite_name + "." + test_name.c_str();
        7:  755-block  0
call    0 returned 7
call    1 returned 7
call    2 returned 7
call    3 returned 7
call    4 returned 7
call    5 returned 7
branch  6 taken 7 (fallthrough)
branch  7 taken 0 (throw)
        7:  755-block  1
call    8 returned 7
call    9 returned 7
branch 10 taken 7 (fallthrough)
branch 11 taken 0 (throw)
        7:  755-block  2
call   12 returned 7
call   13 returned 7
call   14 returned 7
    $$$$$:  755-block  3
call   15 never executed
    $$$$$:  755-block  4
call   16 never executed
    $$$$$:  755-block  5
call   17 never executed
        -:  756:
        -:  757:  // Split --gtest_filter at '-', if there is one, to separate into
        -:  758:  // positive filter and negative filter portions
       14:  759:  std::string str = GTEST_FLAG_GET(filter);
call    0 returned 7
call    1 returned 7
branch  2 taken 7 (fallthrough)
branch  3 taken 0 (throw)
call    4 returned 7
    $$$$$:  759-block  0
call    5 never executed
        7:  760:  const char* const p = str.c_str();
        7:  760-block  0
call    0 returned 7
       7*:  761:  const char* const dash = strchr(p, '-');
branch  0 taken 0 (fallthrough)
branch  1 taken 7
    %%%%%:  761-block  0
       14:  762:  std::string positive;
        7:  762-block  0
call    0 returned 7
call    1 returned 7
call    2 returned 7
    $$$$$:  762-block  1
call    3 never executed
        7:  763:  std::string negative;
call    0 returned 7
call    1 returned 7
    $$$$$:  763-block  0
call    2 never executed
[...]
branch  0 never executed
branch  1 never executed
        -: 6640:      // Shift the remainder of the argv list left by one.  Note
        -: 6641:      // that argv has (*argc + 1) elements, the last one always being
        -: 6642:      // NULL.  The following loop moves the trailing NULL element as
        -: 6643:      // well.
    #####: 6644:      for (int j = i; j != *argc; j++) {
    %%%%%: 6644-block  0
    %%%%%: 6644-block  1
call    0 never executed
branch  1 never executed
branch  2 never executed
    #####: 6645:        argv[j] = argv[j + 1];
    %%%%%: 6645-block  0
call    0 never executed
call    1 never executed
call    2 never executed
call    3 never executed
        -: 6646:      }
        -: 6647:
        -: 6648:      // Decrements the argument count.
    #####: 6649:      (*argc)--;
    %%%%%: 6649-block  0
call    0 never executed
call    1 never executed
        -: 6650:
        -: 6651:      // We also need to decrement the iterator as we just removed
        -: 6652:      // an element.
    #####: 6653:      i--;
        -: 6654:    }
        -: 6655:  }
        -: 6656:
    #####: 6657:  if (g_help_flag) {
    %%%%%: 6657-block  0
branch  0 never executed
branch  1 never executed
    %%%%%: 6657-block  1
    %%%%%: 6657-block  2
branch  2 never executed
branch  3 never executed
        -: 6658:    // We print the help here instead of in RUN_ALL_TESTS(), as the
        -: 6659:    // latter may not be called at all if the user is using Google
        -: 6660:    // Test with another testing framework.
    #####: 6661:    PrintColorEncoded(kColorEncodedHelpMessage);
    %%%%%: 6661-block  0
call    0 never executed
branch  1 never executed
branch  2 never executed
        -: 6662:  }
    #####: 6663:}
------------------
_ZN7testing8internal28ParseGoogleTestFlagsOnlyImplIcEEvPiPPT_:
function _ZN7testing8internal28ParseGoogleTestFlagsOnlyImplIcEEvPiPPT_ called 1 returned 100% blocks executed 55%
        1: 6614:void ParseGoogleTestFlagsOnlyImpl(int* argc, CharType** argv) {
        2: 6615:  std::string flagfile_value;
        1: 6615-block  0
call    0 returned 1
call    1 returned 1
        1: 6615-block  1
call    2 returned 1
    $$$$$: 6615-block  2
call    3 never executed
        3: 6616:  for (int i = 1; i < *argc; i++) {
        3: 6616-block  0
call    0 returned 3
branch  1 taken 2 (fallthrough)
branch  2 taken 1
        4: 6617:    const std::string arg_string = StreamableToString(argv[i]);
        2: 6617-block  0
call    0 returned 2
call    1 returned 2
call    2 returned 2
call    3 returned 2
branch  4 taken 2 (fallthrough)
branch  5 taken 0 (throw)
        2: 6617-block  1
call    6 returned 2
    $$$$$: 6617-block  2
call    7 never executed
        2: 6618:    const char* const arg = arg_string.c_str();
        2: 6618-block  0
call    0 returned 2
        -: 6619:
        -: 6620:    using internal::ParseFlag;
        -: 6621:
        2: 6622:    bool remove_flag = false;
        2: 6623:    if (ParseGoogleTestFlag(arg)) {
call    0 returned 2
branch  1 taken 2 (fallthrough)
branch  2 taken 0 (throw)
        2: 6623-block  0
branch  3 taken 2 (fallthrough)
branch  4 taken 0
        2: 6624:      remove_flag = true;
        2: 6624-block  0
        -: 6625:#if GTEST_USE_OWN_FLAGFILE_FLAG_
    #####: 6626:    } else if (ParseFlag(arg, "flagfile", &flagfile_value)) {
    %%%%%: 6626-block  0
call    0 never executed
branch  1 never executed
branch  2 never executed
    %%%%%: 6626-block  1
branch  3 never executed
branch  4 never executed
    #####: 6627:      GTEST_FLAG_SET(flagfile, flagfile_value);
    %%%%%: 6627-block  0
call    0 never executed
branch  1 never executed
branch  2 never executed
    #####: 6628:      LoadFlagsFromFile(flagfile_value);
    %%%%%: 6628-block  0
call    0 never executed
branch  1 never executed
branch  2 never executed
    #####: 6629:      remove_flag = true;
    %%%%%: 6629-block  0
        -: 6630:#endif  // GTEST_USE_OWN_FLAGFILE_FLAG_
    #####: 6631:    } else if (arg_string == "--help" || arg_string == "-h" ||
    %%%%%: 6631-block  0
call    0 never executed
    %%%%%: 6631-block  1
call    1 never executed
branch  2 never executed
branch  3 never executed
branch  4 never executed
branch  5 never executed
    #####: 6632:               arg_string == "-?" || arg_string == "/?" ||
branch  0 never executed
branch  1 never executed
    %%%%%: 6632-block  0
call    2 never executed
    %%%%%: 6632-block  1
call    3 never executed
branch  4 never executed
branch  5 never executed
branch  6 never executed
branch  7 never executed
    %%%%%: 6632-block  2
    %%%%%: 6632-block  3
    %%%%%: 6632-block  4
branch  8 never executed
branch  9 never executed
    #####: 6633:               HasGoogleTestFlagPrefix(arg)) {
    %%%%%: 6633-block  0
call    0 never executed
        -: 6634:      // Both help flag and unrecognized Google Test flags (excluding
        -: 6635:      // internal ones) trigger help display.
    #####: 6636:      g_help_flag = true;
    %%%%%: 6636-block  0
        -: 6637:    }
        -: 6638:
        2: 6639:    if (remove_flag) {
        2: 6639-block  0
branch  0 taken 2 (fallthrough)
branch  1 taken 0
        -: 6640:      // Shift the remainder of the argv list left by one.  Note
        -: 6641:      // that argv has (*argc + 1) elements, the last one always being
        -: 6642:      // NULL.  The following loop moves the trailing NULL element as
        -: 6643:      // well.
        5: 6644:      for (int j = i; j != *argc; j++) {
        2: 6644-block  0
        5: 6644-block  1
call    0 returned 5
branch  1 taken 3 (fallthrough)
branch  2 taken 2
        3: 6645:        argv[j] = argv[j + 1];
        3: 6645-block  0
call    0 returned 3
call    1 returned 3
call    2 returned 3
call    3 returned 3
        -: 6646:      }
        -: 6647:
        -: 6648:      // Decrements the argument count.
        2: 6649:      (*argc)--;
        2: 6649-block  0
call    0 returned 2
call    1 returned 2
        -: 6650:
        -: 6651:      // We also need to decrement the iterator as we just removed
        -: 6652:      // an element.
        2: 6653:      i--;
        -: 6654:    }
        -: 6655:  }
        -: 6656:
       1*: 6657:  if (g_help_flag) {
        1: 6657-block  0
branch  0 taken 0 (fallthrough)
branch  1 taken 1
    %%%%%: 6657-block  1
        1: 6657-block  2
branch  2 taken 0 (fallthrough)
branch  3 taken 1
        -: 6658:    // We print the help here instead of in RUN_ALL_TESTS(), as the
        -: 6659:    // latter may not be called at all if the user is using Google
        -: 6660:    // Test with another testing framework.
    #####: 6661:    PrintColorEncoded(kColorEncodedHelpMessage);
    %%%%%: 6661-block  0
call    0 never executed
branch  1 never executed
branch  2 never executed
        -: 6662:  }
        1: 6663:}
------------------
        -: 6664:
        -: 6665:// Parses the command line for Google Test flags, without initializing
        -: 6666:// other parts of Google Test.
function _ZN7testing8internal24ParseGoogleTestFlagsOnlyEPiPPc called 1 returned 100% blocks executed 100%
        1: 6667:void ParseGoogleTestFlagsOnly(int* argc, char** argv) {
        1: 6668:  ParseGoogleTestFlagsOnlyImpl(argc, argv);
        1: 6668-block  0
call    0 returned 1
        -: 6669:
        -: 6670:  // Fix the value of *_NSGetArgc() on macOS, but if and only if
        -: 6671:  // *_NSGetArgv() == argv
        -: 6672:  // Only applicable to char** version of argv
        -: 6673:#if GTEST_OS_MAC
        -: 6674:#ifndef GTEST_OS_IOS
        -: 6675:  if (*_NSGetArgv() == argv) {
        -: 6676:    *_NSGetArgc() = *argc;
        -: 6677:  }
        -: 6678:#endif
        -: 6679:#endif
        1: 6680:}
function _ZN7testing8internal24ParseGoogleTestFlagsOnlyEPiPPw called 0 returned 0% blocks executed 0%
    #####: 6681:void ParseGoogleTestFlagsOnly(int* argc, wchar_t** argv) {
    #####: 6682:  ParseGoogleTestFlagsOnlyImpl(argc, argv);
    %%%%%: 6682-block  0
call    0 never executed
    #####: 6683:}
        -: 6684:
        -: 6685:// The internal implementation of InitGoogleTest().
        -: 6686://
        -: 6687:// The type parameter CharType can be instantiated to either char or
        -: 6688:// wchar_t.
        -: 6689:template <typename CharType>
       1*: 6690:void InitGoogleTestImpl(int* argc, CharType** argv) {
        -: 6691:  // We don't want to run the initialization code twice.
       1*: 6692:  if (GTestIsInitialized()) return;
        -: 6693:
       1*: 6694:  if (*argc <= 0) return;
        -: 6695:
       1*: 6696:  g_argvs.clear();
       4*: 6697:  for (int i = 0; i != *argc; i++) {
       3*: 6698:    g_argvs.push_back(StreamableToString(argv[i]));
        -: 6699:  }
        -: 6700:
        -: 6701:#if GTEST_HAS_ABSL
        -: 6702:  absl::InitializeSymbolizer(g_argvs[0].c_str());
        -: 6703:#endif  // GTEST_HAS_ABSL
        -: 6704:
       1*: 6705:  ParseGoogleTestFlagsOnly(argc, argv);
       1*: 6706:  GetUnitTestImpl()->PostFlagParsingInit();
        -: 6707:}
------------------
_ZN7testing8internal18InitGoogleTestImplIwEEvPiPPT_:
function _ZN7testing8internal18InitGoogleTestImplIwEEvPiPPT_ called 0 returned 0% blocks executed 0%
    #####: 6690:void InitGoogleTestImpl(int* argc, CharType** argv) {
        -: 6691:  // We don't want to run the initialization code twice.
    #####: 6692:  if (GTestIsInitialized()) return;
    %%%%%: 6692-block  0
call    0 never executed
branch  1 never executed
branch  2 never executed
    %%%%%: 6692-block  1
        -: 6693:
    #####: 6694:  if (*argc <= 0) return;
    %%%%%: 6694-block  0
call    0 never executed
branch  1 never executed
branch  2 never executed
    %%%%%: 6694-block  1
        -: 6695:
    #####: 6696:  g_argvs.clear();
    %%%%%: 6696-block  0
call    0 never executed
    #####: 6697:  for (int i = 0; i != *argc; i++) {
    %%%%%: 6697-block  0
call    0 never executed
branch  1 never executed
branch  2 never executed
    #####: 6698:    g_argvs.push_back(StreamableToString(argv[i]));
    %%%%%: 6698-block  0
call    0 never executed
call    1 never executed
call    2 never executed
call    3 never executed
call    4 never executed
call    5 never executed
branch  6 never executed
branch  7 never executed
    %%%%%: 6698-block  1
call    8 never executed
call    9 never executed
    $$$$$: 6698-block  2
call   10 never executed
    $$$$$: 6698-block  3
call   11 never executed
        -: 6699:  }
        -: 6700:
        -: 6701:#if GTEST_HAS_ABSL
        -: 6702:  absl::InitializeSymbolizer(g_argvs[0].c_str());
        -: 6703:#endif  // GTEST_HAS_ABSL
        -: 6704:
    #####: 6705:  ParseGoogleTestFlagsOnly(argc, argv);
    %%%%%: 6705-block  0
call    0 never executed
    #####: 6706:  GetUnitTestImpl()->PostFlagParsingInit();
call    0 never executed
call    1 never executed
call    2 never executed
call    3 never executed
call    4 never executed
        -: 6707:}
------------------
_ZN7testing8internal18InitGoogleTestImplIcEEvPiPPT_:
function _ZN7testing8internal18InitGoogleTestImplIcEEvPiPPT_ called 1 returned 100% blocks executed 83%
        1: 6690:void InitGoogleTestImpl(int* argc, CharType** argv) {
        -: 6691:  // We don't want to run the initialization code twice.
       1*: 6692:  if (GTestIsInitialized()) return;
        1: 6692-block  0
call    0 returned 1
branch  1 taken 0 (fallthrough)
branch  2 taken 1
    %%%%%: 6692-block  1
        -: 6693:
       1*: 6694:  if (*argc <= 0) return;
        1: 6694-block  0
call    0 returned 1
branch  1 taken 0 (fallthrough)
branch  2 taken 1
    %%%%%: 6694-block  1
        -: 6695:
        1: 6696:  g_argvs.clear();
        1: 6696-block  0
call    0 returned 1
        4: 6697:  for (int i = 0; i != *argc; i++) {
        4: 6697-block  0
call    0 returned 4
branch  1 taken 3 (fallthrough)
branch  2 taken 1
        3: 6698:    g_argvs.push_back(StreamableToString(argv[i]));
        3: 6698-block  0
call    0 returned 3
call    1 returned 3
call    2 returned 3
call    3 returned 3
call    4 returned 3
call    5 returned 3
branch  6 taken 3 (fallthrough)
branch  7 taken 0 (throw)
        3: 6698-block  1
call    8 returned 3
call    9 returned 3
    $$$$$: 6698-block  2
call   10 never executed
    $$$$$: 6698-block  3
call   11 never executed
        -: 6699:  }
        -: 6700:
        -: 6701:#if GTEST_HAS_ABSL
        -: 6702:  absl::InitializeSymbolizer(g_argvs[0].c_str());
        -: 6703:#endif  // GTEST_HAS_ABSL
        -: 6704:
        1: 6705:  ParseGoogleTestFlagsOnly(argc, argv);
        1: 6705-block  0
call    0 returned 1
        1: 6706:  GetUnitTestImpl()->PostFlagParsingInit();
call    0 returned 1
call    1 returned 1
call    2 returned 1
call    3 returned 1
call    4 returned 1
        -: 6707:}
------------------
        -: 6708:
        -: 6709:}  // namespace internal
        -: 6710:
        -: 6711:// Initializes Google Test.  This must be called before calling
        -: 6712:// RUN_ALL_TESTS().  In particular, it parses a command line for the
        -: 6713:// flags that Google Test recognizes.  Whenever a Google Test flag is
        -: 6714:// seen, it is removed from argv, and *argc is decremented.
        -: 6715://
        -: 6716:// No value is returned.  Instead, the Google Test flag variables are
        -: 6717:// updated.
        -: 6718://
        -: 6719:// Calling the function for the second time has no user-visible effect.
function _ZN7testing14InitGoogleTestEPiPPc called 1 returned 100% blocks executed 100%
        1: 6720:void InitGoogleTest(int* argc, char** argv) {
        -: 6721:#if defined(GTEST_CUSTOM_INIT_GOOGLE_TEST_FUNCTION_)
        -: 6722:  GTEST_CUSTOM_INIT_GOOGLE_TEST_FUNCTION_(argc, argv);
        -: 6723:#else  // defined(GTEST_CUSTOM_INIT_GOOGLE_TEST_FUNCTION_)
        1: 6724:  internal::InitGoogleTestImpl(argc, argv);
        1: 6724-block  0
call    0 returned 1
        -: 6725:#endif  // defined(GTEST_CUSTOM_INIT_GOOGLE_TEST_FUNCTION_)
        1: 6726:}
        -: 6727:
        -: 6728:// This overloaded version can be used in Windows programs compiled in
        -: 6729:// UNICODE mode.
function _ZN7testing14InitGoogleTestEPiPPw called 0 returned 0% blocks executed 0%
    #####: 6730:void InitGoogleTest(int* argc, wchar_t** argv) {
        -: 6731:#if defined(GTEST_CUSTOM_INIT_GOOGLE_TEST_FUNCTION_)
        -: 6732:  GTEST_CUSTOM_INIT_GOOGLE_TEST_FUNCTION_(argc, argv);
        -: 6733:#else  // defined(GTEST_CUSTOM_INIT_GOOGLE_TEST_FUNCTION_)
    #####: 6734:  internal::InitGoogleTestImpl(argc, argv);
    %%%%%: 6734-block  0
call    0 never executed
        -: 6735:#endif  // defined(GTEST_CUSTOM_INIT_GOOGLE_TEST_FUNCTION_)
    #####: 6736:}
        -: 6737:
        -: 6738:// This overloaded version can be used on Arduino/embedded platforms where
        -: 6739:// there is no argc/argv.
function _ZN7testing14InitGoogleTestEv called 0 returned 0% blocks executed 0%
    #####: 6740:void InitGoogleTest() {
        -: 6741:  // Since Arduino doesn't have a command line, fake out the argc/argv arguments
    #####: 6742:  int argc = 1;
    %%%%%: 6742-block  0
call    0 never executed
    #####: 6743:  const auto arg0 = "dummy";
    #####: 6744:  char* argv0 = const_cast<char*>(arg0);
call    0 never executed
    #####: 6745:  char** argv = &argv0;
        -: 6746:
        -: 6747:#if defined(GTEST_CUSTOM_INIT_GOOGLE_TEST_FUNCTION_)
        -: 6748:  GTEST_CUSTOM_INIT_GOOGLE_TEST_FUNCTION_(&argc, argv);
        -: 6749:#else  // defined(GTEST_CUSTOM_INIT_GOOGLE_TEST_FUNCTION_)
    #####: 6750:  internal::InitGoogleTestImpl(&argc, argv);
call    0 never executed
branch  1 never executed
branch  2 never executed
        -: 6751:#endif  // defined(GTEST_CUSTOM_INIT_GOOGLE_TEST_FUNCTION_)
    #####: 6752:}
        -: 6753:
function _ZN7testing7TempDirB5cxx11Ev called 0 returned 0% blocks executed 0%
    #####: 6754:std::string TempDir() {
        -: 6755:#if defined(GTEST_CUSTOM_TEMPDIR_FUNCTION_)
        -: 6756:  return GTEST_CUSTOM_TEMPDIR_FUNCTION_();
        -: 6757:#elif GTEST_OS_WINDOWS_MOBILE
        -: 6758:  return "\\temp\\";
        -: 6759:#elif GTEST_OS_WINDOWS
        -: 6760:  const char* temp_dir = internal::posix::GetEnv("TEMP");
        -: 6761:  if (temp_dir == nullptr || temp_dir[0] == '\0') {
        -: 6762:    return "\\temp\\";
        -: 6763:  } else if (temp_dir[strlen(temp_dir) - 1] == '\\') {
        -: 6764:    return temp_dir;
        -: 6765:  } else {
        -: 6766:    return std::string(temp_dir) + "\\";
        -: 6767:  }
        -: 6768:#elif GTEST_OS_LINUX_ANDROID
        -: 6769:  const char* temp_dir = internal::posix::GetEnv("TEST_TMPDIR");
        -: 6770:  if (temp_dir == nullptr || temp_dir[0] == '\0') {
        -: 6771:    return "/data/local/tmp/";
        -: 6772:  } else {
        -: 6773:    return temp_dir;
        -: 6774:  }
        -: 6775:#elif GTEST_OS_LINUX
    #####: 6776:  const char* temp_dir = internal::posix::GetEnv("TEST_TMPDIR");
    %%%%%: 6776-block  0
call    0 never executed
call    1 never executed
    #####: 6777:  if (temp_dir == nullptr || temp_dir[0] == '\0') {
branch  0 never executed
branch  1 never executed
    %%%%%: 6777-block  0
call    2 never executed
branch  3 never executed
branch  4 never executed
    #####: 6778:    return "/tmp/";
    %%%%%: 6778-block  0
call    0 never executed
call    1 never executed
call    2 never executed
branch  3 never executed
branch  4 never executed
    %%%%%: 6778-block  1
call    5 never executed
call    6 never executed
    $$$$$: 6778-block  2
call    7 never executed
    $$$$$: 6778-block  3
call    8 never executed
        -: 6779:  } else {
    #####: 6780:    return temp_dir;
    %%%%%: 6780-block  0
call    0 never executed
call    1 never executed
call    2 never executed
branch  3 never executed
branch  4 never executed
    %%%%%: 6780-block  1
call    5 never executed
call    6 never executed
    $$$$$: 6780-block  2
call    7 never executed
    $$$$$: 6780-block  3
call    8 never executed
        -: 6781:  }
        -: 6782:#else
        -: 6783:  return "/tmp/";
        -: 6784:#endif  // GTEST_OS_WINDOWS_MOBILE
        -: 6785:}
        -: 6786:
        -: 6787:// Class ScopedTrace
        -: 6788:
        -: 6789:// Pushes the given source file location and message onto a per-thread
        -: 6790:// trace stack maintained by Google Test.
function _ZN7testing11ScopedTrace9PushTraceEPKciNSt7__cxx1112basic_stringIcSt11char_traitsIcESaIcEEE called 0 returned 0% blocks executed 0%
    #####: 6791:void ScopedTrace::PushTrace(const char* file, int line, std::string message) {
    #####: 6792:  internal::TraceInfo trace;
    %%%%%: 6792-block  0
call    0 never executed
call    1 never executed
    %%%%%: 6792-block  1
call    2 never executed
    $$$$$: 6792-block  2
call    3 never executed
    #####: 6793:  trace.file = file;
    #####: 6794:  trace.line = line;
    #####: 6795:  trace.message.swap(message);
call    0 never executed
        -: 6796:
    #####: 6797:  UnitTest::GetInstance()->PushGTestTrace(trace);
call    0 never executed
branch  1 never executed
branch  2 never executed
    %%%%%: 6797-block  0
call    3 never executed
call    4 never executed
call    5 never executed
call    6 never executed
branch  7 never executed
branch  8 never executed
    #####: 6798:}
        -: 6799:
        -: 6800:// Pops the info pushed by the c'tor.
function _ZN7testing11ScopedTraceD2Ev called 0 returned 0% blocks executed 0%
    #####: 6801:ScopedTrace::~ScopedTrace()
        -: 6802:    GTEST_LOCK_EXCLUDED_(&UnitTest::mutex_) {
    #####: 6803:  UnitTest::GetInstance()->PopGTestTrace();
    %%%%%: 6803-block  0
call    0 never executed
call    1 never executed
call    2 never executed
call    3 never executed
call    4 never executed
    #####: 6804:}
        -: 6805:
        -: 6806:}  // namespace testing
