        -:    0:Source:/usr/include/c++/9/bits/move.h
        -:    0:Graph:/home/daniela/2ºano/Programação/prog_p4/cmake-build-debug-coverage/gtest/googletest/CMakeFiles/gtest.dir/src/gtest-all.cc.gcno
        -:    0:Data:/home/daniela/2ºano/Programação/prog_p4/cmake-build-debug-coverage/gtest/googletest/CMakeFiles/gtest.dir/src/gtest-all.cc.gcda
        -:    0:Runs:1
        -:    1:// Move, forward and identity for C++11 + swap -*- C++ -*-
        -:    2:
        -:    3:// Copyright (C) 2007-2019 Free Software Foundation, Inc.
        -:    4://
        -:    5:// This file is part of the GNU ISO C++ Library.  This library is free
        -:    6:// software; you can redistribute it and/or modify it under the
        -:    7:// terms of the GNU General Public License as published by the
        -:    8:// Free Software Foundation; either version 3, or (at your option)
        -:    9:// any later version.
        -:   10:
        -:   11:// This library is distributed in the hope that it will be useful,
        -:   12:// but WITHOUT ANY WARRANTY; without even the implied warranty of
        -:   13:// MERCHANTABILITY or FITNESS FOR A PARTICULAR PURPOSE.  See the
        -:   14:// GNU General Public License for more details.
        -:   15:
        -:   16:// Under Section 7 of GPL version 3, you are granted additional
        -:   17:// permissions described in the GCC Runtime Library Exception, version
        -:   18:// 3.1, as published by the Free Software Foundation.
        -:   19:
        -:   20:// You should have received a copy of the GNU General Public License and
        -:   21:// a copy of the GCC Runtime Library Exception along with this program;
        -:   22:// see the files COPYING3 and COPYING.RUNTIME respectively.  If not, see
        -:   23:// <http://www.gnu.org/licenses/>.
        -:   24:
        -:   25:/** @file bits/move.h
        -:   26: *  This is an internal header file, included by other library headers.
        -:   27: *  Do not attempt to use it directly. @headername{utility}
        -:   28: */
        -:   29:
        -:   30:#ifndef _MOVE_H
        -:   31:#define _MOVE_H 1
        -:   32:
        -:   33:#include <bits/c++config.h>
        -:   34:#include <bits/concept_check.h>
        -:   35:
        -:   36:namespace std _GLIBCXX_VISIBILITY(default)
        -:   37:{
        -:   38:_GLIBCXX_BEGIN_NAMESPACE_VERSION
        -:   39:
        -:   40:  // Used, in C++03 mode too, by allocators, etc.
        -:   41:  /**
        -:   42:   *  @brief Same as C++11 std::addressof
        -:   43:   *  @ingroup utilities
        -:   44:   */
        -:   45:  template<typename _Tp>
        -:   46:    inline _GLIBCXX_CONSTEXPR _Tp*
      18*:   47:    __addressof(_Tp& __r) _GLIBCXX_NOEXCEPT
      18*:   48:    { return __builtin_addressof(__r); }
------------------
_ZSt11__addressofIN7testing8internal9TraceInfoEEPT_RS3_:
function _ZSt11__addressofIN7testing8internal9TraceInfoEEPT_RS3_ called 0 returned 0% blocks executed 0%
    #####:   47:    __addressof(_Tp& __r) _GLIBCXX_NOEXCEPT
    #####:   48:    { return __builtin_addressof(__r); }
    %%%%%:   48-block  0
------------------
_ZSt11__addressofIN7testing12TestPropertyEEPT_RS2_:
function _ZSt11__addressofIN7testing12TestPropertyEEPT_RS2_ called 0 returned 0% blocks executed 0%
    #####:   47:    __addressof(_Tp& __r) _GLIBCXX_NOEXCEPT
    #####:   48:    { return __builtin_addressof(__r); }
    %%%%%:   48-block  0
------------------
_ZSt11__addressofISaISt10_List_nodeISt4pairIcPKcEEEEPT_RS7_:
function _ZSt11__addressofISaISt10_List_nodeISt4pairIcPKcEEEEPT_RS7_ called 0 returned 0% blocks executed 0%
    #####:   47:    __addressof(_Tp& __r) _GLIBCXX_NOEXCEPT
    #####:   48:    { return __builtin_addressof(__r); }
    %%%%%:   48-block  0
------------------
_ZSt11__addressofISt6vectorIN7testing8internal13edit_distance8EditTypeESaIS4_EEEPT_RS7_:
function _ZSt11__addressofISt6vectorIN7testing8internal13edit_distance8EditTypeESaIS4_EEEPT_RS7_ called 0 returned 0% blocks executed 0%
    #####:   47:    __addressof(_Tp& __r) _GLIBCXX_NOEXCEPT
    #####:   48:    { return __builtin_addressof(__r); }
    %%%%%:   48-block  0
------------------
_ZSt11__addressofISt6vectorIdSaIdEEEPT_RS3_:
function _ZSt11__addressofISt6vectorIdSaIdEEEPT_RS3_ called 0 returned 0% blocks executed 0%
    #####:   47:    __addressof(_Tp& __r) _GLIBCXX_NOEXCEPT
    #####:   48:    { return __builtin_addressof(__r); }
    %%%%%:   48-block  0
------------------
_ZSt11__addressofINSt7__cxx1112basic_stringIcSt11char_traitsIcESaIcEEEEPT_RS6_:
function _ZSt11__addressofINSt7__cxx1112basic_stringIcSt11char_traitsIcESaIcEEEEPT_RS6_ called 18 returned 100% blocks executed 100%
       18:   47:    __addressof(_Tp& __r) _GLIBCXX_NOEXCEPT
       18:   48:    { return __builtin_addressof(__r); }
       18:   48-block  0
------------------
_ZSt11__addressofIN7testing14TestPartResultEEPT_RS2_:
function _ZSt11__addressofIN7testing14TestPartResultEEPT_RS2_ called 0 returned 0% blocks executed 0%
    #####:   47:    __addressof(_Tp& __r) _GLIBCXX_NOEXCEPT
    #####:   48:    { return __builtin_addressof(__r); }
    %%%%%:   48-block  0
------------------
        -:   49:
        -:   50:#if __cplusplus >= 201103L
        -:   51:
        -:   52:_GLIBCXX_END_NAMESPACE_VERSION
        -:   53:} // namespace
        -:   54:
        -:   55:#include <type_traits> // Brings in std::declval too.
        -:   56:
        -:   57:namespace std _GLIBCXX_VISIBILITY(default)
        -:   58:{
        -:   59:_GLIBCXX_BEGIN_NAMESPACE_VERSION
        -:   60:
        -:   61:  /**
        -:   62:   *  @addtogroup utilities
        -:   63:   *  @{
        -:   64:   */
        -:   65:
        -:   66:  /**
        -:   67:   *  @brief  Forward an lvalue.
        -:   68:   *  @return The parameter cast to the specified type.
        -:   69:   *
        -:   70:   *  This function is used to implement "perfect forwarding".
        -:   71:   */
        -:   72:  template<typename _Tp>
        -:   73:    constexpr _Tp&&
      74*:   74:    forward(typename std::remove_reference<_Tp>::type& __t) noexcept
      74*:   75:    { return static_cast<_Tp&&>(__t); }
------------------
_ZSt7forwardISt5tupleIJRKNSt7__cxx1112basic_stringIcSt11char_traitsIcESaIcEEEEEEOT_RNSt16remove_referenceISA_E4typeE:
function _ZSt7forwardISt5tupleIJRKNSt7__cxx1112basic_stringIcSt11char_traitsIcESaIcEEEEEEOT_RNSt16remove_referenceISA_E4typeE called 0 returned 0% blocks executed 0%
    #####:   74:    forward(typename std::remove_reference<_Tp>::type& __t) noexcept
    #####:   75:    { return static_cast<_Tp&&>(__t); }
    %%%%%:   75-block  0
call    0 never executed
------------------
_ZSt7forwardIRKN7testing8internal9TraceInfoEEOT_RNSt16remove_referenceIS5_E4typeE:
function _ZSt7forwardIRKN7testing8internal9TraceInfoEEOT_RNSt16remove_referenceIS5_E4typeE called 0 returned 0% blocks executed 0%
    #####:   74:    forward(typename std::remove_reference<_Tp>::type& __t) noexcept
    #####:   75:    { return static_cast<_Tp&&>(__t); }
    %%%%%:   75-block  0
call    0 never executed
------------------
_ZSt7forwardIRKPN7testing11EnvironmentEEOT_RNSt16remove_referenceIS5_E4typeE:
function _ZSt7forwardIRKPN7testing11EnvironmentEEOT_RNSt16remove_referenceIS5_E4typeE called 0 returned 0% blocks executed 0%
    #####:   74:    forward(typename std::remove_reference<_Tp>::type& __t) noexcept
    #####:   75:    { return static_cast<_Tp&&>(__t); }
    %%%%%:   75-block  0
call    0 never executed
------------------
_ZSt7forwardIRKPN7testing17TestEventListenerEEOT_RNSt16remove_referenceIS5_E4typeE:
function _ZSt7forwardIRKPN7testing17TestEventListenerEEOT_RNSt16remove_referenceIS5_E4typeE called 3 returned 100% blocks executed 100%
        3:   74:    forward(typename std::remove_reference<_Tp>::type& __t) noexcept
        3:   75:    { return static_cast<_Tp&&>(__t); }
        3:   75-block  0
call    0 returned 3
------------------
_ZSt7forwardIiEOT_RNSt16remove_referenceIS0_E4typeE:
function _ZSt7forwardIiEOT_RNSt16remove_referenceIS0_E4typeE called 29 returned 100% blocks executed 100%
       29:   74:    forward(typename std::remove_reference<_Tp>::type& __t) noexcept
       29:   75:    { return static_cast<_Tp&&>(__t); }
       29:   75-block  0
call    0 returned 29
------------------
_ZSt7forwardIRKPN7testing8TestInfoEEOT_RNSt16remove_referenceIS5_E4typeE:
function _ZSt7forwardIRKPN7testing8TestInfoEEOT_RNSt16remove_referenceIS5_E4typeE called 18 returned 100% blocks executed 100%
       18:   74:    forward(typename std::remove_reference<_Tp>::type& __t) noexcept
       18:   75:    { return static_cast<_Tp&&>(__t); }
       18:   75-block  0
call    0 returned 18
------------------
_ZSt7forwardIRKN7testing12TestPropertyEEOT_RNSt16remove_referenceIS4_E4typeE:
function _ZSt7forwardIRKN7testing12TestPropertyEEOT_RNSt16remove_referenceIS4_E4typeE called 0 returned 0% blocks executed 0%
    #####:   74:    forward(typename std::remove_reference<_Tp>::type& __t) noexcept
    #####:   75:    { return static_cast<_Tp&&>(__t); }
    %%%%%:   75-block  0
call    0 never executed
------------------
_ZSt7forwardIRKN7testing14TestPartResultEEOT_RNSt16remove_referenceIS4_E4typeE:
function _ZSt7forwardIRKN7testing14TestPartResultEEOT_RNSt16remove_referenceIS4_E4typeE called 0 returned 0% blocks executed 0%
    #####:   74:    forward(typename std::remove_reference<_Tp>::type& __t) noexcept
    #####:   75:    { return static_cast<_Tp&&>(__t); }
    %%%%%:   75-block  0
call    0 never executed
------------------
_ZSt7forwardISt4pairIcPKcEEOT_RNSt16remove_referenceIS4_E4typeE:
function _ZSt7forwardISt4pairIcPKcEEOT_RNSt16remove_referenceIS4_E4typeE called 0 returned 0% blocks executed 0%
    #####:   74:    forward(typename std::remove_reference<_Tp>::type& __t) noexcept
    #####:   75:    { return static_cast<_Tp&&>(__t); }
    %%%%%:   75-block  0
call    0 never executed
------------------
_ZSt7forwardImEOT_RNSt16remove_referenceIS0_E4typeE:
function _ZSt7forwardImEOT_RNSt16remove_referenceIS0_E4typeE called 0 returned 0% blocks executed 0%
    #####:   74:    forward(typename std::remove_reference<_Tp>::type& __t) noexcept
    #####:   75:    { return static_cast<_Tp&&>(__t); }
    %%%%%:   75-block  0
call    0 never executed
------------------
_ZSt7forwardISt5tupleIJEEEOT_RNSt16remove_referenceIS2_E4typeE:
function _ZSt7forwardISt5tupleIJEEEOT_RNSt16remove_referenceIS2_E4typeE called 0 returned 0% blocks executed 0%
    #####:   74:    forward(typename std::remove_reference<_Tp>::type& __t) noexcept
    #####:   75:    { return static_cast<_Tp&&>(__t); }
    %%%%%:   75-block  0
call    0 never executed
------------------
_ZSt7forwardIRKPN7testing9TestSuiteEEOT_RNSt16remove_referenceIS5_E4typeE:
function _ZSt7forwardIRKPN7testing9TestSuiteEEOT_RNSt16remove_referenceIS5_E4typeE called 3 returned 100% blocks executed 100%
        3:   74:    forward(typename std::remove_reference<_Tp>::type& __t) noexcept
        3:   75:    { return static_cast<_Tp&&>(__t); }
        3:   75-block  0
call    0 returned 3
------------------
_ZSt7forwardIRKSt21piecewise_construct_tEOT_RNSt16remove_referenceIS3_E4typeE:
function _ZSt7forwardIRKSt21piecewise_construct_tEOT_RNSt16remove_referenceIS3_E4typeE called 0 returned 0% blocks executed 0%
    #####:   74:    forward(typename std::remove_reference<_Tp>::type& __t) noexcept
    #####:   75:    { return static_cast<_Tp&&>(__t); }
    %%%%%:   75-block  0
call    0 never executed
------------------
_ZSt7forwardIRKN7testing8internal13edit_distance8EditTypeEEOT_RNSt16remove_referenceIS6_E4typeE:
function _ZSt7forwardIRKN7testing8internal13edit_distance8EditTypeEEOT_RNSt16remove_referenceIS6_E4typeE called 0 returned 0% blocks executed 0%
    #####:   74:    forward(typename std::remove_reference<_Tp>::type& __t) noexcept
    #####:   75:    { return static_cast<_Tp&&>(__t); }
    %%%%%:   75-block  0
call    0 never executed
------------------
_ZSt7forwardIRbEOT_RNSt16remove_referenceIS1_E4typeE:
function _ZSt7forwardIRbEOT_RNSt16remove_referenceIS1_E4typeE called 0 returned 0% blocks executed 0%
    #####:   74:    forward(typename std::remove_reference<_Tp>::type& __t) noexcept
    #####:   75:    { return static_cast<_Tp&&>(__t); }
    %%%%%:   75-block  0
call    0 never executed
------------------
_ZSt7forwardIRSt17_Rb_tree_iteratorINSt7__cxx1112basic_stringIcSt11char_traitsIcESaIcEEEEEOT_RNSt16remove_referenceIS9_E4typeE:
function _ZSt7forwardIRSt17_Rb_tree_iteratorINSt7__cxx1112basic_stringIcSt11char_traitsIcESaIcEEEEEOT_RNSt16remove_referenceIS9_E4typeE called 0 returned 0% blocks executed 0%
    #####:   74:    forward(typename std::remove_reference<_Tp>::type& __t) noexcept
    #####:   75:    { return static_cast<_Tp&&>(__t); }
    %%%%%:   75-block  0
call    0 never executed
------------------
_ZSt7forwardIN7testing8internal9EqMatcherINSt7__cxx1112basic_stringIcSt11char_traitsIcESaIcEEEEEEOT_RNSt16remove_referenceISA_E4typeE:
function _ZSt7forwardIN7testing8internal9EqMatcherINSt7__cxx1112basic_stringIcSt11char_traitsIcESaIcEEEEEEOT_RNSt16remove_referenceISA_E4typeE called 0 returned 0% blocks executed 0%
    #####:   74:    forward(typename std::remove_reference<_Tp>::type& __t) noexcept
    #####:   75:    { return static_cast<_Tp&&>(__t); }
    %%%%%:   75-block  0
call    0 never executed
------------------
_ZSt7forwardIcEOT_RNSt16remove_referenceIS0_E4typeE:
function _ZSt7forwardIcEOT_RNSt16remove_referenceIS0_E4typeE called 0 returned 0% blocks executed 0%
    #####:   74:    forward(typename std::remove_reference<_Tp>::type& __t) noexcept
    #####:   75:    { return static_cast<_Tp&&>(__t); }
    %%%%%:   75-block  0
call    0 never executed
------------------
_ZSt7forwardIN7testing8internal34TypeParameterizedTestSuiteRegistry30TypeParameterizedTestSuiteInfoEEOT_RNSt16remove_referenceIS4_E4typeE:
function _ZSt7forwardIN7testing8internal34TypeParameterizedTestSuiteRegistry30TypeParameterizedTestSuiteInfoEEOT_RNSt16remove_referenceIS4_E4typeE called 0 returned 0% blocks executed 0%
    #####:   74:    forward(typename std::remove_reference<_Tp>::type& __t) noexcept
    #####:   75:    { return static_cast<_Tp&&>(__t); }
    %%%%%:   75-block  0
call    0 never executed
------------------
_ZSt7forwardINSt7__cxx1112basic_stringIcSt11char_traitsIcESaIcEEEEOT_RNSt16remove_referenceIS6_E4typeE:
function _ZSt7forwardINSt7__cxx1112basic_stringIcSt11char_traitsIcESaIcEEEEOT_RNSt16remove_referenceIS6_E4typeE called 18 returned 100% blocks executed 100%
       18:   74:    forward(typename std::remove_reference<_Tp>::type& __t) noexcept
       18:   75:    { return static_cast<_Tp&&>(__t); }
       18:   75-block  0
call    0 returned 18
------------------
_ZSt7forwardIRPKcEOT_RNSt16remove_referenceIS3_E4typeE:
function _ZSt7forwardIRPKcEOT_RNSt16remove_referenceIS3_E4typeE called 0 returned 0% blocks executed 0%
    #####:   74:    forward(typename std::remove_reference<_Tp>::type& __t) noexcept
    #####:   75:    { return static_cast<_Tp&&>(__t); }
    %%%%%:   75-block  0
call    0 never executed
------------------
_ZSt7forwardIPKN7testing8internal11MatcherBaseIRKNSt7__cxx1112basic_stringIcSt11char_traitsIcESaIcEEEEEEOT_RNSt16remove_referenceISE_E4typeE:
function _ZSt7forwardIPKN7testing8internal11MatcherBaseIRKNSt7__cxx1112basic_stringIcSt11char_traitsIcESaIcEEEEEEOT_RNSt16remove_referenceISE_E4typeE called 0 returned 0% blocks executed 0%
    #####:   74:    forward(typename std::remove_reference<_Tp>::type& __t) noexcept
    #####:   75:    { return static_cast<_Tp&&>(__t); }
    %%%%%:   75-block  0
call    0 never executed
------------------
_ZSt7forwardIRKPKcEOT_RNSt16remove_referenceIS4_E4typeE:
function _ZSt7forwardIRKPKcEOT_RNSt16remove_referenceIS4_E4typeE called 0 returned 0% blocks executed 0%
    #####:   74:    forward(typename std::remove_reference<_Tp>::type& __t) noexcept
    #####:   75:    { return static_cast<_Tp&&>(__t); }
    %%%%%:   75-block  0
call    0 never executed
------------------
_ZSt7forwardIN7testing12TestPropertyEEOT_RNSt16remove_referenceIS2_E4typeE:
function _ZSt7forwardIN7testing12TestPropertyEEOT_RNSt16remove_referenceIS2_E4typeE called 0 returned 0% blocks executed 0%
    #####:   74:    forward(typename std::remove_reference<_Tp>::type& __t) noexcept
    #####:   75:    { return static_cast<_Tp&&>(__t); }
    %%%%%:   75-block  0
call    0 never executed
------------------
_ZSt7forwardIN7testing14TestPartResultEEOT_RNSt16remove_referenceIS2_E4typeE:
function _ZSt7forwardIN7testing14TestPartResultEEOT_RNSt16remove_referenceIS2_E4typeE called 0 returned 0% blocks executed 0%
    #####:   74:    forward(typename std::remove_reference<_Tp>::type& __t) noexcept
    #####:   75:    { return static_cast<_Tp&&>(__t); }
    %%%%%:   75-block  0
call    0 never executed
------------------
_ZSt7forwardIOPKN7testing8internal11MatcherBaseINSt7__cxx1112basic_stringIcSt11char_traitsIcESaIcEEEEEEOT_RNSt16remove_referenceISD_E4typeE:
function _ZSt7forwardIOPKN7testing8internal11MatcherBaseINSt7__cxx1112basic_stringIcSt11char_traitsIcESaIcEEEEEEOT_RNSt16remove_referenceISD_E4typeE called 0 returned 0% blocks executed 0%
    #####:   74:    forward(typename std::remove_reference<_Tp>::type& __t) noexcept
    #####:   75:    { return static_cast<_Tp&&>(__t); }
    %%%%%:   75-block  0
call    0 never executed
------------------
_ZSt7forwardIOPKN7testing8internal11MatcherBaseIRKNSt7__cxx1112basic_stringIcSt11char_traitsIcESaIcEEEEEEOT_RNSt16remove_referenceISF_E4typeE:
function _ZSt7forwardIOPKN7testing8internal11MatcherBaseIRKNSt7__cxx1112basic_stringIcSt11char_traitsIcESaIcEEEEEEOT_RNSt16remove_referenceISF_E4typeE called 0 returned 0% blocks executed 0%
    #####:   74:    forward(typename std::remove_reference<_Tp>::type& __t) noexcept
    #####:   75:    { return static_cast<_Tp&&>(__t); }
    %%%%%:   75-block  0
call    0 never executed
------------------
_ZSt7forwardIPKN7testing8internal9EqMatcherINSt7__cxx1112basic_stringIcSt11char_traitsIcESaIcEEEEEEOT_RNSt16remove_referenceISC_E4typeE:
function _ZSt7forwardIPKN7testing8internal9EqMatcherINSt7__cxx1112basic_stringIcSt11char_traitsIcESaIcEEEEEEOT_RNSt16remove_referenceISC_E4typeE called 0 returned 0% blocks executed 0%
    #####:   74:    forward(typename std::remove_reference<_Tp>::type& __t) noexcept
    #####:   75:    { return static_cast<_Tp&&>(__t); }
    %%%%%:   75-block  0
call    0 never executed
------------------
_ZSt7forwardIRKSt6vectorIN7testing8internal13edit_distance8EditTypeESaIS4_EEEOT_RNSt16remove_referenceIS9_E4typeE:
function _ZSt7forwardIRKSt6vectorIN7testing8internal13edit_distance8EditTypeESaIS4_EEEOT_RNSt16remove_referenceIS9_E4typeE called 0 returned 0% blocks executed 0%
    #####:   74:    forward(typename std::remove_reference<_Tp>::type& __t) noexcept
    #####:   75:    { return static_cast<_Tp&&>(__t); }
    %%%%%:   75-block  0
call    0 never executed
------------------
_ZSt7forwardIRKSt6vectorIdSaIdEEEOT_RNSt16remove_referenceIS5_E4typeE:
function _ZSt7forwardIRKSt6vectorIdSaIdEEEOT_RNSt16remove_referenceIS5_E4typeE called 0 returned 0% blocks executed 0%
    #####:   74:    forward(typename std::remove_reference<_Tp>::type& __t) noexcept
    #####:   75:    { return static_cast<_Tp&&>(__t); }
    %%%%%:   75-block  0
call    0 never executed
------------------
_ZSt7forwardIRPSt13_Rb_tree_nodeISt4pairIKNSt7__cxx1112basic_stringIcSt11char_traitsIcESaIcEEEmEEEOT_RNSt16remove_referenceISD_E4typeE:
function _ZSt7forwardIRPSt13_Rb_tree_nodeISt4pairIKNSt7__cxx1112basic_stringIcSt11char_traitsIcESaIcEEEmEEEOT_RNSt16remove_referenceISD_E4typeE called 0 returned 0% blocks executed 0%
    #####:   74:    forward(typename std::remove_reference<_Tp>::type& __t) noexcept
    #####:   75:    { return static_cast<_Tp&&>(__t); }
    %%%%%:   75-block  0
call    0 never executed
------------------
_ZSt7forwardIPKN7testing8internal11MatcherBaseINSt7__cxx1112basic_stringIcSt11char_traitsIcESaIcEEEEEEOT_RNSt16remove_referenceISC_E4typeE:
function _ZSt7forwardIPKN7testing8internal11MatcherBaseINSt7__cxx1112basic_stringIcSt11char_traitsIcESaIcEEEEEEOT_RNSt16remove_referenceISC_E4typeE called 0 returned 0% blocks executed 0%
    #####:   74:    forward(typename std::remove_reference<_Tp>::type& __t) noexcept
    #####:   75:    { return static_cast<_Tp&&>(__t); }
    %%%%%:   75-block  0
call    0 never executed
------------------
_ZSt7forwardIN7testing8internal9TraceInfoEEOT_RNSt16remove_referenceIS3_E4typeE:
function _ZSt7forwardIN7testing8internal9TraceInfoEEOT_RNSt16remove_referenceIS3_E4typeE called 0 returned 0% blocks executed 0%
    #####:   74:    forward(typename std::remove_reference<_Tp>::type& __t) noexcept
    #####:   75:    { return static_cast<_Tp&&>(__t); }
    %%%%%:   75-block  0
call    0 never executed
------------------
_ZSt7forwardIRPSt13_Rb_tree_nodeISt4pairIKNSt7__cxx1112basic_stringIcSt11char_traitsIcESaIcEEEN7testing8internal34TypeParameterizedTestSuiteRegistry30TypeParameterizedTestSuiteInfoEEEEOT_RNSt16remove_referenceISH_E4typeE:
function _ZSt7forwardIRPSt13_Rb_tree_nodeISt4pairIKNSt7__cxx1112basic_stringIcSt11char_traitsIcESaIcEEEN7testing8internal34TypeParameterizedTestSuiteRegistry30TypeParameterizedTestSuiteInfoEEEEOT_RNSt16remove_referenceISH_E4typeE called 0 returned 0% blocks executed 0%
    #####:   74:    forward(typename std::remove_reference<_Tp>::type& __t) noexcept
    #####:   75:    { return static_cast<_Tp&&>(__t); }
    %%%%%:   75-block  0
call    0 never executed
------------------
_ZSt7forwardIRPSt13_Rb_tree_nodeINSt7__cxx1112basic_stringIcSt11char_traitsIcESaIcEEEEEOT_RNSt16remove_referenceISA_E4typeE:
function _ZSt7forwardIRPSt13_Rb_tree_nodeINSt7__cxx1112basic_stringIcSt11char_traitsIcESaIcEEEEEOT_RNSt16remove_referenceISA_E4typeE called 0 returned 0% blocks executed 0%
    #####:   74:    forward(typename std::remove_reference<_Tp>::type& __t) noexcept
    #####:   75:    { return static_cast<_Tp&&>(__t); }
    %%%%%:   75-block  0
call    0 never executed
------------------
_ZSt7forwardIRPSt18_Rb_tree_node_baseEOT_RNSt16remove_referenceIS3_E4typeE:
function _ZSt7forwardIRPSt18_Rb_tree_node_baseEOT_RNSt16remove_referenceIS3_E4typeE called 0 returned 0% blocks executed 0%
    #####:   74:    forward(typename std::remove_reference<_Tp>::type& __t) noexcept
    #####:   75:    { return static_cast<_Tp&&>(__t); }
    %%%%%:   75-block  0
call    0 never executed
------------------
_ZSt7forwardISt17_Rb_tree_iteratorISt4pairIKNSt7__cxx1112basic_stringIcSt11char_traitsIcESaIcEEEN7testing8internal34TypeParameterizedTestSuiteRegistry30TypeParameterizedTestSuiteInfoEEEEOT_RNSt16remove_referenceISF_E4typeE:
function _ZSt7forwardISt17_Rb_tree_iteratorISt4pairIKNSt7__cxx1112basic_stringIcSt11char_traitsIcESaIcEEEN7testing8internal34TypeParameterizedTestSuiteRegistry30TypeParameterizedTestSuiteInfoEEEEOT_RNSt16remove_referenceISF_E4typeE called 0 returned 0% blocks executed 0%
    #####:   74:    forward(typename std::remove_reference<_Tp>::type& __t) noexcept
    #####:   75:    { return static_cast<_Tp&&>(__t); }
    %%%%%:   75-block  0
call    0 never executed
------------------
_ZSt7forwardISt17_Rb_tree_iteratorINSt7__cxx1112basic_stringIcSt11char_traitsIcESaIcEEEEEOT_RNSt16remove_referenceIS8_E4typeE:
function _ZSt7forwardISt17_Rb_tree_iteratorINSt7__cxx1112basic_stringIcSt11char_traitsIcESaIcEEEEEOT_RNSt16remove_referenceIS8_E4typeE called 0 returned 0% blocks executed 0%
    #####:   74:    forward(typename std::remove_reference<_Tp>::type& __t) noexcept
    #####:   75:    { return static_cast<_Tp&&>(__t); }
    %%%%%:   75-block  0
call    0 never executed
------------------
_ZSt7forwardIbEOT_RNSt16remove_referenceIS0_E4typeE:
function _ZSt7forwardIbEOT_RNSt16remove_referenceIS0_E4typeE called 0 returned 0% blocks executed 0%
    #####:   74:    forward(typename std::remove_reference<_Tp>::type& __t) noexcept
    #####:   75:    { return static_cast<_Tp&&>(__t); }
    %%%%%:   75-block  0
call    0 never executed
------------------
_ZSt7forwardIRKNSt7__cxx1112basic_stringIcSt11char_traitsIcESaIcEEEEOT_RNSt16remove_referenceIS8_E4typeE:
function _ZSt7forwardIRKNSt7__cxx1112basic_stringIcSt11char_traitsIcESaIcEEEEOT_RNSt16remove_referenceIS8_E4typeE called 3 returned 100% blocks executed 100%
        3:   74:    forward(typename std::remove_reference<_Tp>::type& __t) noexcept
        3:   75:    { return static_cast<_Tp&&>(__t); }
        3:   75-block  0
call    0 returned 3
------------------
_ZSt7forwardIPcEOT_RNSt16remove_referenceIS1_E4typeE:
function _ZSt7forwardIPcEOT_RNSt16remove_referenceIS1_E4typeE called 0 returned 0% blocks executed 0%
    #####:   74:    forward(typename std::remove_reference<_Tp>::type& __t) noexcept
    #####:   75:    { return static_cast<_Tp&&>(__t); }
    %%%%%:   75-block  0
call    0 never executed
------------------
_ZSt7forwardIPN7testing9TestSuiteEEOT_RNSt16remove_referenceIS3_E4typeE:
function _ZSt7forwardIPN7testing9TestSuiteEEOT_RNSt16remove_referenceIS3_E4typeE called 0 returned 0% blocks executed 0%
    #####:   74:    forward(typename std::remove_reference<_Tp>::type& __t) noexcept
    #####:   75:    { return static_cast<_Tp&&>(__t); }
    %%%%%:   75-block  0
call    0 never executed
------------------
        -:   76:
        -:   77:  /**
        -:   78:   *  @brief  Forward an rvalue.
        -:   79:   *  @return The parameter cast to the specified type.
        -:   80:   *
        -:   81:   *  This function is used to implement "perfect forwarding".
        -:   82:   */
        -:   83:  template<typename _Tp>
        -:   84:    constexpr _Tp&&
        -:   85:    forward(typename std::remove_reference<_Tp>::type&& __t) noexcept
        -:   86:    {
        -:   87:      static_assert(!std::is_lvalue_reference<_Tp>::value, "template argument"
        -:   88:		    " substituting _Tp is an lvalue reference type");
        -:   89:      return static_cast<_Tp&&>(__t);
        -:   90:    }
        -:   91:
        -:   92:  /**
        -:   93:   *  @brief  Convert a value to an rvalue.
        -:   94:   *  @param  __t  A thing of arbitrary type.
        -:   95:   *  @return The parameter cast to an rvalue-reference to allow moving it.
        -:   96:  */
        -:   97:  template<typename _Tp>
        -:   98:    constexpr typename std::remove_reference<_Tp>::type&&
      86*:   99:    move(_Tp&& __t) noexcept
      86*:  100:    { return static_cast<typename std::remove_reference<_Tp>::type&&>(__t); }
------------------
_ZSt4moveIRPKNSt7__cxx1112basic_stringIcSt11char_traitsIcESaIcEEEEONSt16remove_referenceIT_E4typeEOSA_:
function _ZSt4moveIRPKNSt7__cxx1112basic_stringIcSt11char_traitsIcESaIcEEEEONSt16remove_referenceIT_E4typeEOSA_ called 0 returned 0% blocks executed 0%
    #####:   99:    move(_Tp&& __t) noexcept
    #####:  100:    { return static_cast<typename std::remove_reference<_Tp>::type&&>(__t); }
    %%%%%:  100-block  0
call    0 never executed
------------------
_ZSt4moveIRNSt7__cxx1112basic_stringIcSt11char_traitsIcESaIcEEEEONSt16remove_referenceIT_E4typeEOS8_:
function _ZSt4moveIRNSt7__cxx1112basic_stringIcSt11char_traitsIcESaIcEEEEONSt16remove_referenceIT_E4typeEOS8_ called 51 returned 100% blocks executed 100%
       51:   99:    move(_Tp&& __t) noexcept
       51:  100:    { return static_cast<typename std::remove_reference<_Tp>::type&&>(__t); }
       51:  100-block  0
call    0 returned 51
------------------
_ZSt4moveIRbEONSt16remove_referenceIT_E4typeEOS2_:
function _ZSt4moveIRbEONSt16remove_referenceIT_E4typeEOS2_ called 0 returned 0% blocks executed 0%
    #####:   99:    move(_Tp&& __t) noexcept
    #####:  100:    { return static_cast<typename std::remove_reference<_Tp>::type&&>(__t); }
    %%%%%:  100-block  0
call    0 never executed
------------------
_ZSt4moveIRN7testing7MatcherIRKNSt7__cxx1112basic_stringIcSt11char_traitsIcESaIcEEEEEEONSt16remove_referenceIT_E4typeEOSD_:
function _ZSt4moveIRN7testing7MatcherIRKNSt7__cxx1112basic_stringIcSt11char_traitsIcESaIcEEEEEEONSt16remove_referenceIT_E4typeEOSD_ called 0 returned 0% blocks executed 0%
    #####:   99:    move(_Tp&& __t) noexcept
    #####:  100:    { return static_cast<typename std::remove_reference<_Tp>::type&&>(__t); }
    %%%%%:  100-block  0
call    0 never executed
------------------
_ZSt4moveIRSaIcEEONSt16remove_referenceIT_E4typeEOS3_:
function _ZSt4moveIRSaIcEEONSt16remove_referenceIT_E4typeEOS3_ called 0 returned 0% blocks executed 0%
    #####:   99:    move(_Tp&& __t) noexcept
    #####:  100:    { return static_cast<typename std::remove_reference<_Tp>::type&&>(__t); }
    %%%%%:  100-block  0
call    0 never executed
------------------
_ZSt4moveIRPNSt7__cxx1118basic_stringstreamIcSt11char_traitsIcESaIcEEEEONSt16remove_referenceIT_E4typeEOS9_:
function _ZSt4moveIRPNSt7__cxx1118basic_stringstreamIcSt11char_traitsIcESaIcEEEEONSt16remove_referenceIT_E4typeEOS9_ called 0 returned 0% blocks executed 0%
    #####:   99:    move(_Tp&& __t) noexcept
    #####:  100:    { return static_cast<typename std::remove_reference<_Tp>::type&&>(__t); }
    %%%%%:  100-block  0
call    0 never executed
------------------
_ZSt4moveIRPNSt7__cxx1112basic_stringIcSt11char_traitsIcESaIcEEEEONSt16remove_referenceIT_E4typeEOS9_:
function _ZSt4moveIRPNSt7__cxx1112basic_stringIcSt11char_traitsIcESaIcEEEEONSt16remove_referenceIT_E4typeEOS9_ called 0 returned 0% blocks executed 0%
    #####:   99:    move(_Tp&& __t) noexcept
    #####:  100:    { return static_cast<typename std::remove_reference<_Tp>::type&&>(__t); }
    %%%%%:  100-block  0
call    0 never executed
------------------
_ZSt4moveIRPN7testing8internal24InternalRunDeathTestFlagEEONSt16remove_referenceIT_E4typeEOS6_:
function _ZSt4moveIRPN7testing8internal24InternalRunDeathTestFlagEEONSt16remove_referenceIT_E4typeEOS6_ called 3 returned 100% blocks executed 100%
        3:   99:    move(_Tp&& __t) noexcept
        3:  100:    { return static_cast<typename std::remove_reference<_Tp>::type&&>(__t); }
        3:  100-block  0
call    0 returned 3
------------------
_ZSt4moveIRPN7testing8internal17StreamingListener20AbstractSocketWriterEEONSt16remove_referenceIT_E4typeEOS7_:
function _ZSt4moveIRPN7testing8internal17StreamingListener20AbstractSocketWriterEEONSt16remove_referenceIT_E4typeEOS7_ called 0 returned 0% blocks executed 0%
    #####:   99:    move(_Tp&& __t) noexcept
    #####:  100:    { return static_cast<typename std::remove_reference<_Tp>::type&&>(__t); }
    %%%%%:  100-block  0
call    0 never executed
------------------
_ZSt4moveIRZN7testing8internal23InsertSyntheticTestCaseERKNSt7__cxx1112basic_stringIcSt11char_traitsIcESaIcEEENS1_12CodeLocationEbEUlvE_EONSt16remove_referenceIT_E4typeEOSE_:
function _ZSt4moveIRZN7testing8internal23InsertSyntheticTestCaseERKNSt7__cxx1112basic_stringIcSt11char_traitsIcESaIcEEENS1_12CodeLocationEbEUlvE_EONSt16remove_referenceIT_E4typeEOSE_ called 0 returned 0% blocks executed 0%
    #####:   99:    move(_Tp&& __t) noexcept
    #####:  100:    { return static_cast<typename std::remove_reference<_Tp>::type&&>(__t); }
    %%%%%:  100-block  0
call    0 never executed
------------------
_ZSt4moveIRZN7testing8internal34TypeParameterizedTestSuiteRegistry22CheckForInstantiationsEvEUlvE_EONSt16remove_referenceIT_E4typeEOS6_:
function _ZSt4moveIRZN7testing8internal34TypeParameterizedTestSuiteRegistry22CheckForInstantiationsEvEUlvE_EONSt16remove_referenceIT_E4typeEOS6_ called 0 returned 0% blocks executed 0%
    #####:   99:    move(_Tp&& __t) noexcept
    #####:  100:    { return static_cast<typename std::remove_reference<_Tp>::type&&>(__t); }
    %%%%%:  100-block  0
call    0 never executed
------------------
_ZSt4moveIRmEONSt16remove_referenceIT_E4typeEOS2_:
function _ZSt4moveIRmEONSt16remove_referenceIT_E4typeEOS2_ called 0 returned 0% blocks executed 0%
    #####:   99:    move(_Tp&& __t) noexcept
    #####:  100:    { return static_cast<typename std::remove_reference<_Tp>::type&&>(__t); }
    %%%%%:  100-block  0
call    0 never executed
------------------
_ZSt4moveIRSt4pairIcPKcEEONSt16remove_referenceIT_E4typeEOS6_:
function _ZSt4moveIRSt4pairIcPKcEEONSt16remove_referenceIT_E4typeEOS6_ called 0 returned 0% blocks executed 0%
    #####:   99:    move(_Tp&& __t) noexcept
    #####:  100:    { return static_cast<typename std::remove_reference<_Tp>::type&&>(__t); }
    %%%%%:  100-block  0
call    0 never executed
------------------
_ZSt4moveIRNSt7__cxx114listISt4pairIcPKcESaIS5_EEEEONSt16remove_referenceIT_E4typeEOSA_:
function _ZSt4moveIRNSt7__cxx114listISt4pairIcPKcESaIS5_EEEEONSt16remove_referenceIT_E4typeEOSA_ called 0 returned 0% blocks executed 0%
    #####:   99:    move(_Tp&& __t) noexcept
    #####:  100:    { return static_cast<typename std::remove_reference<_Tp>::type&&>(__t); }
    %%%%%:  100-block  0
call    0 never executed
------------------
_ZSt4moveIRPN7testing8internal14GTestFlagSaverEEONSt16remove_referenceIT_E4typeEOS6_:
function _ZSt4moveIRPN7testing8internal14GTestFlagSaverEEONSt16remove_referenceIT_E4typeEOS6_ called 7 returned 100% blocks executed 100%
        7:   99:    move(_Tp&& __t) noexcept
        7:  100:    { return static_cast<typename std::remove_reference<_Tp>::type&&>(__t); }
        7:  100-block  0
call    0 returned 7
------------------
_ZSt4moveIRN7testing8internal9TraceInfoEEONSt16remove_referenceIT_E4typeEOS5_:
function _ZSt4moveIRN7testing8internal9TraceInfoEEONSt16remove_referenceIT_E4typeEOS5_ called 0 returned 0% blocks executed 0%
    #####:   99:    move(_Tp&& __t) noexcept
    #####:  100:    { return static_cast<typename std::remove_reference<_Tp>::type&&>(__t); }
    %%%%%:  100-block  0
call    0 never executed
------------------
_ZSt4moveIRiEONSt16remove_referenceIT_E4typeEOS2_:
function _ZSt4moveIRiEONSt16remove_referenceIT_E4typeEOS2_ called 8 returned 100% blocks executed 100%
        8:   99:    move(_Tp&& __t) noexcept
        8:  100:    { return static_cast<typename std::remove_reference<_Tp>::type&&>(__t); }
        8:  100-block  0
call    0 returned 8
------------------
_ZSt4moveIRPN7testing8internal16DeathTestFactoryEEONSt16remove_referenceIT_E4typeEOS6_:
function _ZSt4moveIRPN7testing8internal16DeathTestFactoryEEONSt16remove_referenceIT_E4typeEOS6_ called 1 returned 100% blocks executed 100%
        1:   99:    move(_Tp&& __t) noexcept
        1:  100:    { return static_cast<typename std::remove_reference<_Tp>::type&&>(__t); }
        1:  100-block  0
call    0 returned 1
------------------
_ZSt4moveIRPN7testing9TestSuiteEEONSt16remove_referenceIT_E4typeEOS5_:
function _ZSt4moveIRPN7testing9TestSuiteEEONSt16remove_referenceIT_E4typeEOS5_ called 0 returned 0% blocks executed 0%
    #####:   99:    move(_Tp&& __t) noexcept
    #####:  100:    { return static_cast<typename std::remove_reference<_Tp>::type&&>(__t); }
    %%%%%:  100-block  0
call    0 never executed
------------------
_ZSt4moveIRPcEONSt16remove_referenceIT_E4typeEOS3_:
function _ZSt4moveIRPcEONSt16remove_referenceIT_E4typeEOS3_ called 0 returned 0% blocks executed 0%
    #####:   99:    move(_Tp&& __t) noexcept
    #####:  100:    { return static_cast<typename std::remove_reference<_Tp>::type&&>(__t); }
    %%%%%:  100-block  0
call    0 never executed
------------------
_ZSt4moveIRN7testing8internal17TestPropertyKeyIsEEONSt16remove_referenceIT_E4typeEOS5_:
function _ZSt4moveIRN7testing8internal17TestPropertyKeyIsEEONSt16remove_referenceIT_E4typeEOS5_ called 0 returned 0% blocks executed 0%
    #####:   99:    move(_Tp&& __t) noexcept
    #####:  100:    { return static_cast<typename std::remove_reference<_Tp>::type&&>(__t); }
    %%%%%:  100-block  0
call    0 never executed
------------------
_ZSt4moveIRPN7testing8internal11ThreadLocalIPNS0_31TestPartResultReporterInterfaceEE18ValueHolderFactoryEEONSt16remove_referenceIT_E4typeEOSA_:
function _ZSt4moveIRPN7testing8internal11ThreadLocalIPNS0_31TestPartResultReporterInterfaceEE18ValueHolderFactoryEEONSt16remove_referenceIT_E4typeEOSA_ called 1 returned 100% blocks executed 100%
        1:   99:    move(_Tp&& __t) noexcept
        1:  100:    { return static_cast<typename std::remove_reference<_Tp>::type&&>(__t); }
        1:  100-block  0
call    0 returned 1
------------------
_ZSt4moveIRPN7testing8internal11ThreadLocalISt6vectorINS1_9TraceInfoESaIS4_EEE18ValueHolderFactoryEEONSt16remove_referenceIT_E4typeEOSC_:
function _ZSt4moveIRPN7testing8internal11ThreadLocalISt6vectorINS1_9TraceInfoESaIS4_EEE18ValueHolderFactoryEEONSt16remove_referenceIT_E4typeEOSC_ called 1 returned 100% blocks executed 100%
        1:   99:    move(_Tp&& __t) noexcept
        1:  100:    { return static_cast<typename std::remove_reference<_Tp>::type&&>(__t); }
        1:  100-block  0
call    0 returned 1
------------------
_ZSt4moveIRN7testing8internal15TestSuiteNameIsEEONSt16remove_referenceIT_E4typeEOS5_:
function _ZSt4moveIRN7testing8internal15TestSuiteNameIsEEONSt16remove_referenceIT_E4typeEOS5_ called 14 returned 100% blocks executed 100%
       14:   99:    move(_Tp&& __t) noexcept
       14:  100:    { return static_cast<typename std::remove_reference<_Tp>::type&&>(__t); }
       14:  100-block  0
call    0 returned 14
------------------
_ZSt4moveIRSt14default_deleteINSt7__cxx1112basic_stringIcSt11char_traitsIcESaIcEEEEEONSt16remove_referenceIT_E4typeEOSA_:
function _ZSt4moveIRSt14default_deleteINSt7__cxx1112basic_stringIcSt11char_traitsIcESaIcEEEEEONSt16remove_referenceIT_E4typeEOSA_ called 0 returned 0% blocks executed 0%
    #####:   99:    move(_Tp&& __t) noexcept
    #####:  100:    { return static_cast<typename std::remove_reference<_Tp>::type&&>(__t); }
    %%%%%:  100-block  0
call    0 never executed
------------------
_ZSt4moveIRN7testing8internal13edit_distance8EditTypeEEONSt16remove_referenceIT_E4typeEOS6_:
function _ZSt4moveIRN7testing8internal13edit_distance8EditTypeEEONSt16remove_referenceIT_E4typeEOS6_ called 0 returned 0% blocks executed 0%
    #####:   99:    move(_Tp&& __t) noexcept
    #####:  100:    { return static_cast<typename std::remove_reference<_Tp>::type&&>(__t); }
    %%%%%:  100-block  0
call    0 never executed
------------------
_ZSt4moveIRN7testing8internal9EqMatcherINSt7__cxx1112basic_stringIcSt11char_traitsIcESaIcEEEEEEONSt16remove_referenceIT_E4typeEOSC_:
function _ZSt4moveIRN7testing8internal9EqMatcherINSt7__cxx1112basic_stringIcSt11char_traitsIcESaIcEEEEEEONSt16remove_referenceIT_E4typeEOSC_ called 0 returned 0% blocks executed 0%
    #####:   99:    move(_Tp&& __t) noexcept
    #####:  100:    { return static_cast<typename std::remove_reference<_Tp>::type&&>(__t); }
    %%%%%:  100-block  0
call    0 never executed
------------------
_ZSt4moveIRN7testing14TestPartResultEEONSt16remove_referenceIT_E4typeEOS4_:
function _ZSt4moveIRN7testing14TestPartResultEEONSt16remove_referenceIT_E4typeEOS4_ called 0 returned 0% blocks executed 0%
    #####:   99:    move(_Tp&& __t) noexcept
    #####:  100:    { return static_cast<typename std::remove_reference<_Tp>::type&&>(__t); }
    %%%%%:  100-block  0
call    0 never executed
------------------
_ZSt4moveIRN7testing12TestPropertyEEONSt16remove_referenceIT_E4typeEOS4_:
function _ZSt4moveIRN7testing12TestPropertyEEONSt16remove_referenceIT_E4typeEOS4_ called 0 returned 0% blocks executed 0%
    #####:   99:    move(_Tp&& __t) noexcept
    #####:  100:    { return static_cast<typename std::remove_reference<_Tp>::type&&>(__t); }
    %%%%%:  100-block  0
call    0 never executed
------------------
        -:  101:
        -:  102:
        -:  103:  template<typename _Tp>
        -:  104:    struct __move_if_noexcept_cond
        -:  105:    : public __and_<__not_<is_nothrow_move_constructible<_Tp>>,
        -:  106:                    is_copy_constructible<_Tp>>::type { };
        -:  107:
        -:  108:  /**
        -:  109:   *  @brief  Conditionally convert a value to an rvalue.
        -:  110:   *  @param  __x  A thing of arbitrary type.
        -:  111:   *  @return The parameter, possibly cast to an rvalue-reference.
        -:  112:   *
        -:  113:   *  Same as std::move unless the type's move constructor could throw and the
        -:  114:   *  type is copyable, in which case an lvalue-reference is returned instead.
        -:  115:   */
        -:  116:  template<typename _Tp>
        -:  117:    constexpr typename
        -:  118:    conditional<__move_if_noexcept_cond<_Tp>::value, const _Tp&, _Tp&&>::type
        -:  119:    move_if_noexcept(_Tp& __x) noexcept
        -:  120:    { return std::move(__x); }
        -:  121:
        -:  122:  // declval, from type_traits.
        -:  123:
        -:  124:#if __cplusplus > 201402L
        -:  125:  // _GLIBCXX_RESOLVE_LIB_DEFECTS
        -:  126:  // 2296. std::addressof should be constexpr
        -:  127:# define __cpp_lib_addressof_constexpr 201603
        -:  128:#endif
        -:  129:  /**
        -:  130:   *  @brief Returns the actual address of the object or function
        -:  131:   *         referenced by r, even in the presence of an overloaded
        -:  132:   *         operator&.
        -:  133:   *  @param  __r  Reference to an object or function.
        -:  134:   *  @return   The actual address.
        -:  135:  */
        -:  136:  template<typename _Tp>
        -:  137:    inline _GLIBCXX17_CONSTEXPR _Tp*
        -:  138:    addressof(_Tp& __r) noexcept
        -:  139:    { return std::__addressof(__r); }
        -:  140:
        -:  141:  // _GLIBCXX_RESOLVE_LIB_DEFECTS
        -:  142:  // 2598. addressof works on temporaries
        -:  143:  template<typename _Tp>
        -:  144:    const _Tp* addressof(const _Tp&&) = delete;
        -:  145:
        -:  146:  // C++11 version of std::exchange for internal use.
        -:  147:  template <typename _Tp, typename _Up = _Tp>
        -:  148:    inline _Tp
        -:  149:    __exchange(_Tp& __obj, _Up&& __new_val)
        -:  150:    {
        -:  151:      _Tp __old_val = std::move(__obj);
        -:  152:      __obj = std::forward<_Up>(__new_val);
        -:  153:      return __old_val;
        -:  154:    }
        -:  155:
        -:  156:  /// @} group utilities
        -:  157:
        -:  158:#define _GLIBCXX_MOVE(__val) std::move(__val)
        -:  159:#define _GLIBCXX_FORWARD(_Tp, __val) std::forward<_Tp>(__val)
        -:  160:#else
        -:  161:#define _GLIBCXX_MOVE(__val) (__val)
        -:  162:#define _GLIBCXX_FORWARD(_Tp, __val) (__val)
        -:  163:#endif
        -:  164:
        -:  165:  /**
        -:  166:   *  @addtogroup utilities
        -:  167:   *  @{
        -:  168:   */
        -:  169:
        -:  170:  /**
        -:  171:   *  @brief Swaps two values.
        -:  172:   *  @param  __a  A thing of arbitrary type.
        -:  173:   *  @param  __b  Another thing of arbitrary type.
        -:  174:   *  @return   Nothing.
        -:  175:  */
        -:  176:  template<typename _Tp>
        -:  177:    inline
        -:  178:#if __cplusplus >= 201103L
        -:  179:    typename enable_if<__and_<__not_<__is_tuple_like<_Tp>>,
        -:  180:			      is_move_constructible<_Tp>,
        -:  181:			      is_move_assignable<_Tp>>::value>::type
       1*:  182:    swap(_Tp& __a, _Tp& __b)
        -:  183:    noexcept(__and_<is_nothrow_move_constructible<_Tp>,
        -:  184:	            is_nothrow_move_assignable<_Tp>>::value)
        -:  185:#else
        -:  186:    void
        -:  187:    swap(_Tp& __a, _Tp& __b)
        -:  188:#endif
        -:  189:    {
        -:  190:      // concept requirements
        -:  191:      __glibcxx_function_requires(_SGIAssignableConcept<_Tp>)
        -:  192:
       1*:  193:      _Tp __tmp = _GLIBCXX_MOVE(__a);
       1*:  194:      __a = _GLIBCXX_MOVE(__b);
       1*:  195:      __b = _GLIBCXX_MOVE(__tmp);
       1*:  196:    }
------------------
_ZSt4swapIN7testing8internal13edit_distance8EditTypeEENSt9enable_ifIXsrSt6__and_IJSt6__not_ISt15__is_tuple_likeIT_EESt21is_move_constructibleIS8_ESt18is_move_assignableIS8_EEE5valueEvE4typeERS8_SI_:
function _ZSt4swapIN7testing8internal13edit_distance8EditTypeEENSt9enable_ifIXsrSt6__and_IJSt6__not_ISt15__is_tuple_likeIT_EESt21is_move_constructibleIS8_ESt18is_move_assignableIS8_EEE5valueEvE4typeERS8_SI_ called 0 returned 0% blocks executed 0%
    #####:  182:    swap(_Tp& __a, _Tp& __b)
        -:  183:    noexcept(__and_<is_nothrow_move_constructible<_Tp>,
        -:  184:	            is_nothrow_move_assignable<_Tp>>::value)
        -:  185:#else
        -:  186:    void
        -:  187:    swap(_Tp& __a, _Tp& __b)
        -:  188:#endif
        -:  189:    {
        -:  190:      // concept requirements
        -:  191:      __glibcxx_function_requires(_SGIAssignableConcept<_Tp>)
        -:  192:
    #####:  193:      _Tp __tmp = _GLIBCXX_MOVE(__a);
    %%%%%:  193-block  0
call    0 never executed
call    1 never executed
call    2 never executed
branch  3 never executed
branch  4 never executed
    %%%%%:  193-block  1
    #####:  194:      __a = _GLIBCXX_MOVE(__b);
    %%%%%:  194-block  0
call    0 never executed
call    1 never executed
branch  2 never executed
branch  3 never executed
    %%%%%:  194-block  1
    %%%%%:  194-block  2
call    4 never executed
    #####:  195:      __b = _GLIBCXX_MOVE(__tmp);
call    0 never executed
call    1 never executed
branch  2 never executed
branch  3 never executed
    %%%%%:  195-block  0
    %%%%%:  195-block  1
call    4 never executed
call    5 never executed
    #####:  196:    }
------------------
_ZSt4swapISt14default_deleteINSt7__cxx1112basic_stringIcSt11char_traitsIcESaIcEEEEENSt9enable_ifIXsrSt6__and_IJSt6__not_ISt15__is_tuple_likeIT_EESt21is_move_constructibleISC_ESt18is_move_assignableISC_EEE5valueEvE4typeERSC_SM_:
function _ZSt4swapISt14default_deleteINSt7__cxx1112basic_stringIcSt11char_traitsIcESaIcEEEEENSt9enable_ifIXsrSt6__and_IJSt6__not_ISt15__is_tuple_likeIT_EESt21is_move_constructibleISC_ESt18is_move_assignableISC_EEE5valueEvE4typeERSC_SM_ called 0 returned 0% blocks executed 0%
    #####:  182:    swap(_Tp& __a, _Tp& __b)
        -:  183:    noexcept(__and_<is_nothrow_move_constructible<_Tp>,
        -:  184:	            is_nothrow_move_assignable<_Tp>>::value)
        -:  185:#else
        -:  186:    void
        -:  187:    swap(_Tp& __a, _Tp& __b)
        -:  188:#endif
        -:  189:    {
        -:  190:      // concept requirements
        -:  191:      __glibcxx_function_requires(_SGIAssignableConcept<_Tp>)
        -:  192:
    #####:  193:      _Tp __tmp = _GLIBCXX_MOVE(__a);
    %%%%%:  193-block  0
call    0 never executed
call    1 never executed
call    2 never executed
    #####:  194:      __a = _GLIBCXX_MOVE(__b);
call    0 never executed
call    1 never executed
    #####:  195:      __b = _GLIBCXX_MOVE(__tmp);
call    0 never executed
call    1 never executed
    #####:  196:    }
------------------
_ZSt4swapIiENSt9enable_ifIXsrSt6__and_IJSt6__not_ISt15__is_tuple_likeIT_EESt21is_move_constructibleIS4_ESt18is_move_assignableIS4_EEE5valueEvE4typeERS4_SE_:
function _ZSt4swapIiENSt9enable_ifIXsrSt6__and_IJSt6__not_ISt15__is_tuple_likeIT_EESt21is_move_constructibleIS4_ESt18is_move_assignableIS4_EEE5valueEvE4typeERS4_SE_ called 0 returned 0% blocks executed 0%
    #####:  182:    swap(_Tp& __a, _Tp& __b)
        -:  183:    noexcept(__and_<is_nothrow_move_constructible<_Tp>,
        -:  184:	            is_nothrow_move_assignable<_Tp>>::value)
        -:  185:#else
        -:  186:    void
        -:  187:    swap(_Tp& __a, _Tp& __b)
        -:  188:#endif
        -:  189:    {
        -:  190:      // concept requirements
        -:  191:      __glibcxx_function_requires(_SGIAssignableConcept<_Tp>)
        -:  192:
    #####:  193:      _Tp __tmp = _GLIBCXX_MOVE(__a);
    %%%%%:  193-block  0
call    0 never executed
call    1 never executed
call    2 never executed
    #####:  194:      __a = _GLIBCXX_MOVE(__b);
call    0 never executed
call    1 never executed
call    2 never executed
    #####:  195:      __b = _GLIBCXX_MOVE(__tmp);
call    0 never executed
call    1 never executed
call    2 never executed
call    3 never executed
    #####:  196:    }
------------------
_ZSt4swapIPN7testing8internal24InternalRunDeathTestFlagEENSt9enable_ifIXsrSt6__and_IJSt6__not_ISt15__is_tuple_likeIT_EESt21is_move_constructibleIS8_ESt18is_move_assignableIS8_EEE5valueEvE4typeERS8_SI_:
function _ZSt4swapIPN7testing8internal24InternalRunDeathTestFlagEENSt9enable_ifIXsrSt6__and_IJSt6__not_ISt15__is_tuple_likeIT_EESt21is_move_constructibleIS8_ESt18is_move_assignableIS8_EEE5valueEvE4typeERS8_SI_ called 1 returned 100% blocks executed 100%
        1:  182:    swap(_Tp& __a, _Tp& __b)
        -:  183:    noexcept(__and_<is_nothrow_move_constructible<_Tp>,
        -:  184:	            is_nothrow_move_assignable<_Tp>>::value)
        -:  185:#else
        -:  186:    void
        -:  187:    swap(_Tp& __a, _Tp& __b)
        -:  188:#endif
        -:  189:    {
        -:  190:      // concept requirements
        -:  191:      __glibcxx_function_requires(_SGIAssignableConcept<_Tp>)
        -:  192:
        1:  193:      _Tp __tmp = _GLIBCXX_MOVE(__a);
        1:  193-block  0
call    0 returned 1
call    1 returned 1
call    2 returned 1
        1:  194:      __a = _GLIBCXX_MOVE(__b);
call    0 returned 1
call    1 returned 1
call    2 returned 1
        1:  195:      __b = _GLIBCXX_MOVE(__tmp);
call    0 returned 1
call    1 returned 1
call    2 returned 1
call    3 returned 1
        1:  196:    }
------------------
_ZSt4swapIPNSt7__cxx1112basic_stringIcSt11char_traitsIcESaIcEEEENSt9enable_ifIXsrSt6__and_IJSt6__not_ISt15__is_tuple_likeIT_EESt21is_move_constructibleISB_ESt18is_move_assignableISB_EEE5valueEvE4typeERSB_SL_:
function _ZSt4swapIPNSt7__cxx1112basic_stringIcSt11char_traitsIcESaIcEEEENSt9enable_ifIXsrSt6__and_IJSt6__not_ISt15__is_tuple_likeIT_EESt21is_move_constructibleISB_ESt18is_move_assignableISB_EEE5valueEvE4typeERSB_SL_ called 0 returned 0% blocks executed 0%
    #####:  182:    swap(_Tp& __a, _Tp& __b)
        -:  183:    noexcept(__and_<is_nothrow_move_constructible<_Tp>,
        -:  184:	            is_nothrow_move_assignable<_Tp>>::value)
        -:  185:#else
        -:  186:    void
        -:  187:    swap(_Tp& __a, _Tp& __b)
        -:  188:#endif
        -:  189:    {
        -:  190:      // concept requirements
        -:  191:      __glibcxx_function_requires(_SGIAssignableConcept<_Tp>)
        -:  192:
    #####:  193:      _Tp __tmp = _GLIBCXX_MOVE(__a);
    %%%%%:  193-block  0
call    0 never executed
call    1 never executed
call    2 never executed
    #####:  194:      __a = _GLIBCXX_MOVE(__b);
call    0 never executed
call    1 never executed
call    2 never executed
    #####:  195:      __b = _GLIBCXX_MOVE(__tmp);
call    0 never executed
call    1 never executed
call    2 never executed
call    3 never executed
    #####:  196:    }
------------------
_ZSt4swapIbENSt9enable_ifIXsrSt6__and_IJSt6__not_ISt15__is_tuple_likeIT_EESt21is_move_constructibleIS4_ESt18is_move_assignableIS4_EEE5valueEvE4typeERS4_SE_:
function _ZSt4swapIbENSt9enable_ifIXsrSt6__and_IJSt6__not_ISt15__is_tuple_likeIT_EESt21is_move_constructibleIS4_ESt18is_move_assignableIS4_EEE5valueEvE4typeERS4_SE_ called 0 returned 0% blocks executed 0%
    #####:  182:    swap(_Tp& __a, _Tp& __b)
        -:  183:    noexcept(__and_<is_nothrow_move_constructible<_Tp>,
        -:  184:	            is_nothrow_move_assignable<_Tp>>::value)
        -:  185:#else
        -:  186:    void
        -:  187:    swap(_Tp& __a, _Tp& __b)
        -:  188:#endif
        -:  189:    {
        -:  190:      // concept requirements
        -:  191:      __glibcxx_function_requires(_SGIAssignableConcept<_Tp>)
        -:  192:
    #####:  193:      _Tp __tmp = _GLIBCXX_MOVE(__a);
    %%%%%:  193-block  0
call    0 never executed
call    1 never executed
call    2 never executed
branch  3 never executed
branch  4 never executed
    %%%%%:  193-block  1
    #####:  194:      __a = _GLIBCXX_MOVE(__b);
    %%%%%:  194-block  0
call    0 never executed
call    1 never executed
branch  2 never executed
branch  3 never executed
    %%%%%:  194-block  1
    %%%%%:  194-block  2
call    4 never executed
    #####:  195:      __b = _GLIBCXX_MOVE(__tmp);
call    0 never executed
call    1 never executed
branch  2 never executed
branch  3 never executed
    %%%%%:  195-block  0
    %%%%%:  195-block  1
call    4 never executed
call    5 never executed
    #####:  196:    }
------------------
        -:  197:
        -:  198:  // _GLIBCXX_RESOLVE_LIB_DEFECTS
        -:  199:  // DR 809. std::swap should be overloaded for array types.
        -:  200:  /// Swap the contents of two arrays.
        -:  201:  template<typename _Tp, size_t _Nm>
        -:  202:    inline
        -:  203:#if __cplusplus >= 201103L
        -:  204:    typename enable_if<__is_swappable<_Tp>::value>::type
        -:  205:    swap(_Tp (&__a)[_Nm], _Tp (&__b)[_Nm])
        -:  206:    noexcept(__is_nothrow_swappable<_Tp>::value)
        -:  207:#else
        -:  208:    void
        -:  209:    swap(_Tp (&__a)[_Nm], _Tp (&__b)[_Nm])
        -:  210:#endif
        -:  211:    {
        -:  212:      for (size_t __n = 0; __n < _Nm; ++__n)
        -:  213:	swap(__a[__n], __b[__n]);
        -:  214:    }
        -:  215:
        -:  216:  /// @} group utilities
        -:  217:_GLIBCXX_END_NAMESPACE_VERSION
        -:  218:} // namespace
        -:  219:
        -:  220:#endif /* _MOVE_H */
