        -:    0:Source:/home/daniela/2ºano/Programação/prog_p4/src/test_stack.cpp
        -:    0:Graph:/home/daniela/2ºano/Programação/prog_p4/cmake-build-debug-coverage/CMakeFiles/test_stack.dir/src/test_stack.cpp.gcno
        -:    0:Data:/home/daniela/2ºano/Programação/prog_p4/cmake-build-debug-coverage/CMakeFiles/test_stack.dir/src/test_stack.cpp.gcda
        -:    0:Runs:1
        -:    1:#include <gtest/gtest.h>
        -:    2:#include <stack.h>
        -:    3:
        -:    4:// Test fixture
        -:    5:class test_stack : public testing::Test {
        -:    6:protected:
        -:    7:    stack* s;
function _ZN10test_stack5SetUpEv called 7 returned 100% blocks executed 100%
        7:    8:    void SetUp() override {
        7:    9:        s = stack_create();
        7:    9-block  0
call    0 returned 7
call    1 returned 7
call    2 returned 7
call    3 returned 7
call    4 returned 7
        7:   10:    }
function _ZN10test_stack8TearDownEv called 7 returned 100% blocks executed 100%
        7:   11:    void TearDown() override {
        7:   12:        stack_destroy(s);
        7:   12-block  0
call    0 returned 7
call    1 returned 7
call    2 returned 7
call    3 returned 7
call    4 returned 7
        7:   13:    }
        -:   14:};
        -:   15:
        -:   16:// Auxiliary macro
        -:   17:#define EXPECT_ARRAY_EQ(exp, arr) { \
        -:   18:  int __sz = sizeof(exp) / sizeof(int); \
        -:   19:  for (int __i = 0; __i < __sz; __i++) { \
        -:   20:    EXPECT_EQ((exp)[__i], (arr)[__i]) << "array pos " << __i; \
        -:   21:  } \
        -:   22:}
        -:   23:
        4:   24:TEST_F(test_stack, init) {
        1:   25:    int v;
       1*:   26:    EXPECT_EQ(0, stack_size(s));
       1*:   27:    EXPECT_TRUE(stack_is_empty(s));
       1*:   28:    EXPECT_FALSE(stack_peek(s, &v));
        1:   29:}
------------------
_ZN20test_stack_init_TestC2Ev:
function _ZN20test_stack_init_TestC2Ev called 1 returned 100% blocks executed 100%
        1:   24:TEST_F(test_stack, init) {
        1:   24-block  0
call    0 returned 1
call    1 returned 1
call    2 returned 1
call    3 returned 1
call    4 returned 1
------------------
_ZN20test_stack_init_TestD0Ev:
function _ZN20test_stack_init_TestD0Ev called 1 returned 100% blocks executed 100%
        1:   24:TEST_F(test_stack, init) {
        1:   24-block  0
call    0 returned 1
call    1 returned 1
------------------
_ZN20test_stack_init_TestD2Ev:
function _ZN20test_stack_init_TestD2Ev called 1 returned 100% blocks executed 100%
        1:   24:TEST_F(test_stack, init) {
        1:   24-block  0
call    0 returned 1
call    1 returned 1
call    2 returned 1
call    3 returned 1
call    4 returned 1
call    5 returned 1
call    6 returned 1
call    7 returned 1
------------------
_ZN20test_stack_init_Test8TestBodyEv:
function _ZN20test_stack_init_Test8TestBodyEv called 1 returned 100% blocks executed 34%
        1:   24:TEST_F(test_stack, init) {
        1:   25:    int v;
        1:   25-block  0
call    0 returned 1
       1*:   26:    EXPECT_EQ(0, stack_size(s));
call    0 returned 1
call    1 returned 1
call    2 returned 1
call    3 returned 1
call    4 returned 1
call    5 returned 1
call    6 returned 1
call    7 returned 1
branch  8 taken 1 (fallthrough)
branch  9 taken 0 (throw)
        1:   26-block  0
call   10 returned 1
call   11 returned 1
call   12 returned 1
call   13 returned 1
branch 14 taken 1 (fallthrough)
branch 15 taken 0 (throw)
        1:   26-block  1
call   16 returned 1
call   17 returned 1
call   18 returned 1
branch 19 taken 0 (fallthrough)
branch 20 taken 1
    %%%%%:   26-block  2
call   21 never executed
call   22 never executed
branch 23 never executed
branch 24 never executed
    %%%%%:   26-block  3
call   25 never executed
call   26 never executed
call   27 never executed
call   28 never executed
branch 29 never executed
branch 30 never executed
    %%%%%:   26-block  4
call   31 never executed
call   32 never executed
branch 33 never executed
branch 34 never executed
    %%%%%:   26-block  5
call   35 never executed
call   36 never executed
call   37 never executed
call   38 never executed
        1:   26-block  6
call   39 returned 1
    $$$$$:   26-block  7
call   40 never executed
    $$$$$:   26-block  8
call   41 never executed
    $$$$$:   26-block  9
call   42 never executed
    $$$$$:   26-block 10
call   43 never executed
    $$$$$:   26-block 11
call   44 never executed
    $$$$$:   26-block 12
call   45 never executed
    $$$$$:   26-block 13
call   46 never executed
       1*:   27:    EXPECT_TRUE(stack_is_empty(s));
call    0 returned 1
call    1 returned 1
call    2 returned 1
call    3 returned 1
call    4 returned 1
call    5 returned 1
call    6 returned 1
call    7 returned 1
branch  8 taken 1 (fallthrough)
branch  9 taken 0 (throw)
        1:   27-block  0
call   10 returned 1
call   11 returned 1
call   12 returned 1
branch 13 taken 0 (fallthrough)
branch 14 taken 1
    %%%%%:   27-block  1
call   15 never executed
call   16 never executed
branch 17 never executed
branch 18 never executed
    %%%%%:   27-block  2
call   19 never executed
call   20 never executed
call   21 never executed
call   22 never executed
branch 23 never executed
branch 24 never executed
    %%%%%:   27-block  3
call   25 never executed
call   26 never executed
call   27 never executed
branch 28 never executed
branch 29 never executed
    %%%%%:   27-block  4
call   30 never executed
call   31 never executed
branch 32 never executed
branch 33 never executed
    %%%%%:   27-block  5
call   34 never executed
call   35 never executed
call   36 never executed
call   37 never executed
call   38 never executed
call   39 never executed
        1:   27-block  6
call   40 returned 1
    $$$$$:   27-block  7
call   41 never executed
    $$$$$:   27-block  8
call   42 never executed
    $$$$$:   27-block  9
call   43 never executed
    $$$$$:   27-block 10
call   44 never executed
    $$$$$:   27-block 11
call   45 never executed
    $$$$$:   27-block 12
call   46 never executed
    $$$$$:   27-block 13
call   47 never executed
       1*:   28:    EXPECT_FALSE(stack_peek(s, &v));
call    0 returned 1
call    1 returned 1
call    2 returned 1
call    3 returned 1
call    4 returned 1
call    5 returned 1
call    6 returned 1
call    7 returned 1
branch  8 taken 1 (fallthrough)
branch  9 taken 0 (throw)
        1:   28-block  0
call   10 returned 1
call   11 returned 1
call   12 returned 1
branch 13 taken 0 (fallthrough)
branch 14 taken 1
    %%%%%:   28-block  1
call   15 never executed
call   16 never executed
branch 17 never executed
branch 18 never executed
    %%%%%:   28-block  2
call   19 never executed
call   20 never executed
call   21 never executed
call   22 never executed
branch 23 never executed
branch 24 never executed
    %%%%%:   28-block  3
call   25 never executed
call   26 never executed
call   27 never executed
branch 28 never executed
branch 29 never executed
    %%%%%:   28-block  4
call   30 never executed
call   31 never executed
branch 32 never executed
branch 33 never executed
    %%%%%:   28-block  5
call   34 never executed
call   35 never executed
call   36 never executed
call   37 never executed
call   38 never executed
call   39 never executed
        1:   28-block  6
call   40 returned 1
    $$$$$:   28-block  7
call   41 never executed
    $$$$$:   28-block  8
call   42 never executed
    $$$$$:   28-block  9
call   43 never executed
    $$$$$:   28-block 10
call   44 never executed
    $$$$$:   28-block 11
call   45 never executed
    $$$$$:   28-block 12
call   46 never executed
    $$$$$:   28-block 13
call   47 never executed
        1:   29:}
------------------
        -:   30:
        4:   31:TEST_F(test_stack, pop_on_empty_stack) {
        1:   32:    int v;
       1*:   33:    EXPECT_FALSE(stack_pop(s, &v));
       1*:   34:    EXPECT_FALSE(stack_peek(s, &v));
       1*:   35:    EXPECT_EQ(0, stack_size(s));
       1*:   36:    EXPECT_TRUE(stack_is_empty(s));
        1:   37:}
------------------
_ZN34test_stack_pop_on_empty_stack_TestC2Ev:
function _ZN34test_stack_pop_on_empty_stack_TestC2Ev called 1 returned 100% blocks executed 100%
        1:   31:TEST_F(test_stack, pop_on_empty_stack) {
        1:   31-block  0
call    0 returned 1
call    1 returned 1
call    2 returned 1
call    3 returned 1
call    4 returned 1
------------------
_ZN34test_stack_pop_on_empty_stack_TestD0Ev:
function _ZN34test_stack_pop_on_empty_stack_TestD0Ev called 1 returned 100% blocks executed 100%
        1:   31:TEST_F(test_stack, pop_on_empty_stack) {
        1:   31-block  0
call    0 returned 1
call    1 returned 1
------------------
_ZN34test_stack_pop_on_empty_stack_TestD2Ev:
function _ZN34test_stack_pop_on_empty_stack_TestD2Ev called 1 returned 100% blocks executed 100%
        1:   31:TEST_F(test_stack, pop_on_empty_stack) {
        1:   31-block  0
call    0 returned 1
call    1 returned 1
call    2 returned 1
call    3 returned 1
call    4 returned 1
call    5 returned 1
call    6 returned 1
call    7 returned 1
------------------
_ZN34test_stack_pop_on_empty_stack_Test8TestBodyEv:
function _ZN34test_stack_pop_on_empty_stack_Test8TestBodyEv called 1 returned 100% blocks executed 33%
        1:   31:TEST_F(test_stack, pop_on_empty_stack) {
        1:   32:    int v;
        1:   32-block  0
call    0 returned 1
       1*:   33:    EXPECT_FALSE(stack_pop(s, &v));
call    0 returned 1
call    1 returned 1
call    2 returned 1
call    3 returned 1
call    4 returned 1
call    5 returned 1
call    6 returned 1
call    7 returned 1
branch  8 taken 1 (fallthrough)
branch  9 taken 0 (throw)
        1:   33-block  0
call   10 returned 1
call   11 returned 1
call   12 returned 1
branch 13 taken 0 (fallthrough)
branch 14 taken 1
    %%%%%:   33-block  1
call   15 never executed
call   16 never executed
branch 17 never executed
branch 18 never executed
    %%%%%:   33-block  2
call   19 never executed
call   20 never executed
call   21 never executed
call   22 never executed
branch 23 never executed
branch 24 never executed
    %%%%%:   33-block  3
call   25 never executed
call   26 never executed
call   27 never executed
branch 28 never executed
branch 29 never executed
    %%%%%:   33-block  4
call   30 never executed
call   31 never executed
branch 32 never executed
branch 33 never executed
    %%%%%:   33-block  5
call   34 never executed
call   35 never executed
call   36 never executed
call   37 never executed
call   38 never executed
call   39 never executed
        1:   33-block  6
call   40 returned 1
    $$$$$:   33-block  7
call   41 never executed
    $$$$$:   33-block  8
call   42 never executed
    $$$$$:   33-block  9
call   43 never executed
    $$$$$:   33-block 10
call   44 never executed
    $$$$$:   33-block 11
call   45 never executed
    $$$$$:   33-block 12
call   46 never executed
    $$$$$:   33-block 13
call   47 never executed
       1*:   34:    EXPECT_FALSE(stack_peek(s, &v));
call    0 returned 1
call    1 returned 1
call    2 returned 1
call    3 returned 1
call    4 returned 1
call    5 returned 1
call    6 returned 1
call    7 returned 1
branch  8 taken 1 (fallthrough)
branch  9 taken 0 (throw)
        1:   34-block  0
call   10 returned 1
call   11 returned 1
call   12 returned 1
branch 13 taken 0 (fallthrough)
branch 14 taken 1
    %%%%%:   34-block  1
call   15 never executed
call   16 never executed
branch 17 never executed
branch 18 never executed
    %%%%%:   34-block  2
call   19 never executed
call   20 never executed
call   21 never executed
call   22 never executed
branch 23 never executed
branch 24 never executed
    %%%%%:   34-block  3
call   25 never executed
call   26 never executed
call   27 never executed
branch 28 never executed
branch 29 never executed
    %%%%%:   34-block  4
call   30 never executed
call   31 never executed
branch 32 never executed
branch 33 never executed
    %%%%%:   34-block  5
call   34 never executed
call   35 never executed
call   36 never executed
call   37 never executed
call   38 never executed
call   39 never executed
        1:   34-block  6
call   40 returned 1
    $$$$$:   34-block  7
call   41 never executed
    $$$$$:   34-block  8
call   42 never executed
    $$$$$:   34-block  9
call   43 never executed
    $$$$$:   34-block 10
call   44 never executed
    $$$$$:   34-block 11
call   45 never executed
    $$$$$:   34-block 12
call   46 never executed
    $$$$$:   34-block 13
call   47 never executed
       1*:   35:    EXPECT_EQ(0, stack_size(s));
call    0 returned 1
call    1 returned 1
call    2 returned 1
call    3 returned 1
call    4 returned 1
call    5 returned 1
call    6 returned 1
call    7 returned 1
branch  8 taken 1 (fallthrough)
branch  9 taken 0 (throw)
        1:   35-block  0
call   10 returned 1
call   11 returned 1
call   12 returned 1
call   13 returned 1
branch 14 taken 1 (fallthrough)
branch 15 taken 0 (throw)
        1:   35-block  1
call   16 returned 1
call   17 returned 1
call   18 returned 1
branch 19 taken 0 (fallthrough)
branch 20 taken 1
    %%%%%:   35-block  2
call   21 never executed
call   22 never executed
branch 23 never executed
branch 24 never executed
    %%%%%:   35-block  3
call   25 never executed
call   26 never executed
call   27 never executed
call   28 never executed
branch 29 never executed
branch 30 never executed
    %%%%%:   35-block  4
call   31 never executed
call   32 never executed
branch 33 never executed
branch 34 never executed
    %%%%%:   35-block  5
call   35 never executed
call   36 never executed
call   37 never executed
call   38 never executed
        1:   35-block  6
call   39 returned 1
    $$$$$:   35-block  7
call   40 never executed
    $$$$$:   35-block  8
call   41 never executed
    $$$$$:   35-block  9
call   42 never executed
    $$$$$:   35-block 10
call   43 never executed
    $$$$$:   35-block 11
call   44 never executed
    $$$$$:   35-block 12
call   45 never executed
    $$$$$:   35-block 13
call   46 never executed
       1*:   36:    EXPECT_TRUE(stack_is_empty(s));
call    0 returned 1
call    1 returned 1
call    2 returned 1
call    3 returned 1
call    4 returned 1
call    5 returned 1
call    6 returned 1
call    7 returned 1
branch  8 taken 1 (fallthrough)
branch  9 taken 0 (throw)
        1:   36-block  0
call   10 returned 1
call   11 returned 1
call   12 returned 1
branch 13 taken 0 (fallthrough)
branch 14 taken 1
    %%%%%:   36-block  1
call   15 never executed
call   16 never executed
branch 17 never executed
branch 18 never executed
    %%%%%:   36-block  2
call   19 never executed
call   20 never executed
call   21 never executed
call   22 never executed
branch 23 never executed
branch 24 never executed
    %%%%%:   36-block  3
call   25 never executed
call   26 never executed
call   27 never executed
branch 28 never executed
branch 29 never executed
    %%%%%:   36-block  4
call   30 never executed
call   31 never executed
branch 32 never executed
branch 33 never executed
    %%%%%:   36-block  5
call   34 never executed
call   35 never executed
call   36 never executed
call   37 never executed
call   38 never executed
call   39 never executed
        1:   36-block  6
call   40 returned 1
    $$$$$:   36-block  7
call   41 never executed
    $$$$$:   36-block  8
call   42 never executed
    $$$$$:   36-block  9
call   43 never executed
    $$$$$:   36-block 10
call   44 never executed
    $$$$$:   36-block 11
call   45 never executed
    $$$$$:   36-block 12
call   46 never executed
    $$$$$:   36-block 13
call   47 never executed
        1:   37:}
------------------
        -:   38:
        4:   39:TEST_F(test_stack, one_push) {
        1:   40:    stack_push(s, 1);
       1*:   41:    EXPECT_EQ(1, stack_size(s));
       1*:   42:    EXPECT_FALSE(stack_is_empty(s));
        -:   43:
        1:   44:    int v = 0; int a[1] = { 0 }, ea[] = {1};
       1*:   45:    EXPECT_TRUE(stack_peek(s, &v));
       1*:   46:    EXPECT_EQ(1, v);
        1:   47:    stack_to_array(s, a);
       2*:   48:    EXPECT_ARRAY_EQ(ea, a);
        1:   49:}
------------------
_ZN24test_stack_one_push_TestC2Ev:
function _ZN24test_stack_one_push_TestC2Ev called 1 returned 100% blocks executed 100%
        1:   39:TEST_F(test_stack, one_push) {
        1:   39-block  0
call    0 returned 1
call    1 returned 1
call    2 returned 1
call    3 returned 1
call    4 returned 1
------------------
_ZN24test_stack_one_push_TestD0Ev:
function _ZN24test_stack_one_push_TestD0Ev called 1 returned 100% blocks executed 100%
        1:   39:TEST_F(test_stack, one_push) {
        1:   39-block  0
call    0 returned 1
call    1 returned 1
------------------
_ZN24test_stack_one_push_TestD2Ev:
function _ZN24test_stack_one_push_TestD2Ev called 1 returned 100% blocks executed 100%
        1:   39:TEST_F(test_stack, one_push) {
        1:   39-block  0
call    0 returned 1
call    1 returned 1
call    2 returned 1
call    3 returned 1
call    4 returned 1
call    5 returned 1
call    6 returned 1
call    7 returned 1
------------------
_ZN24test_stack_one_push_Test8TestBodyEv:
function _ZN24test_stack_one_push_Test8TestBodyEv called 1 returned 100% blocks executed 37%
        1:   39:TEST_F(test_stack, one_push) {
        1:   40:    stack_push(s, 1);
        1:   40-block  0
call    0 returned 1
call    1 returned 1
call    2 returned 1
call    3 returned 1
call    4 returned 1
call    5 returned 1
branch  6 taken 1 (fallthrough)
branch  7 taken 0 (throw)
       1*:   41:    EXPECT_EQ(1, stack_size(s));
        1:   41-block  0
call    0 returned 1
call    1 returned 1
call    2 returned 1
call    3 returned 1
call    4 returned 1
call    5 returned 1
call    6 returned 1
call    7 returned 1
branch  8 taken 1 (fallthrough)
branch  9 taken 0 (throw)
        1:   41-block  1
call   10 returned 1
call   11 returned 1
call   12 returned 1
call   13 returned 1
branch 14 taken 1 (fallthrough)
branch 15 taken 0 (throw)
        1:   41-block  2
call   16 returned 1
call   17 returned 1
call   18 returned 1
branch 19 taken 0 (fallthrough)
branch 20 taken 1
    %%%%%:   41-block  3
call   21 never executed
call   22 never executed
branch 23 never executed
branch 24 never executed
    %%%%%:   41-block  4
call   25 never executed
call   26 never executed
call   27 never executed
call   28 never executed
branch 29 never executed
branch 30 never executed
    %%%%%:   41-block  5
call   31 never executed
call   32 never executed
branch 33 never executed
branch 34 never executed
    %%%%%:   41-block  6
call   35 never executed
call   36 never executed
call   37 never executed
call   38 never executed
        1:   41-block  7
call   39 returned 1
    $$$$$:   41-block  8
call   40 never executed
    $$$$$:   41-block  9
call   41 never executed
    $$$$$:   41-block 10
call   42 never executed
    $$$$$:   41-block 11
call   43 never executed
    $$$$$:   41-block 12
call   44 never executed
    $$$$$:   41-block 13
call   45 never executed
    $$$$$:   41-block 14
call   46 never executed
       1*:   42:    EXPECT_FALSE(stack_is_empty(s));
call    0 returned 1
call    1 returned 1
call    2 returned 1
call    3 returned 1
call    4 returned 1
call    5 returned 1
call    6 returned 1
call    7 returned 1
branch  8 taken 1 (fallthrough)
branch  9 taken 0 (throw)
        1:   42-block  0
call   10 returned 1
call   11 returned 1
call   12 returned 1
branch 13 taken 0 (fallthrough)
branch 14 taken 1
    %%%%%:   42-block  1
call   15 never executed
call   16 never executed
branch 17 never executed
branch 18 never executed
    %%%%%:   42-block  2
call   19 never executed
call   20 never executed
call   21 never executed
call   22 never executed
branch 23 never executed
branch 24 never executed
    %%%%%:   42-block  3
call   25 never executed
call   26 never executed
call   27 never executed
branch 28 never executed
branch 29 never executed
    %%%%%:   42-block  4
call   30 never executed
call   31 never executed
branch 32 never executed
branch 33 never executed
    %%%%%:   42-block  5
call   34 never executed
call   35 never executed
call   36 never executed
call   37 never executed
call   38 never executed
call   39 never executed
        1:   42-block  6
call   40 returned 1
    $$$$$:   42-block  7
call   41 never executed
    $$$$$:   42-block  8
call   42 never executed
    $$$$$:   42-block  9
call   43 never executed
    $$$$$:   42-block 10
call   44 never executed
    $$$$$:   42-block 11
call   45 never executed
    $$$$$:   42-block 12
call   46 never executed
    $$$$$:   42-block 13
call   47 never executed
        -:   43:
        1:   44:    int v = 0; int a[1] = { 0 }, ea[] = {1};
call    0 returned 1
call    1 returned 1
call    2 returned 1
       1*:   45:    EXPECT_TRUE(stack_peek(s, &v));
call    0 returned 1
call    1 returned 1
call    2 returned 1
call    3 returned 1
call    4 returned 1
call    5 returned 1
call    6 returned 1
call    7 returned 1
branch  8 taken 1 (fallthrough)
branch  9 taken 0 (throw)
        1:   45-block  0
call   10 returned 1
call   11 returned 1
call   12 returned 1
branch 13 taken 0 (fallthrough)
branch 14 taken 1
    %%%%%:   45-block  1
call   15 never executed
call   16 never executed
branch 17 never executed
branch 18 never executed
    %%%%%:   45-block  2
call   19 never executed
call   20 never executed
call   21 never executed
call   22 never executed
branch 23 never executed
branch 24 never executed
    %%%%%:   45-block  3
call   25 never executed
call   26 never executed
call   27 never executed
branch 28 never executed
branch 29 never executed
    %%%%%:   45-block  4
call   30 never executed
call   31 never executed
branch 32 never executed
branch 33 never executed
    %%%%%:   45-block  5
call   34 never executed
call   35 never executed
call   36 never executed
call   37 never executed
call   38 never executed
call   39 never executed
        1:   45-block  6
call   40 returned 1
    $$$$$:   45-block  7
call   41 never executed
    $$$$$:   45-block  8
call   42 never executed
    $$$$$:   45-block  9
call   43 never executed
    $$$$$:   45-block 10
call   44 never executed
    $$$$$:   45-block 11
call   45 never executed
    $$$$$:   45-block 12
call   46 never executed
    $$$$$:   45-block 13
call   47 never executed
       1*:   46:    EXPECT_EQ(1, v);
call    0 returned 1
call    1 returned 1
call    2 returned 1
call    3 returned 1
branch  4 taken 1 (fallthrough)
branch  5 taken 0 (throw)
        1:   46-block  0
call    6 returned 1
call    7 returned 1
branch  8 taken 0 (fallthrough)
branch  9 taken 1
    %%%%%:   46-block  1
call   10 never executed
call   11 never executed
branch 12 never executed
branch 13 never executed
    %%%%%:   46-block  2
call   14 never executed
call   15 never executed
call   16 never executed
call   17 never executed
branch 18 never executed
branch 19 never executed
    %%%%%:   46-block  3
call   20 never executed
call   21 never executed
branch 22 never executed
branch 23 never executed
    %%%%%:   46-block  4
call   24 never executed
call   25 never executed
call   26 never executed
call   27 never executed
        1:   46-block  5
call   28 returned 1
    $$$$$:   46-block  6
call   29 never executed
    $$$$$:   46-block  7
call   30 never executed
    $$$$$:   46-block  8
call   31 never executed
    $$$$$:   46-block  9
call   32 never executed
    $$$$$:   46-block 10
call   33 never executed
    $$$$$:   46-block 11
call   34 never executed
        1:   47:    stack_to_array(s, a);
call    0 returned 1
call    1 returned 1
call    2 returned 1
call    3 returned 1
call    4 returned 1
call    5 returned 1
branch  6 taken 1 (fallthrough)
branch  7 taken 0 (throw)
       2*:   48:    EXPECT_ARRAY_EQ(ea, a);
        1:   48-block  0
call    0 returned 1
        2:   48-block  1
branch  1 taken 1 (fallthrough)
branch  2 taken 1
        1:   48-block  2
call    3 returned 1
call    4 returned 1
call    5 returned 1
call    6 returned 1
call    7 returned 1
call    8 returned 1
branch  9 taken 1 (fallthrough)
branch 10 taken 0 (throw)
        1:   48-block  3
call   11 returned 1
branch 12 taken 0 (fallthrough)
branch 13 taken 1
    %%%%%:   48-block  4
call   14 never executed
call   15 never executed
branch 16 never executed
branch 17 never executed
    %%%%%:   48-block  5
call   18 never executed
call   19 never executed
branch 20 never executed
branch 21 never executed
    %%%%%:   48-block  6
call   22 never executed
call   23 never executed
branch 24 never executed
branch 25 never executed
    %%%%%:   48-block  7
call   26 never executed
call   27 never executed
call   28 never executed
call   29 never executed
branch 30 never executed
branch 31 never executed
    %%%%%:   48-block  8
call   32 never executed
call   33 never executed
branch 34 never executed
branch 35 never executed
    %%%%%:   48-block  9
call   36 never executed
call   37 never executed
call   38 never executed
call   39 never executed
        1:   48-block 10
call   40 returned 1
    $$$$$:   48-block 11
call   41 never executed
    $$$$$:   48-block 12
call   42 never executed
    $$$$$:   48-block 13
call   43 never executed
    $$$$$:   48-block 14
call   44 never executed
    $$$$$:   48-block 15
call   45 never executed
        1:   49:}
------------------
        -:   50:
        4:   51:TEST_F(test_stack, push_then_pop) {
        1:   52:    int v;
        1:   53:    stack_push(s, 1);
        1:   54:    stack_pop(s, &v);
       1*:   55:    EXPECT_EQ(0, stack_size(s));
       1*:   56:    EXPECT_TRUE(stack_is_empty(s));
       1*:   57:    EXPECT_FALSE(stack_peek(s, &v));
        1:   58:}
------------------
_ZN29test_stack_push_then_pop_TestC2Ev:
function _ZN29test_stack_push_then_pop_TestC2Ev called 1 returned 100% blocks executed 100%
        1:   51:TEST_F(test_stack, push_then_pop) {
        1:   51-block  0
call    0 returned 1
call    1 returned 1
call    2 returned 1
call    3 returned 1
call    4 returned 1
------------------
_ZN29test_stack_push_then_pop_TestD0Ev:
function _ZN29test_stack_push_then_pop_TestD0Ev called 1 returned 100% blocks executed 100%
        1:   51:TEST_F(test_stack, push_then_pop) {
        1:   51-block  0
call    0 returned 1
call    1 returned 1
------------------
_ZN29test_stack_push_then_pop_TestD2Ev:
function _ZN29test_stack_push_then_pop_TestD2Ev called 1 returned 100% blocks executed 100%
        1:   51:TEST_F(test_stack, push_then_pop) {
        1:   51-block  0
call    0 returned 1
call    1 returned 1
call    2 returned 1
call    3 returned 1
call    4 returned 1
call    5 returned 1
call    6 returned 1
call    7 returned 1
------------------
_ZN29test_stack_push_then_pop_Test8TestBodyEv:
function _ZN29test_stack_push_then_pop_Test8TestBodyEv called 1 returned 100% blocks executed 39%
        1:   51:TEST_F(test_stack, push_then_pop) {
        1:   52:    int v;
        1:   52-block  0
call    0 returned 1
        1:   53:    stack_push(s, 1);
call    0 returned 1
call    1 returned 1
call    2 returned 1
call    3 returned 1
call    4 returned 1
call    5 returned 1
branch  6 taken 1 (fallthrough)
branch  7 taken 0 (throw)
        1:   54:    stack_pop(s, &v);
        1:   54-block  0
call    0 returned 1
call    1 returned 1
call    2 returned 1
call    3 returned 1
call    4 returned 1
call    5 returned 1
branch  6 taken 1 (fallthrough)
branch  7 taken 0 (throw)
       1*:   55:    EXPECT_EQ(0, stack_size(s));
        1:   55-block  0
call    0 returned 1
call    1 returned 1
call    2 returned 1
call    3 returned 1
call    4 returned 1
call    5 returned 1
call    6 returned 1
call    7 returned 1
branch  8 taken 1 (fallthrough)
branch  9 taken 0 (throw)
        1:   55-block  1
call   10 returned 1
call   11 returned 1
call   12 returned 1
call   13 returned 1
branch 14 taken 1 (fallthrough)
branch 15 taken 0 (throw)
        1:   55-block  2
call   16 returned 1
call   17 returned 1
call   18 returned 1
branch 19 taken 0 (fallthrough)
branch 20 taken 1
    %%%%%:   55-block  3
call   21 never executed
call   22 never executed
branch 23 never executed
branch 24 never executed
    %%%%%:   55-block  4
call   25 never executed
call   26 never executed
call   27 never executed
call   28 never executed
branch 29 never executed
branch 30 never executed
    %%%%%:   55-block  5
call   31 never executed
call   32 never executed
branch 33 never executed
branch 34 never executed
    %%%%%:   55-block  6
call   35 never executed
call   36 never executed
call   37 never executed
call   38 never executed
        1:   55-block  7
call   39 returned 1
    $$$$$:   55-block  8
call   40 never executed
    $$$$$:   55-block  9
call   41 never executed
    $$$$$:   55-block 10
call   42 never executed
    $$$$$:   55-block 11
call   43 never executed
    $$$$$:   55-block 12
call   44 never executed
    $$$$$:   55-block 13
call   45 never executed
    $$$$$:   55-block 14
call   46 never executed
       1*:   56:    EXPECT_TRUE(stack_is_empty(s));
call    0 returned 1
call    1 returned 1
call    2 returned 1
call    3 returned 1
call    4 returned 1
call    5 returned 1
call    6 returned 1
call    7 returned 1
branch  8 taken 1 (fallthrough)
branch  9 taken 0 (throw)
        1:   56-block  0
call   10 returned 1
call   11 returned 1
call   12 returned 1
branch 13 taken 0 (fallthrough)
branch 14 taken 1
    %%%%%:   56-block  1
call   15 never executed
call   16 never executed
branch 17 never executed
branch 18 never executed
    %%%%%:   56-block  2
call   19 never executed
call   20 never executed
call   21 never executed
call   22 never executed
branch 23 never executed
branch 24 never executed
    %%%%%:   56-block  3
call   25 never executed
call   26 never executed
call   27 never executed
branch 28 never executed
branch 29 never executed
    %%%%%:   56-block  4
call   30 never executed
call   31 never executed
branch 32 never executed
branch 33 never executed
    %%%%%:   56-block  5
call   34 never executed
call   35 never executed
call   36 never executed
call   37 never executed
call   38 never executed
call   39 never executed
        1:   56-block  6
call   40 returned 1
    $$$$$:   56-block  7
call   41 never executed
    $$$$$:   56-block  8
call   42 never executed
    $$$$$:   56-block  9
call   43 never executed
    $$$$$:   56-block 10
call   44 never executed
    $$$$$:   56-block 11
call   45 never executed
    $$$$$:   56-block 12
call   46 never executed
    $$$$$:   56-block 13
call   47 never executed
       1*:   57:    EXPECT_FALSE(stack_peek(s, &v));
call    0 returned 1
call    1 returned 1
call    2 returned 1
call    3 returned 1
call    4 returned 1
call    5 returned 1
call    6 returned 1
call    7 returned 1
branch  8 taken 1 (fallthrough)
branch  9 taken 0 (throw)
        1:   57-block  0
call   10 returned 1
call   11 returned 1
call   12 returned 1
branch 13 taken 0 (fallthrough)
branch 14 taken 1
    %%%%%:   57-block  1
call   15 never executed
call   16 never executed
branch 17 never executed
branch 18 never executed
    %%%%%:   57-block  2
call   19 never executed
call   20 never executed
call   21 never executed
call   22 never executed
branch 23 never executed
branch 24 never executed
    %%%%%:   57-block  3
call   25 never executed
call   26 never executed
call   27 never executed
branch 28 never executed
branch 29 never executed
    %%%%%:   57-block  4
call   30 never executed
call   31 never executed
branch 32 never executed
branch 33 never executed
    %%%%%:   57-block  5
call   34 never executed
call   35 never executed
call   36 never executed
call   37 never executed
call   38 never executed
call   39 never executed
        1:   57-block  6
call   40 returned 1
    $$$$$:   57-block  7
call   41 never executed
    $$$$$:   57-block  8
call   42 never executed
    $$$$$:   57-block  9
call   43 never executed
    $$$$$:   57-block 10
call   44 never executed
    $$$$$:   57-block 11
call   45 never executed
    $$$$$:   57-block 12
call   46 never executed
    $$$$$:   57-block 13
call   47 never executed
        1:   58:}
------------------
        -:   59:
        4:   60:TEST_F(test_stack, push_3_elements) {
        1:   61:    stack_push(s, 1);
        1:   62:    stack_push(s, 2);
        1:   63:    stack_push(s, 3);
       1*:   64:    EXPECT_EQ(3, stack_size(s));
       1*:   65:    EXPECT_FALSE(stack_is_empty(s));
        -:   66:
        1:   67:    int v = 0; int a[3] = { 0 }; int ea[] = { 3, 2, 1};
       1*:   68:    EXPECT_TRUE(stack_peek(s, &v));
       1*:   69:    EXPECT_EQ(3, v);
        1:   70:    stack_to_array(s, a);
       4*:   71:    EXPECT_ARRAY_EQ(ea, a);
        1:   72:}
------------------
_ZN31test_stack_push_3_elements_TestC2Ev:
function _ZN31test_stack_push_3_elements_TestC2Ev called 1 returned 100% blocks executed 100%
        1:   60:TEST_F(test_stack, push_3_elements) {
        1:   60-block  0
call    0 returned 1
call    1 returned 1
call    2 returned 1
call    3 returned 1
call    4 returned 1
------------------
_ZN31test_stack_push_3_elements_TestD0Ev:
function _ZN31test_stack_push_3_elements_TestD0Ev called 1 returned 100% blocks executed 100%
        1:   60:TEST_F(test_stack, push_3_elements) {
        1:   60-block  0
call    0 returned 1
call    1 returned 1
------------------
_ZN31test_stack_push_3_elements_TestD2Ev:
function _ZN31test_stack_push_3_elements_TestD2Ev called 1 returned 100% blocks executed 100%
        1:   60:TEST_F(test_stack, push_3_elements) {
        1:   60-block  0
call    0 returned 1
call    1 returned 1
call    2 returned 1
call    3 returned 1
call    4 returned 1
call    5 returned 1
call    6 returned 1
call    7 returned 1
------------------
_ZN31test_stack_push_3_elements_Test8TestBodyEv:
function _ZN31test_stack_push_3_elements_Test8TestBodyEv called 1 returned 100% blocks executed 40%
        1:   60:TEST_F(test_stack, push_3_elements) {
        1:   61:    stack_push(s, 1);
        1:   61-block  0
call    0 returned 1
call    1 returned 1
call    2 returned 1
call    3 returned 1
call    4 returned 1
call    5 returned 1
branch  6 taken 1 (fallthrough)
branch  7 taken 0 (throw)
        1:   62:    stack_push(s, 2);
        1:   62-block  0
call    0 returned 1
call    1 returned 1
call    2 returned 1
call    3 returned 1
call    4 returned 1
call    5 returned 1
branch  6 taken 1 (fallthrough)
branch  7 taken 0 (throw)
        1:   63:    stack_push(s, 3);
        1:   63-block  0
call    0 returned 1
call    1 returned 1
call    2 returned 1
call    3 returned 1
call    4 returned 1
call    5 returned 1
branch  6 taken 1 (fallthrough)
branch  7 taken 0 (throw)
       1*:   64:    EXPECT_EQ(3, stack_size(s));
        1:   64-block  0
call    0 returned 1
call    1 returned 1
call    2 returned 1
call    3 returned 1
call    4 returned 1
call    5 returned 1
call    6 returned 1
call    7 returned 1
branch  8 taken 1 (fallthrough)
branch  9 taken 0 (throw)
        1:   64-block  1
call   10 returned 1
call   11 returned 1
call   12 returned 1
call   13 returned 1
branch 14 taken 1 (fallthrough)
branch 15 taken 0 (throw)
        1:   64-block  2
call   16 returned 1
call   17 returned 1
call   18 returned 1
branch 19 taken 0 (fallthrough)
branch 20 taken 1
    %%%%%:   64-block  3
call   21 never executed
call   22 never executed
branch 23 never executed
branch 24 never executed
    %%%%%:   64-block  4
call   25 never executed
call   26 never executed
call   27 never executed
call   28 never executed
branch 29 never executed
branch 30 never executed
    %%%%%:   64-block  5
call   31 never executed
call   32 never executed
branch 33 never executed
branch 34 never executed
    %%%%%:   64-block  6
call   35 never executed
call   36 never executed
call   37 never executed
call   38 never executed
        1:   64-block  7
call   39 returned 1
    $$$$$:   64-block  8
call   40 never executed
    $$$$$:   64-block  9
call   41 never executed
    $$$$$:   64-block 10
call   42 never executed
    $$$$$:   64-block 11
call   43 never executed
    $$$$$:   64-block 12
call   44 never executed
    $$$$$:   64-block 13
call   45 never executed
    $$$$$:   64-block 14
call   46 never executed
       1*:   65:    EXPECT_FALSE(stack_is_empty(s));
call    0 returned 1
call    1 returned 1
call    2 returned 1
call    3 returned 1
call    4 returned 1
call    5 returned 1
call    6 returned 1
call    7 returned 1
branch  8 taken 1 (fallthrough)
branch  9 taken 0 (throw)
        1:   65-block  0
call   10 returned 1
call   11 returned 1
call   12 returned 1
branch 13 taken 0 (fallthrough)
branch 14 taken 1
    %%%%%:   65-block  1
call   15 never executed
call   16 never executed
branch 17 never executed
branch 18 never executed
    %%%%%:   65-block  2
call   19 never executed
call   20 never executed
call   21 never executed
call   22 never executed
branch 23 never executed
branch 24 never executed
    %%%%%:   65-block  3
call   25 never executed
call   26 never executed
call   27 never executed
branch 28 never executed
branch 29 never executed
    %%%%%:   65-block  4
call   30 never executed
call   31 never executed
branch 32 never executed
branch 33 never executed
    %%%%%:   65-block  5
call   34 never executed
call   35 never executed
call   36 never executed
call   37 never executed
call   38 never executed
call   39 never executed
        1:   65-block  6
call   40 returned 1
    $$$$$:   65-block  7
call   41 never executed
    $$$$$:   65-block  8
call   42 never executed
    $$$$$:   65-block  9
call   43 never executed
    $$$$$:   65-block 10
call   44 never executed
    $$$$$:   65-block 11
call   45 never executed
    $$$$$:   65-block 12
call   46 never executed
    $$$$$:   65-block 13
call   47 never executed
        -:   66:
        1:   67:    int v = 0; int a[3] = { 0 }; int ea[] = { 3, 2, 1};
call    0 returned 1
call    1 returned 1
call    2 returned 1
       1*:   68:    EXPECT_TRUE(stack_peek(s, &v));
call    0 returned 1
call    1 returned 1
call    2 returned 1
call    3 returned 1
call    4 returned 1
call    5 returned 1
call    6 returned 1
call    7 returned 1
branch  8 taken 1 (fallthrough)
branch  9 taken 0 (throw)
        1:   68-block  0
call   10 returned 1
call   11 returned 1
call   12 returned 1
branch 13 taken 0 (fallthrough)
branch 14 taken 1
    %%%%%:   68-block  1
call   15 never executed
call   16 never executed
branch 17 never executed
branch 18 never executed
    %%%%%:   68-block  2
call   19 never executed
call   20 never executed
call   21 never executed
call   22 never executed
branch 23 never executed
branch 24 never executed
    %%%%%:   68-block  3
call   25 never executed
call   26 never executed
call   27 never executed
branch 28 never executed
branch 29 never executed
    %%%%%:   68-block  4
call   30 never executed
call   31 never executed
branch 32 never executed
branch 33 never executed
    %%%%%:   68-block  5
call   34 never executed
call   35 never executed
call   36 never executed
call   37 never executed
call   38 never executed
call   39 never executed
        1:   68-block  6
call   40 returned 1
    $$$$$:   68-block  7
call   41 never executed
    $$$$$:   68-block  8
call   42 never executed
    $$$$$:   68-block  9
call   43 never executed
    $$$$$:   68-block 10
call   44 never executed
    $$$$$:   68-block 11
call   45 never executed
    $$$$$:   68-block 12
call   46 never executed
    $$$$$:   68-block 13
call   47 never executed
       1*:   69:    EXPECT_EQ(3, v);
call    0 returned 1
call    1 returned 1
call    2 returned 1
call    3 returned 1
branch  4 taken 1 (fallthrough)
branch  5 taken 0 (throw)
        1:   69-block  0
call    6 returned 1
call    7 returned 1
branch  8 taken 0 (fallthrough)
branch  9 taken 1
    %%%%%:   69-block  1
call   10 never executed
call   11 never executed
branch 12 never executed
branch 13 never executed
    %%%%%:   69-block  2
call   14 never executed
call   15 never executed
call   16 never executed
call   17 never executed
branch 18 never executed
branch 19 never executed
    %%%%%:   69-block  3
call   20 never executed
call   21 never executed
branch 22 never executed
branch 23 never executed
    %%%%%:   69-block  4
call   24 never executed
call   25 never executed
call   26 never executed
call   27 never executed
        1:   69-block  5
call   28 returned 1
    $$$$$:   69-block  6
call   29 never executed
    $$$$$:   69-block  7
call   30 never executed
    $$$$$:   69-block  8
call   31 never executed
    $$$$$:   69-block  9
call   32 never executed
    $$$$$:   69-block 10
call   33 never executed
    $$$$$:   69-block 11
call   34 never executed
        1:   70:    stack_to_array(s, a);
call    0 returned 1
call    1 returned 1
call    2 returned 1
call    3 returned 1
call    4 returned 1
call    5 returned 1
branch  6 taken 1 (fallthrough)
branch  7 taken 0 (throw)
       4*:   71:    EXPECT_ARRAY_EQ(ea, a);
        1:   71-block  0
call    0 returned 1
        4:   71-block  1
branch  1 taken 3 (fallthrough)
branch  2 taken 1
        3:   71-block  2
call    3 returned 3
call    4 returned 3
call    5 returned 3
call    6 returned 3
call    7 returned 3
call    8 returned 3
branch  9 taken 3 (fallthrough)
branch 10 taken 0 (throw)
        3:   71-block  3
call   11 returned 3
branch 12 taken 0 (fallthrough)
branch 13 taken 3
    %%%%%:   71-block  4
call   14 never executed
call   15 never executed
branch 16 never executed
branch 17 never executed
    %%%%%:   71-block  5
call   18 never executed
call   19 never executed
branch 20 never executed
branch 21 never executed
    %%%%%:   71-block  6
call   22 never executed
call   23 never executed
branch 24 never executed
branch 25 never executed
    %%%%%:   71-block  7
call   26 never executed
call   27 never executed
call   28 never executed
call   29 never executed
branch 30 never executed
branch 31 never executed
    %%%%%:   71-block  8
call   32 never executed
call   33 never executed
branch 34 never executed
branch 35 never executed
    %%%%%:   71-block  9
call   36 never executed
call   37 never executed
call   38 never executed
call   39 never executed
        3:   71-block 10
call   40 returned 3
    $$$$$:   71-block 11
call   41 never executed
    $$$$$:   71-block 12
call   42 never executed
    $$$$$:   71-block 13
call   43 never executed
    $$$$$:   71-block 14
call   44 never executed
    $$$$$:   71-block 15
call   45 never executed
        1:   72:}
------------------
        -:   73:
        4:   74:TEST_F(test_stack, push_3_elements_then_pop) {
        1:   75:    int v_pop1=0, v_pop2=0, v_pop3=0;
        1:   76:    stack_push(s, 1);
        1:   77:    stack_push(s, 2);
        1:   78:    stack_push(s, 3);
        1:   79:    stack_pop(s, &v_pop1);
        1:   80:    stack_pop(s, &v_pop2);
        1:   81:    stack_pop(s, &v_pop3);
       1*:   82:    EXPECT_EQ(3, v_pop1);
       1*:   83:    EXPECT_EQ(2, v_pop2);
       1*:   84:    EXPECT_EQ(1, v_pop3);
       1*:   85:    EXPECT_EQ(0, stack_size(s));
       1*:   86:    EXPECT_TRUE(stack_is_empty(s));
        1:   87:}
------------------
_ZN40test_stack_push_3_elements_then_pop_TestC2Ev:
function _ZN40test_stack_push_3_elements_then_pop_TestC2Ev called 1 returned 100% blocks executed 100%
        1:   74:TEST_F(test_stack, push_3_elements_then_pop) {
        1:   74-block  0
call    0 returned 1
call    1 returned 1
call    2 returned 1
call    3 returned 1
call    4 returned 1
------------------
_ZN40test_stack_push_3_elements_then_pop_TestD0Ev:
function _ZN40test_stack_push_3_elements_then_pop_TestD0Ev called 1 returned 100% blocks executed 100%
        1:   74:TEST_F(test_stack, push_3_elements_then_pop) {
        1:   74-block  0
call    0 returned 1
call    1 returned 1
------------------
_ZN40test_stack_push_3_elements_then_pop_TestD2Ev:
function _ZN40test_stack_push_3_elements_then_pop_TestD2Ev called 1 returned 100% blocks executed 100%
        1:   74:TEST_F(test_stack, push_3_elements_then_pop) {
        1:   74-block  0
call    0 returned 1
call    1 returned 1
call    2 returned 1
call    3 returned 1
call    4 returned 1
call    5 returned 1
call    6 returned 1
call    7 returned 1
------------------
_ZN40test_stack_push_3_elements_then_pop_Test8TestBodyEv:
function _ZN40test_stack_push_3_elements_then_pop_Test8TestBodyEv called 1 returned 100% blocks executed 41%
        1:   74:TEST_F(test_stack, push_3_elements_then_pop) {
        1:   75:    int v_pop1=0, v_pop2=0, v_pop3=0;
        1:   75-block  0
call    0 returned 1
call    1 returned 1
call    2 returned 1
        1:   76:    stack_push(s, 1);
call    0 returned 1
call    1 returned 1
call    2 returned 1
call    3 returned 1
call    4 returned 1
call    5 returned 1
branch  6 taken 1 (fallthrough)
branch  7 taken 0 (throw)
        1:   77:    stack_push(s, 2);
        1:   77-block  0
call    0 returned 1
call    1 returned 1
call    2 returned 1
call    3 returned 1
call    4 returned 1
call    5 returned 1
branch  6 taken 1 (fallthrough)
branch  7 taken 0 (throw)
        1:   78:    stack_push(s, 3);
        1:   78-block  0
call    0 returned 1
call    1 returned 1
call    2 returned 1
call    3 returned 1
call    4 returned 1
call    5 returned 1
branch  6 taken 1 (fallthrough)
branch  7 taken 0 (throw)
        1:   79:    stack_pop(s, &v_pop1);
        1:   79-block  0
call    0 returned 1
call    1 returned 1
call    2 returned 1
call    3 returned 1
call    4 returned 1
call    5 returned 1
branch  6 taken 1 (fallthrough)
branch  7 taken 0 (throw)
        1:   80:    stack_pop(s, &v_pop2);
        1:   80-block  0
call    0 returned 1
call    1 returned 1
call    2 returned 1
call    3 returned 1
call    4 returned 1
call    5 returned 1
branch  6 taken 1 (fallthrough)
branch  7 taken 0 (throw)
        1:   81:    stack_pop(s, &v_pop3);
        1:   81-block  0
call    0 returned 1
call    1 returned 1
call    2 returned 1
call    3 returned 1
call    4 returned 1
call    5 returned 1
branch  6 taken 1 (fallthrough)
branch  7 taken 0 (throw)
       1*:   82:    EXPECT_EQ(3, v_pop1);
        1:   82-block  0
call    0 returned 1
call    1 returned 1
call    2 returned 1
call    3 returned 1
branch  4 taken 1 (fallthrough)
branch  5 taken 0 (throw)
        1:   82-block  1
call    6 returned 1
call    7 returned 1
branch  8 taken 0 (fallthrough)
branch  9 taken 1
    %%%%%:   82-block  2
call   10 never executed
call   11 never executed
branch 12 never executed
branch 13 never executed
    %%%%%:   82-block  3
call   14 never executed
call   15 never executed
call   16 never executed
call   17 never executed
branch 18 never executed
branch 19 never executed
    %%%%%:   82-block  4
call   20 never executed
call   21 never executed
branch 22 never executed
branch 23 never executed
    %%%%%:   82-block  5
call   24 never executed
call   25 never executed
call   26 never executed
call   27 never executed
        1:   82-block  6
call   28 returned 1
    $$$$$:   82-block  7
call   29 never executed
    $$$$$:   82-block  8
call   30 never executed
    $$$$$:   82-block  9
call   31 never executed
    $$$$$:   82-block 10
call   32 never executed
    $$$$$:   82-block 11
call   33 never executed
    $$$$$:   82-block 12
call   34 never executed
       1*:   83:    EXPECT_EQ(2, v_pop2);
call    0 returned 1
call    1 returned 1
call    2 returned 1
call    3 returned 1
branch  4 taken 1 (fallthrough)
branch  5 taken 0 (throw)
        1:   83-block  0
call    6 returned 1
call    7 returned 1
branch  8 taken 0 (fallthrough)
branch  9 taken 1
    %%%%%:   83-block  1
call   10 never executed
call   11 never executed
branch 12 never executed
branch 13 never executed
    %%%%%:   83-block  2
call   14 never executed
call   15 never executed
call   16 never executed
call   17 never executed
branch 18 never executed
branch 19 never executed
    %%%%%:   83-block  3
call   20 never executed
call   21 never executed
branch 22 never executed
branch 23 never executed
    %%%%%:   83-block  4
call   24 never executed
call   25 never executed
call   26 never executed
call   27 never executed
        1:   83-block  5
call   28 returned 1
    $$$$$:   83-block  6
call   29 never executed
    $$$$$:   83-block  7
call   30 never executed
    $$$$$:   83-block  8
call   31 never executed
    $$$$$:   83-block  9
call   32 never executed
    $$$$$:   83-block 10
call   33 never executed
    $$$$$:   83-block 11
call   34 never executed
       1*:   84:    EXPECT_EQ(1, v_pop3);
call    0 returned 1
call    1 returned 1
call    2 returned 1
call    3 returned 1
branch  4 taken 1 (fallthrough)
branch  5 taken 0 (throw)
        1:   84-block  0
call    6 returned 1
call    7 returned 1
branch  8 taken 0 (fallthrough)
branch  9 taken 1
    %%%%%:   84-block  1
call   10 never executed
call   11 never executed
branch 12 never executed
branch 13 never executed
    %%%%%:   84-block  2
call   14 never executed
call   15 never executed
call   16 never executed
call   17 never executed
branch 18 never executed
branch 19 never executed
    %%%%%:   84-block  3
call   20 never executed
call   21 never executed
branch 22 never executed
branch 23 never executed
    %%%%%:   84-block  4
call   24 never executed
call   25 never executed
call   26 never executed
call   27 never executed
        1:   84-block  5
call   28 returned 1
    $$$$$:   84-block  6
call   29 never executed
    $$$$$:   84-block  7
call   30 never executed
    $$$$$:   84-block  8
call   31 never executed
    $$$$$:   84-block  9
call   32 never executed
    $$$$$:   84-block 10
call   33 never executed
    $$$$$:   84-block 11
call   34 never executed
       1*:   85:    EXPECT_EQ(0, stack_size(s));
call    0 returned 1
call    1 returned 1
call    2 returned 1
call    3 returned 1
call    4 returned 1
call    5 returned 1
call    6 returned 1
call    7 returned 1
branch  8 taken 1 (fallthrough)
branch  9 taken 0 (throw)
        1:   85-block  0
call   10 returned 1
call   11 returned 1
call   12 returned 1
call   13 returned 1
branch 14 taken 1 (fallthrough)
branch 15 taken 0 (throw)
        1:   85-block  1
call   16 returned 1
call   17 returned 1
call   18 returned 1
branch 19 taken 0 (fallthrough)
branch 20 taken 1
    %%%%%:   85-block  2
call   21 never executed
call   22 never executed
branch 23 never executed
branch 24 never executed
    %%%%%:   85-block  3
call   25 never executed
call   26 never executed
call   27 never executed
call   28 never executed
branch 29 never executed
branch 30 never executed
    %%%%%:   85-block  4
call   31 never executed
call   32 never executed
branch 33 never executed
branch 34 never executed
    %%%%%:   85-block  5
call   35 never executed
call   36 never executed
call   37 never executed
call   38 never executed
        1:   85-block  6
call   39 returned 1
    $$$$$:   85-block  7
call   40 never executed
    $$$$$:   85-block  8
call   41 never executed
    $$$$$:   85-block  9
call   42 never executed
    $$$$$:   85-block 10
call   43 never executed
    $$$$$:   85-block 11
call   44 never executed
    $$$$$:   85-block 12
call   45 never executed
    $$$$$:   85-block 13
call   46 never executed
       1*:   86:    EXPECT_TRUE(stack_is_empty(s));
call    0 returned 1
call    1 returned 1
call    2 returned 1
call    3 returned 1
call    4 returned 1
call    5 returned 1
call    6 returned 1
call    7 returned 1
branch  8 taken 1 (fallthrough)
branch  9 taken 0 (throw)
        1:   86-block  0
call   10 returned 1
call   11 returned 1
call   12 returned 1
branch 13 taken 0 (fallthrough)
branch 14 taken 1
    %%%%%:   86-block  1
call   15 never executed
call   16 never executed
branch 17 never executed
branch 18 never executed
    %%%%%:   86-block  2
call   19 never executed
call   20 never executed
call   21 never executed
call   22 never executed
branch 23 never executed
branch 24 never executed
    %%%%%:   86-block  3
call   25 never executed
call   26 never executed
call   27 never executed
branch 28 never executed
branch 29 never executed
    %%%%%:   86-block  4
call   30 never executed
call   31 never executed
branch 32 never executed
branch 33 never executed
    %%%%%:   86-block  5
call   34 never executed
call   35 never executed
call   36 never executed
call   37 never executed
call   38 never executed
call   39 never executed
        1:   86-block  6
call   40 returned 1
    $$$$$:   86-block  7
call   41 never executed
    $$$$$:   86-block  8
call   42 never executed
    $$$$$:   86-block  9
call   43 never executed
    $$$$$:   86-block 10
call   44 never executed
    $$$$$:   86-block 11
call   45 never executed
    $$$$$:   86-block 12
call   46 never executed
    $$$$$:   86-block 13
call   47 never executed
        1:   87:}
------------------
        -:   88:
        -:   89:
        -:   90:
        4:   91:TEST_F(test_stack, multiple_push_and_pop) {
        1:   92:    int v_pop1=0, v_pop2=0, v_pop3=0, v_peek=0;
        1:   93:    stack_push(s, 1);
        1:   94:    stack_push(s, 2);
        1:   95:    stack_push(s, 3);   // stack -> 3,2,1
        1:   96:    stack_pop(s, &v_pop1); // -> 2,1
        1:   97:    stack_push(s, 4);   // -> 4,2,1
        1:   98:    stack_pop(s, &v_pop2); // -> 2,1
        1:   99:    stack_pop(s, &v_pop3); // -> 1
        1:  100:    stack_push(s, 5);  // -> 5, 1
       1*:  101:    EXPECT_EQ(3, v_pop1);
       1*:  102:    EXPECT_EQ(4, v_pop2);
       1*:  103:    EXPECT_EQ(2, v_pop3);
       1*:  104:    EXPECT_EQ(2, stack_size(s));
       1*:  105:    EXPECT_FALSE(stack_is_empty(s));
       1*:  106:    EXPECT_TRUE(stack_peek(s, &v_peek));
        1:  107:    int ea[] = { 5, 1 }, a[2];
        1:  108:    stack_to_array(s, a);
       3*:  109:    EXPECT_ARRAY_EQ(ea, a);
        1:  110:}
------------------
_ZN37test_stack_multiple_push_and_pop_TestC2Ev:
function _ZN37test_stack_multiple_push_and_pop_TestC2Ev called 1 returned 100% blocks executed 100%
        1:   91:TEST_F(test_stack, multiple_push_and_pop) {
        1:   91-block  0
call    0 returned 1
call    1 returned 1
call    2 returned 1
call    3 returned 1
call    4 returned 1
------------------
_ZN37test_stack_multiple_push_and_pop_TestD0Ev:
function _ZN37test_stack_multiple_push_and_pop_TestD0Ev called 1 returned 100% blocks executed 100%
        1:   91:TEST_F(test_stack, multiple_push_and_pop) {
        1:   91-block  0
call    0 returned 1
call    1 returned 1
------------------
_ZN37test_stack_multiple_push_and_pop_TestD2Ev:
function _ZN37test_stack_multiple_push_and_pop_TestD2Ev called 1 returned 100% blocks executed 100%
        1:   91:TEST_F(test_stack, multiple_push_and_pop) {
        1:   91-block  0
call    0 returned 1
call    1 returned 1
call    2 returned 1
call    3 returned 1
call    4 returned 1
call    5 returned 1
call    6 returned 1
call    7 returned 1
------------------
_ZN37test_stack_multiple_push_and_pop_Test8TestBodyEv:
function _ZN37test_stack_multiple_push_and_pop_Test8TestBodyEv called 1 returned 100% blocks executed 42%
        1:   91:TEST_F(test_stack, multiple_push_and_pop) {
        1:   92:    int v_pop1=0, v_pop2=0, v_pop3=0, v_peek=0;
        1:   92-block  0
call    0 returned 1
call    1 returned 1
call    2 returned 1
call    3 returned 1
        1:   93:    stack_push(s, 1);
call    0 returned 1
call    1 returned 1
call    2 returned 1
call    3 returned 1
call    4 returned 1
call    5 returned 1
branch  6 taken 1 (fallthrough)
branch  7 taken 0 (throw)
        1:   94:    stack_push(s, 2);
        1:   94-block  0
call    0 returned 1
call    1 returned 1
call    2 returned 1
call    3 returned 1
call    4 returned 1
call    5 returned 1
branch  6 taken 1 (fallthrough)
branch  7 taken 0 (throw)
        1:   95:    stack_push(s, 3);   // stack -> 3,2,1
        1:   95-block  0
call    0 returned 1
call    1 returned 1
call    2 returned 1
call    3 returned 1
call    4 returned 1
call    5 returned 1
branch  6 taken 1 (fallthrough)
branch  7 taken 0 (throw)
        1:   96:    stack_pop(s, &v_pop1); // -> 2,1
        1:   96-block  0
call    0 returned 1
call    1 returned 1
call    2 returned 1
call    3 returned 1
call    4 returned 1
call    5 returned 1
branch  6 taken 1 (fallthrough)
branch  7 taken 0 (throw)
        1:   97:    stack_push(s, 4);   // -> 4,2,1
        1:   97-block  0
call    0 returned 1
call    1 returned 1
call    2 returned 1
call    3 returned 1
call    4 returned 1
call    5 returned 1
branch  6 taken 1 (fallthrough)
branch  7 taken 0 (throw)
        1:   98:    stack_pop(s, &v_pop2); // -> 2,1
        1:   98-block  0
call    0 returned 1
call    1 returned 1
call    2 returned 1
call    3 returned 1
call    4 returned 1
call    5 returned 1
branch  6 taken 1 (fallthrough)
branch  7 taken 0 (throw)
        1:   99:    stack_pop(s, &v_pop3); // -> 1
        1:   99-block  0
call    0 returned 1
call    1 returned 1
call    2 returned 1
call    3 returned 1
call    4 returned 1
call    5 returned 1
branch  6 taken 1 (fallthrough)
branch  7 taken 0 (throw)
        1:  100:    stack_push(s, 5);  // -> 5, 1
        1:  100-block  0
call    0 returned 1
call    1 returned 1
call    2 returned 1
call    3 returned 1
call    4 returned 1
call    5 returned 1
branch  6 taken 1 (fallthrough)
branch  7 taken 0 (throw)
       1*:  101:    EXPECT_EQ(3, v_pop1);
        1:  101-block  0
call    0 returned 1
call    1 returned 1
call    2 returned 1
call    3 returned 1
branch  4 taken 1 (fallthrough)
branch  5 taken 0 (throw)
        1:  101-block  1
call    6 returned 1
call    7 returned 1
branch  8 taken 0 (fallthrough)
branch  9 taken 1
    %%%%%:  101-block  2
call   10 never executed
call   11 never executed
branch 12 never executed
branch 13 never executed
    %%%%%:  101-block  3
call   14 never executed
call   15 never executed
call   16 never executed
call   17 never executed
branch 18 never executed
branch 19 never executed
    %%%%%:  101-block  4
call   20 never executed
call   21 never executed
branch 22 never executed
branch 23 never executed
    %%%%%:  101-block  5
call   24 never executed
call   25 never executed
call   26 never executed
call   27 never executed
        1:  101-block  6
call   28 returned 1
    $$$$$:  101-block  7
call   29 never executed
    $$$$$:  101-block  8
call   30 never executed
    $$$$$:  101-block  9
call   31 never executed
    $$$$$:  101-block 10
call   32 never executed
    $$$$$:  101-block 11
call   33 never executed
    $$$$$:  101-block 12
call   34 never executed
       1*:  102:    EXPECT_EQ(4, v_pop2);
call    0 returned 1
call    1 returned 1
call    2 returned 1
call    3 returned 1
branch  4 taken 1 (fallthrough)
branch  5 taken 0 (throw)
        1:  102-block  0
call    6 returned 1
call    7 returned 1
branch  8 taken 0 (fallthrough)
branch  9 taken 1
    %%%%%:  102-block  1
call   10 never executed
call   11 never executed
branch 12 never executed
branch 13 never executed
    %%%%%:  102-block  2
call   14 never executed
call   15 never executed
call   16 never executed
call   17 never executed
branch 18 never executed
branch 19 never executed
    %%%%%:  102-block  3
call   20 never executed
call   21 never executed
branch 22 never executed
branch 23 never executed
    %%%%%:  102-block  4
call   24 never executed
call   25 never executed
call   26 never executed
call   27 never executed
        1:  102-block  5
call   28 returned 1
    $$$$$:  102-block  6
call   29 never executed
    $$$$$:  102-block  7
call   30 never executed
    $$$$$:  102-block  8
call   31 never executed
    $$$$$:  102-block  9
call   32 never executed
    $$$$$:  102-block 10
call   33 never executed
    $$$$$:  102-block 11
call   34 never executed
       1*:  103:    EXPECT_EQ(2, v_pop3);
call    0 returned 1
call    1 returned 1
call    2 returned 1
call    3 returned 1
branch  4 taken 1 (fallthrough)
branch  5 taken 0 (throw)
        1:  103-block  0
call    6 returned 1
call    7 returned 1
branch  8 taken 0 (fallthrough)
branch  9 taken 1
    %%%%%:  103-block  1
call   10 never executed
call   11 never executed
branch 12 never executed
branch 13 never executed
    %%%%%:  103-block  2
call   14 never executed
call   15 never executed
call   16 never executed
call   17 never executed
branch 18 never executed
branch 19 never executed
    %%%%%:  103-block  3
call   20 never executed
call   21 never executed
branch 22 never executed
branch 23 never executed
    %%%%%:  103-block  4
call   24 never executed
call   25 never executed
call   26 never executed
call   27 never executed
        1:  103-block  5
call   28 returned 1
    $$$$$:  103-block  6
call   29 never executed
    $$$$$:  103-block  7
call   30 never executed
    $$$$$:  103-block  8
call   31 never executed
    $$$$$:  103-block  9
call   32 never executed
    $$$$$:  103-block 10
call   33 never executed
    $$$$$:  103-block 11
call   34 never executed
       1*:  104:    EXPECT_EQ(2, stack_size(s));
call    0 returned 1
call    1 returned 1
call    2 returned 1
call    3 returned 1
call    4 returned 1
call    5 returned 1
call    6 returned 1
call    7 returned 1
branch  8 taken 1 (fallthrough)
branch  9 taken 0 (throw)
        1:  104-block  0
call   10 returned 1
call   11 returned 1
call   12 returned 1
call   13 returned 1
branch 14 taken 1 (fallthrough)
branch 15 taken 0 (throw)
        1:  104-block  1
call   16 returned 1
call   17 returned 1
call   18 returned 1
branch 19 taken 0 (fallthrough)
branch 20 taken 1
    %%%%%:  104-block  2
call   21 never executed
call   22 never executed
branch 23 never executed
branch 24 never executed
    %%%%%:  104-block  3
call   25 never executed
call   26 never executed
call   27 never executed
call   28 never executed
branch 29 never executed
branch 30 never executed
    %%%%%:  104-block  4
call   31 never executed
call   32 never executed
branch 33 never executed
branch 34 never executed
    %%%%%:  104-block  5
call   35 never executed
call   36 never executed
call   37 never executed
call   38 never executed
        1:  104-block  6
call   39 returned 1
    $$$$$:  104-block  7
call   40 never executed
    $$$$$:  104-block  8
call   41 never executed
    $$$$$:  104-block  9
call   42 never executed
    $$$$$:  104-block 10
call   43 never executed
    $$$$$:  104-block 11
call   44 never executed
    $$$$$:  104-block 12
call   45 never executed
    $$$$$:  104-block 13
call   46 never executed
       1*:  105:    EXPECT_FALSE(stack_is_empty(s));
call    0 returned 1
call    1 returned 1
call    2 returned 1
call    3 returned 1
call    4 returned 1
call    5 returned 1
call    6 returned 1
call    7 returned 1
branch  8 taken 1 (fallthrough)
branch  9 taken 0 (throw)
        1:  105-block  0
call   10 returned 1
call   11 returned 1
call   12 returned 1
branch 13 taken 0 (fallthrough)
branch 14 taken 1
    %%%%%:  105-block  1
call   15 never executed
call   16 never executed
branch 17 never executed
branch 18 never executed
    %%%%%:  105-block  2
call   19 never executed
call   20 never executed
call   21 never executed
call   22 never executed
branch 23 never executed
branch 24 never executed
    %%%%%:  105-block  3
call   25 never executed
call   26 never executed
call   27 never executed
branch 28 never executed
branch 29 never executed
    %%%%%:  105-block  4
call   30 never executed
call   31 never executed
branch 32 never executed
branch 33 never executed
    %%%%%:  105-block  5
call   34 never executed
call   35 never executed
call   36 never executed
call   37 never executed
call   38 never executed
call   39 never executed
        1:  105-block  6
call   40 returned 1
    $$$$$:  105-block  7
call   41 never executed
    $$$$$:  105-block  8
call   42 never executed
    $$$$$:  105-block  9
call   43 never executed
    $$$$$:  105-block 10
call   44 never executed
    $$$$$:  105-block 11
call   45 never executed
    $$$$$:  105-block 12
call   46 never executed
    $$$$$:  105-block 13
call   47 never executed
       1*:  106:    EXPECT_TRUE(stack_peek(s, &v_peek));
call    0 returned 1
call    1 returned 1
call    2 returned 1
call    3 returned 1
call    4 returned 1
call    5 returned 1
call    6 returned 1
call    7 returned 1
branch  8 taken 1 (fallthrough)
branch  9 taken 0 (throw)
        1:  106-block  0
call   10 returned 1
call   11 returned 1
call   12 returned 1
branch 13 taken 0 (fallthrough)
branch 14 taken 1
    %%%%%:  106-block  1
call   15 never executed
call   16 never executed
branch 17 never executed
branch 18 never executed
    %%%%%:  106-block  2
call   19 never executed
call   20 never executed
call   21 never executed
call   22 never executed
branch 23 never executed
branch 24 never executed
    %%%%%:  106-block  3
call   25 never executed
call   26 never executed
call   27 never executed
branch 28 never executed
branch 29 never executed
    %%%%%:  106-block  4
call   30 never executed
call   31 never executed
branch 32 never executed
branch 33 never executed
    %%%%%:  106-block  5
call   34 never executed
call   35 never executed
call   36 never executed
call   37 never executed
call   38 never executed
call   39 never executed
        1:  106-block  6
call   40 returned 1
    $$$$$:  106-block  7
call   41 never executed
    $$$$$:  106-block  8
call   42 never executed
    $$$$$:  106-block  9
call   43 never executed
    $$$$$:  106-block 10
call   44 never executed
    $$$$$:  106-block 11
call   45 never executed
    $$$$$:  106-block 12
call   46 never executed
    $$$$$:  106-block 13
call   47 never executed
        1:  107:    int ea[] = { 5, 1 }, a[2];
call    0 returned 1
call    1 returned 1
        1:  108:    stack_to_array(s, a);
call    0 returned 1
call    1 returned 1
call    2 returned 1
call    3 returned 1
call    4 returned 1
call    5 returned 1
branch  6 taken 1 (fallthrough)
branch  7 taken 0 (throw)
       3*:  109:    EXPECT_ARRAY_EQ(ea, a);
        1:  109-block  0
call    0 returned 1
        3:  109-block  1
branch  1 taken 2 (fallthrough)
branch  2 taken 1
        2:  109-block  2
call    3 returned 2
call    4 returned 2
call    5 returned 2
call    6 returned 2
call    7 returned 2
call    8 returned 2
branch  9 taken 2 (fallthrough)
branch 10 taken 0 (throw)
        2:  109-block  3
call   11 returned 2
branch 12 taken 0 (fallthrough)
branch 13 taken 2
    %%%%%:  109-block  4
call   14 never executed
call   15 never executed
branch 16 never executed
branch 17 never executed
    %%%%%:  109-block  5
call   18 never executed
call   19 never executed
branch 20 never executed
branch 21 never executed
    %%%%%:  109-block  6
call   22 never executed
call   23 never executed
branch 24 never executed
branch 25 never executed
    %%%%%:  109-block  7
call   26 never executed
call   27 never executed
call   28 never executed
call   29 never executed
branch 30 never executed
branch 31 never executed
    %%%%%:  109-block  8
call   32 never executed
call   33 never executed
branch 34 never executed
branch 35 never executed
    %%%%%:  109-block  9
call   36 never executed
call   37 never executed
call   38 never executed
call   39 never executed
        2:  109-block 10
call   40 returned 2
    $$$$$:  109-block 11
call   41 never executed
    $$$$$:  109-block 12
call   42 never executed
    $$$$$:  109-block 13
call   43 never executed
    $$$$$:  109-block 14
call   44 never executed
    $$$$$:  109-block 15
call   45 never executed
        1:  110:}
------------------
